Tue Jun 22 13:34:45 EDT 2021
c26b-s22.ufhpc
[H[2J
nfile =

     3

-----------------------------------
Reading par00001.h5
Elapsed time is 0.942473 seconds.

-----------------------------------
Reading parout00002.h5
Elapsed time is 0.066242 seconds.

169579 particles have exited the domain
Elapsed time is 2.060028 seconds.

-----------------------------------
Reading parout00003.h5
Elapsed time is 0.098228 seconds.

201346 particles have exited the domain
Elapsed time is 2.072200 seconds.

-----------------------------------
Reading par00003.h5
2184 unaccounted particles have been removed
-----------------------------------
verify_remove
Elapsed time is 12.561609 seconds.

-----------------------------------
exit_time
Time difference b/w outputs is 1 sec
Final output time that is read is 2 sec
Elapsed time is 16.327949 seconds.
-----------------------------------
saving file
File saved
Elapsed time is 0.008426 seconds.
