Thu Jun 13 17:55:17 EDT 2024
c33b-s2.ufhpc

fpath =

    '/blue/bala/krishnap.kalivel/COVID/Sou2Snk_v2/room_31/dist_10m/Data'


spath =

    '/blue/bala/krishnap.kalivel/COVID/Sou2Snk_v2/room_31//dist_10m/Data_02'


nx =

    25


ny =

     8


nz =

    25


dist =

    10


text =

    'Source_nxi_001_nyi_001_nzi_001'


text =

    'Source_nxi_001_nyi_001_nzi_002'


text =

    'Source_nxi_001_nyi_001_nzi_003'


text =

    'Source_nxi_001_nyi_001_nzi_004'


text =

    'Source_nxi_001_nyi_001_nzi_005'


text =

    'Source_nxi_001_nyi_001_nzi_006'


text =

    'Source_nxi_001_nyi_001_nzi_007'


text =

    'Source_nxi_001_nyi_001_nzi_008'


text =

    'Source_nxi_001_nyi_001_nzi_009'


text =

    'Source_nxi_001_nyi_001_nzi_010'


text =

    'Source_nxi_001_nyi_001_nzi_011'


text =

    'Source_nxi_001_nyi_001_nzi_012'


text =

    'Source_nxi_001_nyi_001_nzi_013'


text =

    'Source_nxi_001_nyi_001_nzi_014'


text =

    'Source_nxi_001_nyi_001_nzi_015'


text =

    'Source_nxi_001_nyi_001_nzi_016'


text =

    'Source_nxi_001_nyi_001_nzi_017'


text =

    'Source_nxi_001_nyi_001_nzi_018'


text =

    'Source_nxi_001_nyi_001_nzi_019'


text =

    'Source_nxi_001_nyi_001_nzi_020'


text =

    'Source_nxi_001_nyi_001_nzi_021'


text =

    'Source_nxi_001_nyi_001_nzi_022'


text =

    'Source_nxi_001_nyi_001_nzi_023'


text =

    'Source_nxi_001_nyi_001_nzi_024'


text =

    'Source_nxi_001_nyi_001_nzi_025'

Elapsed time is 1.445717 seconds.

text =

    'Source_nxi_001_nyi_002_nzi_001'


text =

    'Source_nxi_001_nyi_002_nzi_002'


text =

    'Source_nxi_001_nyi_002_nzi_003'


text =

    'Source_nxi_001_nyi_002_nzi_004'


text =

    'Source_nxi_001_nyi_002_nzi_005'


text =

    'Source_nxi_001_nyi_002_nzi_006'


text =

    'Source_nxi_001_nyi_002_nzi_007'


text =

    'Source_nxi_001_nyi_002_nzi_008'


text =

    'Source_nxi_001_nyi_002_nzi_009'


text =

    'Source_nxi_001_nyi_002_nzi_010'


text =

    'Source_nxi_001_nyi_002_nzi_011'


text =

    'Source_nxi_001_nyi_002_nzi_012'


text =

    'Source_nxi_001_nyi_002_nzi_013'


text =

    'Source_nxi_001_nyi_002_nzi_014'


text =

    'Source_nxi_001_nyi_002_nzi_015'


text =

    'Source_nxi_001_nyi_002_nzi_016'


text =

    'Source_nxi_001_nyi_002_nzi_017'


text =

    'Source_nxi_001_nyi_002_nzi_018'


text =

    'Source_nxi_001_nyi_002_nzi_019'


text =

    'Source_nxi_001_nyi_002_nzi_020'


text =

    'Source_nxi_001_nyi_002_nzi_021'


text =

    'Source_nxi_001_nyi_002_nzi_022'


text =

    'Source_nxi_001_nyi_002_nzi_023'


text =

    'Source_nxi_001_nyi_002_nzi_024'


text =

    'Source_nxi_001_nyi_002_nzi_025'

Elapsed time is 1.111671 seconds.

text =

    'Source_nxi_001_nyi_003_nzi_001'


text =

    'Source_nxi_001_nyi_003_nzi_002'


text =

    'Source_nxi_001_nyi_003_nzi_003'


text =

    'Source_nxi_001_nyi_003_nzi_004'


text =

    'Source_nxi_001_nyi_003_nzi_005'


text =

    'Source_nxi_001_nyi_003_nzi_006'


text =

    'Source_nxi_001_nyi_003_nzi_007'


text =

    'Source_nxi_001_nyi_003_nzi_008'


text =

    'Source_nxi_001_nyi_003_nzi_009'


text =

    'Source_nxi_001_nyi_003_nzi_010'


text =

    'Source_nxi_001_nyi_003_nzi_011'


text =

    'Source_nxi_001_nyi_003_nzi_012'


text =

    'Source_nxi_001_nyi_003_nzi_013'


text =

    'Source_nxi_001_nyi_003_nzi_014'


text =

    'Source_nxi_001_nyi_003_nzi_015'


text =

    'Source_nxi_001_nyi_003_nzi_016'


text =

    'Source_nxi_001_nyi_003_nzi_017'


text =

    'Source_nxi_001_nyi_003_nzi_018'


text =

    'Source_nxi_001_nyi_003_nzi_019'


text =

    'Source_nxi_001_nyi_003_nzi_020'


text =

    'Source_nxi_001_nyi_003_nzi_021'


text =

    'Source_nxi_001_nyi_003_nzi_022'


text =

    'Source_nxi_001_nyi_003_nzi_023'


text =

    'Source_nxi_001_nyi_003_nzi_024'


text =

    'Source_nxi_001_nyi_003_nzi_025'

Elapsed time is 0.892280 seconds.

text =

    'Source_nxi_001_nyi_004_nzi_001'


text =

    'Source_nxi_001_nyi_004_nzi_002'


text =

    'Source_nxi_001_nyi_004_nzi_003'


text =

    'Source_nxi_001_nyi_004_nzi_004'


text =

    'Source_nxi_001_nyi_004_nzi_005'


text =

    'Source_nxi_001_nyi_004_nzi_006'


text =

    'Source_nxi_001_nyi_004_nzi_007'


text =

    'Source_nxi_001_nyi_004_nzi_008'


text =

    'Source_nxi_001_nyi_004_nzi_009'


text =

    'Source_nxi_001_nyi_004_nzi_010'


text =

    'Source_nxi_001_nyi_004_nzi_011'


text =

    'Source_nxi_001_nyi_004_nzi_012'


text =

    'Source_nxi_001_nyi_004_nzi_013'


text =

    'Source_nxi_001_nyi_004_nzi_014'


text =

    'Source_nxi_001_nyi_004_nzi_015'


text =

    'Source_nxi_001_nyi_004_nzi_016'


text =

    'Source_nxi_001_nyi_004_nzi_017'


text =

    'Source_nxi_001_nyi_004_nzi_018'


text =

    'Source_nxi_001_nyi_004_nzi_019'


text =

    'Source_nxi_001_nyi_004_nzi_020'


text =

    'Source_nxi_001_nyi_004_nzi_021'


text =

    'Source_nxi_001_nyi_004_nzi_022'


text =

    'Source_nxi_001_nyi_004_nzi_023'


text =

    'Source_nxi_001_nyi_004_nzi_024'


text =

    'Source_nxi_001_nyi_004_nzi_025'

Elapsed time is 0.936961 seconds.

text =

    'Source_nxi_001_nyi_005_nzi_001'


text =

    'Source_nxi_001_nyi_005_nzi_002'


text =

    'Source_nxi_001_nyi_005_nzi_003'


text =

    'Source_nxi_001_nyi_005_nzi_004'


text =

    'Source_nxi_001_nyi_005_nzi_005'


text =

    'Source_nxi_001_nyi_005_nzi_006'


text =

    'Source_nxi_001_nyi_005_nzi_007'


text =

    'Source_nxi_001_nyi_005_nzi_008'


text =

    'Source_nxi_001_nyi_005_nzi_009'


text =

    'Source_nxi_001_nyi_005_nzi_010'


text =

    'Source_nxi_001_nyi_005_nzi_011'


text =

    'Source_nxi_001_nyi_005_nzi_012'


text =

    'Source_nxi_001_nyi_005_nzi_013'


text =

    'Source_nxi_001_nyi_005_nzi_014'


text =

    'Source_nxi_001_nyi_005_nzi_015'


text =

    'Source_nxi_001_nyi_005_nzi_016'


text =

    'Source_nxi_001_nyi_005_nzi_017'


text =

    'Source_nxi_001_nyi_005_nzi_018'


text =

    'Source_nxi_001_nyi_005_nzi_019'


text =

    'Source_nxi_001_nyi_005_nzi_020'


text =

    'Source_nxi_001_nyi_005_nzi_021'


text =

    'Source_nxi_001_nyi_005_nzi_022'


text =

    'Source_nxi_001_nyi_005_nzi_023'


text =

    'Source_nxi_001_nyi_005_nzi_024'


text =

    'Source_nxi_001_nyi_005_nzi_025'

Elapsed time is 0.903547 seconds.

text =

    'Source_nxi_001_nyi_006_nzi_001'


text =

    'Source_nxi_001_nyi_006_nzi_002'


text =

    'Source_nxi_001_nyi_006_nzi_003'


text =

    'Source_nxi_001_nyi_006_nzi_004'


text =

    'Source_nxi_001_nyi_006_nzi_005'


text =

    'Source_nxi_001_nyi_006_nzi_006'


text =

    'Source_nxi_001_nyi_006_nzi_007'


text =

    'Source_nxi_001_nyi_006_nzi_008'


text =

    'Source_nxi_001_nyi_006_nzi_009'


text =

    'Source_nxi_001_nyi_006_nzi_010'


text =

    'Source_nxi_001_nyi_006_nzi_011'


text =

    'Source_nxi_001_nyi_006_nzi_012'


text =

    'Source_nxi_001_nyi_006_nzi_013'


text =

    'Source_nxi_001_nyi_006_nzi_014'


text =

    'Source_nxi_001_nyi_006_nzi_015'


text =

    'Source_nxi_001_nyi_006_nzi_016'


text =

    'Source_nxi_001_nyi_006_nzi_017'


text =

    'Source_nxi_001_nyi_006_nzi_018'


text =

    'Source_nxi_001_nyi_006_nzi_019'


text =

    'Source_nxi_001_nyi_006_nzi_020'


text =

    'Source_nxi_001_nyi_006_nzi_021'


text =

    'Source_nxi_001_nyi_006_nzi_022'


text =

    'Source_nxi_001_nyi_006_nzi_023'


text =

    'Source_nxi_001_nyi_006_nzi_024'


text =

    'Source_nxi_001_nyi_006_nzi_025'

Elapsed time is 0.839580 seconds.

text =

    'Source_nxi_001_nyi_007_nzi_001'


text =

    'Source_nxi_001_nyi_007_nzi_002'


text =

    'Source_nxi_001_nyi_007_nzi_003'


text =

    'Source_nxi_001_nyi_007_nzi_004'


text =

    'Source_nxi_001_nyi_007_nzi_005'


text =

    'Source_nxi_001_nyi_007_nzi_006'


text =

    'Source_nxi_001_nyi_007_nzi_007'


text =

    'Source_nxi_001_nyi_007_nzi_008'


text =

    'Source_nxi_001_nyi_007_nzi_009'


text =

    'Source_nxi_001_nyi_007_nzi_010'


text =

    'Source_nxi_001_nyi_007_nzi_011'


text =

    'Source_nxi_001_nyi_007_nzi_012'


text =

    'Source_nxi_001_nyi_007_nzi_013'


text =

    'Source_nxi_001_nyi_007_nzi_014'


text =

    'Source_nxi_001_nyi_007_nzi_015'


text =

    'Source_nxi_001_nyi_007_nzi_016'


text =

    'Source_nxi_001_nyi_007_nzi_017'


text =

    'Source_nxi_001_nyi_007_nzi_018'


text =

    'Source_nxi_001_nyi_007_nzi_019'


text =

    'Source_nxi_001_nyi_007_nzi_020'


text =

    'Source_nxi_001_nyi_007_nzi_021'


text =

    'Source_nxi_001_nyi_007_nzi_022'


text =

    'Source_nxi_001_nyi_007_nzi_023'


text =

    'Source_nxi_001_nyi_007_nzi_024'


text =

    'Source_nxi_001_nyi_007_nzi_025'

Elapsed time is 0.894082 seconds.

text =

    'Source_nxi_001_nyi_008_nzi_001'


text =

    'Source_nxi_001_nyi_008_nzi_002'


text =

    'Source_nxi_001_nyi_008_nzi_003'


text =

    'Source_nxi_001_nyi_008_nzi_004'


text =

    'Source_nxi_001_nyi_008_nzi_005'


text =

    'Source_nxi_001_nyi_008_nzi_006'


text =

    'Source_nxi_001_nyi_008_nzi_007'


text =

    'Source_nxi_001_nyi_008_nzi_008'


text =

    'Source_nxi_001_nyi_008_nzi_009'


text =

    'Source_nxi_001_nyi_008_nzi_010'


text =

    'Source_nxi_001_nyi_008_nzi_011'


text =

    'Source_nxi_001_nyi_008_nzi_012'


text =

    'Source_nxi_001_nyi_008_nzi_013'


text =

    'Source_nxi_001_nyi_008_nzi_014'


text =

    'Source_nxi_001_nyi_008_nzi_015'


text =

    'Source_nxi_001_nyi_008_nzi_016'


text =

    'Source_nxi_001_nyi_008_nzi_017'


text =

    'Source_nxi_001_nyi_008_nzi_018'


text =

    'Source_nxi_001_nyi_008_nzi_019'


text =

    'Source_nxi_001_nyi_008_nzi_020'


text =

    'Source_nxi_001_nyi_008_nzi_021'


text =

    'Source_nxi_001_nyi_008_nzi_022'


text =

    'Source_nxi_001_nyi_008_nzi_023'


text =

    'Source_nxi_001_nyi_008_nzi_024'


text =

    'Source_nxi_001_nyi_008_nzi_025'

Elapsed time is 0.928682 seconds.

text =

    'Source_nxi_002_nyi_001_nzi_001'


text =

    'Source_nxi_002_nyi_001_nzi_002'


text =

    'Source_nxi_002_nyi_001_nzi_003'


text =

    'Source_nxi_002_nyi_001_nzi_004'


text =

    'Source_nxi_002_nyi_001_nzi_005'


text =

    'Source_nxi_002_nyi_001_nzi_006'


text =

    'Source_nxi_002_nyi_001_nzi_007'


text =

    'Source_nxi_002_nyi_001_nzi_008'


text =

    'Source_nxi_002_nyi_001_nzi_009'


text =

    'Source_nxi_002_nyi_001_nzi_010'


text =

    'Source_nxi_002_nyi_001_nzi_011'


text =

    'Source_nxi_002_nyi_001_nzi_012'


text =

    'Source_nxi_002_nyi_001_nzi_013'


text =

    'Source_nxi_002_nyi_001_nzi_014'


text =

    'Source_nxi_002_nyi_001_nzi_015'


text =

    'Source_nxi_002_nyi_001_nzi_016'


text =

    'Source_nxi_002_nyi_001_nzi_017'


text =

    'Source_nxi_002_nyi_001_nzi_018'


text =

    'Source_nxi_002_nyi_001_nzi_019'


text =

    'Source_nxi_002_nyi_001_nzi_020'


text =

    'Source_nxi_002_nyi_001_nzi_021'


text =

    'Source_nxi_002_nyi_001_nzi_022'


text =

    'Source_nxi_002_nyi_001_nzi_023'


text =

    'Source_nxi_002_nyi_001_nzi_024'


text =

    'Source_nxi_002_nyi_001_nzi_025'

Elapsed time is 0.711747 seconds.

text =

    'Source_nxi_002_nyi_002_nzi_001'


text =

    'Source_nxi_002_nyi_002_nzi_002'


text =

    'Source_nxi_002_nyi_002_nzi_003'


text =

    'Source_nxi_002_nyi_002_nzi_004'


text =

    'Source_nxi_002_nyi_002_nzi_005'


text =

    'Source_nxi_002_nyi_002_nzi_006'


text =

    'Source_nxi_002_nyi_002_nzi_007'


text =

    'Source_nxi_002_nyi_002_nzi_008'


text =

    'Source_nxi_002_nyi_002_nzi_009'


text =

    'Source_nxi_002_nyi_002_nzi_010'


text =

    'Source_nxi_002_nyi_002_nzi_011'


text =

    'Source_nxi_002_nyi_002_nzi_012'


text =

    'Source_nxi_002_nyi_002_nzi_013'


text =

    'Source_nxi_002_nyi_002_nzi_014'


text =

    'Source_nxi_002_nyi_002_nzi_015'


text =

    'Source_nxi_002_nyi_002_nzi_016'


text =

    'Source_nxi_002_nyi_002_nzi_017'


text =

    'Source_nxi_002_nyi_002_nzi_018'


text =

    'Source_nxi_002_nyi_002_nzi_019'


text =

    'Source_nxi_002_nyi_002_nzi_020'


text =

    'Source_nxi_002_nyi_002_nzi_021'


text =

    'Source_nxi_002_nyi_002_nzi_022'


text =

    'Source_nxi_002_nyi_002_nzi_023'


text =

    'Source_nxi_002_nyi_002_nzi_024'


text =

    'Source_nxi_002_nyi_002_nzi_025'

Elapsed time is 0.670809 seconds.

text =

    'Source_nxi_002_nyi_003_nzi_001'


text =

    'Source_nxi_002_nyi_003_nzi_002'


text =

    'Source_nxi_002_nyi_003_nzi_003'


text =

    'Source_nxi_002_nyi_003_nzi_004'


text =

    'Source_nxi_002_nyi_003_nzi_005'


text =

    'Source_nxi_002_nyi_003_nzi_006'


text =

    'Source_nxi_002_nyi_003_nzi_007'


text =

    'Source_nxi_002_nyi_003_nzi_008'


text =

    'Source_nxi_002_nyi_003_nzi_009'


text =

    'Source_nxi_002_nyi_003_nzi_010'


text =

    'Source_nxi_002_nyi_003_nzi_011'


text =

    'Source_nxi_002_nyi_003_nzi_012'


text =

    'Source_nxi_002_nyi_003_nzi_013'


text =

    'Source_nxi_002_nyi_003_nzi_014'


text =

    'Source_nxi_002_nyi_003_nzi_015'


text =

    'Source_nxi_002_nyi_003_nzi_016'


text =

    'Source_nxi_002_nyi_003_nzi_017'


text =

    'Source_nxi_002_nyi_003_nzi_018'


text =

    'Source_nxi_002_nyi_003_nzi_019'


text =

    'Source_nxi_002_nyi_003_nzi_020'


text =

    'Source_nxi_002_nyi_003_nzi_021'


text =

    'Source_nxi_002_nyi_003_nzi_022'


text =

    'Source_nxi_002_nyi_003_nzi_023'


text =

    'Source_nxi_002_nyi_003_nzi_024'


text =

    'Source_nxi_002_nyi_003_nzi_025'

Elapsed time is 0.652940 seconds.

text =

    'Source_nxi_002_nyi_004_nzi_001'


text =

    'Source_nxi_002_nyi_004_nzi_002'


text =

    'Source_nxi_002_nyi_004_nzi_003'


text =

    'Source_nxi_002_nyi_004_nzi_004'


text =

    'Source_nxi_002_nyi_004_nzi_005'


text =

    'Source_nxi_002_nyi_004_nzi_006'


text =

    'Source_nxi_002_nyi_004_nzi_007'


text =

    'Source_nxi_002_nyi_004_nzi_008'


text =

    'Source_nxi_002_nyi_004_nzi_009'


text =

    'Source_nxi_002_nyi_004_nzi_010'


text =

    'Source_nxi_002_nyi_004_nzi_011'


text =

    'Source_nxi_002_nyi_004_nzi_012'


text =

    'Source_nxi_002_nyi_004_nzi_013'


text =

    'Source_nxi_002_nyi_004_nzi_014'


text =

    'Source_nxi_002_nyi_004_nzi_015'


text =

    'Source_nxi_002_nyi_004_nzi_016'


text =

    'Source_nxi_002_nyi_004_nzi_017'


text =

    'Source_nxi_002_nyi_004_nzi_018'


text =

    'Source_nxi_002_nyi_004_nzi_019'


text =

    'Source_nxi_002_nyi_004_nzi_020'


text =

    'Source_nxi_002_nyi_004_nzi_021'


text =

    'Source_nxi_002_nyi_004_nzi_022'


text =

    'Source_nxi_002_nyi_004_nzi_023'


text =

    'Source_nxi_002_nyi_004_nzi_024'


text =

    'Source_nxi_002_nyi_004_nzi_025'

Elapsed time is 0.684545 seconds.

text =

    'Source_nxi_002_nyi_005_nzi_001'


text =

    'Source_nxi_002_nyi_005_nzi_002'


text =

    'Source_nxi_002_nyi_005_nzi_003'


text =

    'Source_nxi_002_nyi_005_nzi_004'


text =

    'Source_nxi_002_nyi_005_nzi_005'


text =

    'Source_nxi_002_nyi_005_nzi_006'


text =

    'Source_nxi_002_nyi_005_nzi_007'


text =

    'Source_nxi_002_nyi_005_nzi_008'


text =

    'Source_nxi_002_nyi_005_nzi_009'


text =

    'Source_nxi_002_nyi_005_nzi_010'


text =

    'Source_nxi_002_nyi_005_nzi_011'


text =

    'Source_nxi_002_nyi_005_nzi_012'


text =

    'Source_nxi_002_nyi_005_nzi_013'


text =

    'Source_nxi_002_nyi_005_nzi_014'


text =

    'Source_nxi_002_nyi_005_nzi_015'


text =

    'Source_nxi_002_nyi_005_nzi_016'


text =

    'Source_nxi_002_nyi_005_nzi_017'


text =

    'Source_nxi_002_nyi_005_nzi_018'


text =

    'Source_nxi_002_nyi_005_nzi_019'


text =

    'Source_nxi_002_nyi_005_nzi_020'


text =

    'Source_nxi_002_nyi_005_nzi_021'


text =

    'Source_nxi_002_nyi_005_nzi_022'


text =

    'Source_nxi_002_nyi_005_nzi_023'


text =

    'Source_nxi_002_nyi_005_nzi_024'


text =

    'Source_nxi_002_nyi_005_nzi_025'

Elapsed time is 0.647560 seconds.

text =

    'Source_nxi_002_nyi_006_nzi_001'


text =

    'Source_nxi_002_nyi_006_nzi_002'


text =

    'Source_nxi_002_nyi_006_nzi_003'


text =

    'Source_nxi_002_nyi_006_nzi_004'


text =

    'Source_nxi_002_nyi_006_nzi_005'


text =

    'Source_nxi_002_nyi_006_nzi_006'


text =

    'Source_nxi_002_nyi_006_nzi_007'


text =

    'Source_nxi_002_nyi_006_nzi_008'


text =

    'Source_nxi_002_nyi_006_nzi_009'


text =

    'Source_nxi_002_nyi_006_nzi_010'


text =

    'Source_nxi_002_nyi_006_nzi_011'


text =

    'Source_nxi_002_nyi_006_nzi_012'


text =

    'Source_nxi_002_nyi_006_nzi_013'


text =

    'Source_nxi_002_nyi_006_nzi_014'


text =

    'Source_nxi_002_nyi_006_nzi_015'


text =

    'Source_nxi_002_nyi_006_nzi_016'


text =

    'Source_nxi_002_nyi_006_nzi_017'


text =

    'Source_nxi_002_nyi_006_nzi_018'


text =

    'Source_nxi_002_nyi_006_nzi_019'


text =

    'Source_nxi_002_nyi_006_nzi_020'


text =

    'Source_nxi_002_nyi_006_nzi_021'


text =

    'Source_nxi_002_nyi_006_nzi_022'


text =

    'Source_nxi_002_nyi_006_nzi_023'


text =

    'Source_nxi_002_nyi_006_nzi_024'


text =

    'Source_nxi_002_nyi_006_nzi_025'

Elapsed time is 0.564315 seconds.

text =

    'Source_nxi_002_nyi_007_nzi_001'


text =

    'Source_nxi_002_nyi_007_nzi_002'


text =

    'Source_nxi_002_nyi_007_nzi_003'


text =

    'Source_nxi_002_nyi_007_nzi_004'


text =

    'Source_nxi_002_nyi_007_nzi_005'


text =

    'Source_nxi_002_nyi_007_nzi_006'


text =

    'Source_nxi_002_nyi_007_nzi_007'


text =

    'Source_nxi_002_nyi_007_nzi_008'


text =

    'Source_nxi_002_nyi_007_nzi_009'


text =

    'Source_nxi_002_nyi_007_nzi_010'


text =

    'Source_nxi_002_nyi_007_nzi_011'


text =

    'Source_nxi_002_nyi_007_nzi_012'


text =

    'Source_nxi_002_nyi_007_nzi_013'


text =

    'Source_nxi_002_nyi_007_nzi_014'


text =

    'Source_nxi_002_nyi_007_nzi_015'


text =

    'Source_nxi_002_nyi_007_nzi_016'


text =

    'Source_nxi_002_nyi_007_nzi_017'


text =

    'Source_nxi_002_nyi_007_nzi_018'


text =

    'Source_nxi_002_nyi_007_nzi_019'


text =

    'Source_nxi_002_nyi_007_nzi_020'


text =

    'Source_nxi_002_nyi_007_nzi_021'


text =

    'Source_nxi_002_nyi_007_nzi_022'


text =

    'Source_nxi_002_nyi_007_nzi_023'


text =

    'Source_nxi_002_nyi_007_nzi_024'


text =

    'Source_nxi_002_nyi_007_nzi_025'

Elapsed time is 0.619186 seconds.

text =

    'Source_nxi_002_nyi_008_nzi_001'


text =

    'Source_nxi_002_nyi_008_nzi_002'


text =

    'Source_nxi_002_nyi_008_nzi_003'


text =

    'Source_nxi_002_nyi_008_nzi_004'


text =

    'Source_nxi_002_nyi_008_nzi_005'


text =

    'Source_nxi_002_nyi_008_nzi_006'


text =

    'Source_nxi_002_nyi_008_nzi_007'


text =

    'Source_nxi_002_nyi_008_nzi_008'


text =

    'Source_nxi_002_nyi_008_nzi_009'


text =

    'Source_nxi_002_nyi_008_nzi_010'


text =

    'Source_nxi_002_nyi_008_nzi_011'


text =

    'Source_nxi_002_nyi_008_nzi_012'


text =

    'Source_nxi_002_nyi_008_nzi_013'


text =

    'Source_nxi_002_nyi_008_nzi_014'


text =

    'Source_nxi_002_nyi_008_nzi_015'


text =

    'Source_nxi_002_nyi_008_nzi_016'


text =

    'Source_nxi_002_nyi_008_nzi_017'


text =

    'Source_nxi_002_nyi_008_nzi_018'


text =

    'Source_nxi_002_nyi_008_nzi_019'


text =

    'Source_nxi_002_nyi_008_nzi_020'


text =

    'Source_nxi_002_nyi_008_nzi_021'


text =

    'Source_nxi_002_nyi_008_nzi_022'


text =

    'Source_nxi_002_nyi_008_nzi_023'


text =

    'Source_nxi_002_nyi_008_nzi_024'


text =

    'Source_nxi_002_nyi_008_nzi_025'

Elapsed time is 0.798155 seconds.

text =

    'Source_nxi_003_nyi_001_nzi_001'


text =

    'Source_nxi_003_nyi_001_nzi_002'


text =

    'Source_nxi_003_nyi_001_nzi_003'


text =

    'Source_nxi_003_nyi_001_nzi_004'


text =

    'Source_nxi_003_nyi_001_nzi_005'


text =

    'Source_nxi_003_nyi_001_nzi_006'


text =

    'Source_nxi_003_nyi_001_nzi_007'


text =

    'Source_nxi_003_nyi_001_nzi_008'


text =

    'Source_nxi_003_nyi_001_nzi_009'


text =

    'Source_nxi_003_nyi_001_nzi_010'


text =

    'Source_nxi_003_nyi_001_nzi_011'


text =

    'Source_nxi_003_nyi_001_nzi_012'


text =

    'Source_nxi_003_nyi_001_nzi_013'


text =

    'Source_nxi_003_nyi_001_nzi_014'


text =

    'Source_nxi_003_nyi_001_nzi_015'


text =

    'Source_nxi_003_nyi_001_nzi_016'


text =

    'Source_nxi_003_nyi_001_nzi_017'


text =

    'Source_nxi_003_nyi_001_nzi_018'


text =

    'Source_nxi_003_nyi_001_nzi_019'


text =

    'Source_nxi_003_nyi_001_nzi_020'


text =

    'Source_nxi_003_nyi_001_nzi_021'


text =

    'Source_nxi_003_nyi_001_nzi_022'


text =

    'Source_nxi_003_nyi_001_nzi_023'


text =

    'Source_nxi_003_nyi_001_nzi_024'


text =

    'Source_nxi_003_nyi_001_nzi_025'

Elapsed time is 0.537001 seconds.

text =

    'Source_nxi_003_nyi_002_nzi_001'


text =

    'Source_nxi_003_nyi_002_nzi_002'


text =

    'Source_nxi_003_nyi_002_nzi_003'


text =

    'Source_nxi_003_nyi_002_nzi_004'


text =

    'Source_nxi_003_nyi_002_nzi_005'


text =

    'Source_nxi_003_nyi_002_nzi_006'


text =

    'Source_nxi_003_nyi_002_nzi_007'


text =

    'Source_nxi_003_nyi_002_nzi_008'


text =

    'Source_nxi_003_nyi_002_nzi_009'


text =

    'Source_nxi_003_nyi_002_nzi_010'


text =

    'Source_nxi_003_nyi_002_nzi_011'


text =

    'Source_nxi_003_nyi_002_nzi_012'


text =

    'Source_nxi_003_nyi_002_nzi_013'


text =

    'Source_nxi_003_nyi_002_nzi_014'


text =

    'Source_nxi_003_nyi_002_nzi_015'


text =

    'Source_nxi_003_nyi_002_nzi_016'


text =

    'Source_nxi_003_nyi_002_nzi_017'


text =

    'Source_nxi_003_nyi_002_nzi_018'


text =

    'Source_nxi_003_nyi_002_nzi_019'


text =

    'Source_nxi_003_nyi_002_nzi_020'


text =

    'Source_nxi_003_nyi_002_nzi_021'


text =

    'Source_nxi_003_nyi_002_nzi_022'


text =

    'Source_nxi_003_nyi_002_nzi_023'


text =

    'Source_nxi_003_nyi_002_nzi_024'


text =

    'Source_nxi_003_nyi_002_nzi_025'

Elapsed time is 0.513547 seconds.

text =

    'Source_nxi_003_nyi_003_nzi_001'


text =

    'Source_nxi_003_nyi_003_nzi_002'


text =

    'Source_nxi_003_nyi_003_nzi_003'


text =

    'Source_nxi_003_nyi_003_nzi_004'


text =

    'Source_nxi_003_nyi_003_nzi_005'


text =

    'Source_nxi_003_nyi_003_nzi_006'


text =

    'Source_nxi_003_nyi_003_nzi_007'


text =

    'Source_nxi_003_nyi_003_nzi_008'


text =

    'Source_nxi_003_nyi_003_nzi_009'


text =

    'Source_nxi_003_nyi_003_nzi_010'


text =

    'Source_nxi_003_nyi_003_nzi_011'


text =

    'Source_nxi_003_nyi_003_nzi_012'


text =

    'Source_nxi_003_nyi_003_nzi_013'


text =

    'Source_nxi_003_nyi_003_nzi_014'


text =

    'Source_nxi_003_nyi_003_nzi_015'


text =

    'Source_nxi_003_nyi_003_nzi_016'


text =

    'Source_nxi_003_nyi_003_nzi_017'


text =

    'Source_nxi_003_nyi_003_nzi_018'


text =

    'Source_nxi_003_nyi_003_nzi_019'


text =

    'Source_nxi_003_nyi_003_nzi_020'


text =

    'Source_nxi_003_nyi_003_nzi_021'


text =

    'Source_nxi_003_nyi_003_nzi_022'


text =

    'Source_nxi_003_nyi_003_nzi_023'


text =

    'Source_nxi_003_nyi_003_nzi_024'


text =

    'Source_nxi_003_nyi_003_nzi_025'

Elapsed time is 0.481943 seconds.

text =

    'Source_nxi_003_nyi_004_nzi_001'


text =

    'Source_nxi_003_nyi_004_nzi_002'


text =

    'Source_nxi_003_nyi_004_nzi_003'


text =

    'Source_nxi_003_nyi_004_nzi_004'


text =

    'Source_nxi_003_nyi_004_nzi_005'


text =

    'Source_nxi_003_nyi_004_nzi_006'


text =

    'Source_nxi_003_nyi_004_nzi_007'


text =

    'Source_nxi_003_nyi_004_nzi_008'


text =

    'Source_nxi_003_nyi_004_nzi_009'


text =

    'Source_nxi_003_nyi_004_nzi_010'


text =

    'Source_nxi_003_nyi_004_nzi_011'


text =

    'Source_nxi_003_nyi_004_nzi_012'


text =

    'Source_nxi_003_nyi_004_nzi_013'


text =

    'Source_nxi_003_nyi_004_nzi_014'


text =

    'Source_nxi_003_nyi_004_nzi_015'


text =

    'Source_nxi_003_nyi_004_nzi_016'


text =

    'Source_nxi_003_nyi_004_nzi_017'


text =

    'Source_nxi_003_nyi_004_nzi_018'


text =

    'Source_nxi_003_nyi_004_nzi_019'


text =

    'Source_nxi_003_nyi_004_nzi_020'


text =

    'Source_nxi_003_nyi_004_nzi_021'


text =

    'Source_nxi_003_nyi_004_nzi_022'


text =

    'Source_nxi_003_nyi_004_nzi_023'


text =

    'Source_nxi_003_nyi_004_nzi_024'


text =

    'Source_nxi_003_nyi_004_nzi_025'

Elapsed time is 0.526432 seconds.

text =

    'Source_nxi_003_nyi_005_nzi_001'


text =

    'Source_nxi_003_nyi_005_nzi_002'


text =

    'Source_nxi_003_nyi_005_nzi_003'


text =

    'Source_nxi_003_nyi_005_nzi_004'


text =

    'Source_nxi_003_nyi_005_nzi_005'


text =

    'Source_nxi_003_nyi_005_nzi_006'


text =

    'Source_nxi_003_nyi_005_nzi_007'


text =

    'Source_nxi_003_nyi_005_nzi_008'


text =

    'Source_nxi_003_nyi_005_nzi_009'


text =

    'Source_nxi_003_nyi_005_nzi_010'


text =

    'Source_nxi_003_nyi_005_nzi_011'


text =

    'Source_nxi_003_nyi_005_nzi_012'


text =

    'Source_nxi_003_nyi_005_nzi_013'


text =

    'Source_nxi_003_nyi_005_nzi_014'


text =

    'Source_nxi_003_nyi_005_nzi_015'


text =

    'Source_nxi_003_nyi_005_nzi_016'


text =

    'Source_nxi_003_nyi_005_nzi_017'


text =

    'Source_nxi_003_nyi_005_nzi_018'


text =

    'Source_nxi_003_nyi_005_nzi_019'


text =

    'Source_nxi_003_nyi_005_nzi_020'


text =

    'Source_nxi_003_nyi_005_nzi_021'


text =

    'Source_nxi_003_nyi_005_nzi_022'


text =

    'Source_nxi_003_nyi_005_nzi_023'


text =

    'Source_nxi_003_nyi_005_nzi_024'


text =

    'Source_nxi_003_nyi_005_nzi_025'

Elapsed time is 0.553731 seconds.

text =

    'Source_nxi_003_nyi_006_nzi_001'


text =

    'Source_nxi_003_nyi_006_nzi_002'


text =

    'Source_nxi_003_nyi_006_nzi_003'


text =

    'Source_nxi_003_nyi_006_nzi_004'


text =

    'Source_nxi_003_nyi_006_nzi_005'


text =

    'Source_nxi_003_nyi_006_nzi_006'


text =

    'Source_nxi_003_nyi_006_nzi_007'


text =

    'Source_nxi_003_nyi_006_nzi_008'


text =

    'Source_nxi_003_nyi_006_nzi_009'


text =

    'Source_nxi_003_nyi_006_nzi_010'


text =

    'Source_nxi_003_nyi_006_nzi_011'


text =

    'Source_nxi_003_nyi_006_nzi_012'


text =

    'Source_nxi_003_nyi_006_nzi_013'


text =

    'Source_nxi_003_nyi_006_nzi_014'


text =

    'Source_nxi_003_nyi_006_nzi_015'


text =

    'Source_nxi_003_nyi_006_nzi_016'


text =

    'Source_nxi_003_nyi_006_nzi_017'


text =

    'Source_nxi_003_nyi_006_nzi_018'


text =

    'Source_nxi_003_nyi_006_nzi_019'


text =

    'Source_nxi_003_nyi_006_nzi_020'


text =

    'Source_nxi_003_nyi_006_nzi_021'


text =

    'Source_nxi_003_nyi_006_nzi_022'


text =

    'Source_nxi_003_nyi_006_nzi_023'


text =

    'Source_nxi_003_nyi_006_nzi_024'


text =

    'Source_nxi_003_nyi_006_nzi_025'

Elapsed time is 0.486345 seconds.

text =

    'Source_nxi_003_nyi_007_nzi_001'


text =

    'Source_nxi_003_nyi_007_nzi_002'


text =

    'Source_nxi_003_nyi_007_nzi_003'


text =

    'Source_nxi_003_nyi_007_nzi_004'


text =

    'Source_nxi_003_nyi_007_nzi_005'


text =

    'Source_nxi_003_nyi_007_nzi_006'


text =

    'Source_nxi_003_nyi_007_nzi_007'


text =

    'Source_nxi_003_nyi_007_nzi_008'


text =

    'Source_nxi_003_nyi_007_nzi_009'


text =

    'Source_nxi_003_nyi_007_nzi_010'


text =

    'Source_nxi_003_nyi_007_nzi_011'


text =

    'Source_nxi_003_nyi_007_nzi_012'


text =

    'Source_nxi_003_nyi_007_nzi_013'


text =

    'Source_nxi_003_nyi_007_nzi_014'


text =

    'Source_nxi_003_nyi_007_nzi_015'


text =

    'Source_nxi_003_nyi_007_nzi_016'


text =

    'Source_nxi_003_nyi_007_nzi_017'


text =

    'Source_nxi_003_nyi_007_nzi_018'


text =

    'Source_nxi_003_nyi_007_nzi_019'


text =

    'Source_nxi_003_nyi_007_nzi_020'


text =

    'Source_nxi_003_nyi_007_nzi_021'


text =

    'Source_nxi_003_nyi_007_nzi_022'


text =

    'Source_nxi_003_nyi_007_nzi_023'


text =

    'Source_nxi_003_nyi_007_nzi_024'


text =

    'Source_nxi_003_nyi_007_nzi_025'

Elapsed time is 0.521883 seconds.

text =

    'Source_nxi_003_nyi_008_nzi_001'


text =

    'Source_nxi_003_nyi_008_nzi_002'


text =

    'Source_nxi_003_nyi_008_nzi_003'


text =

    'Source_nxi_003_nyi_008_nzi_004'


text =

    'Source_nxi_003_nyi_008_nzi_005'


text =

    'Source_nxi_003_nyi_008_nzi_006'


text =

    'Source_nxi_003_nyi_008_nzi_007'


text =

    'Source_nxi_003_nyi_008_nzi_008'


text =

    'Source_nxi_003_nyi_008_nzi_009'


text =

    'Source_nxi_003_nyi_008_nzi_010'


text =

    'Source_nxi_003_nyi_008_nzi_011'


text =

    'Source_nxi_003_nyi_008_nzi_012'


text =

    'Source_nxi_003_nyi_008_nzi_013'


text =

    'Source_nxi_003_nyi_008_nzi_014'


text =

    'Source_nxi_003_nyi_008_nzi_015'


text =

    'Source_nxi_003_nyi_008_nzi_016'


text =

    'Source_nxi_003_nyi_008_nzi_017'


text =

    'Source_nxi_003_nyi_008_nzi_018'


text =

    'Source_nxi_003_nyi_008_nzi_019'


text =

    'Source_nxi_003_nyi_008_nzi_020'


text =

    'Source_nxi_003_nyi_008_nzi_021'


text =

    'Source_nxi_003_nyi_008_nzi_022'


text =

    'Source_nxi_003_nyi_008_nzi_023'


text =

    'Source_nxi_003_nyi_008_nzi_024'


text =

    'Source_nxi_003_nyi_008_nzi_025'

Elapsed time is 0.560749 seconds.

text =

    'Source_nxi_004_nyi_001_nzi_001'


text =

    'Source_nxi_004_nyi_001_nzi_002'


text =

    'Source_nxi_004_nyi_001_nzi_003'


text =

    'Source_nxi_004_nyi_001_nzi_004'


text =

    'Source_nxi_004_nyi_001_nzi_005'


text =

    'Source_nxi_004_nyi_001_nzi_006'


text =

    'Source_nxi_004_nyi_001_nzi_007'


text =

    'Source_nxi_004_nyi_001_nzi_008'


text =

    'Source_nxi_004_nyi_001_nzi_009'


text =

    'Source_nxi_004_nyi_001_nzi_010'


text =

    'Source_nxi_004_nyi_001_nzi_011'


text =

    'Source_nxi_004_nyi_001_nzi_012'


text =

    'Source_nxi_004_nyi_001_nzi_013'


text =

    'Source_nxi_004_nyi_001_nzi_014'


text =

    'Source_nxi_004_nyi_001_nzi_015'


text =

    'Source_nxi_004_nyi_001_nzi_016'


text =

    'Source_nxi_004_nyi_001_nzi_017'


text =

    'Source_nxi_004_nyi_001_nzi_018'


text =

    'Source_nxi_004_nyi_001_nzi_019'


text =

    'Source_nxi_004_nyi_001_nzi_020'


text =

    'Source_nxi_004_nyi_001_nzi_021'


text =

    'Source_nxi_004_nyi_001_nzi_022'


text =

    'Source_nxi_004_nyi_001_nzi_023'


text =

    'Source_nxi_004_nyi_001_nzi_024'


text =

    'Source_nxi_004_nyi_001_nzi_025'

Elapsed time is 0.539871 seconds.

text =

    'Source_nxi_004_nyi_002_nzi_001'


text =

    'Source_nxi_004_nyi_002_nzi_002'


text =

    'Source_nxi_004_nyi_002_nzi_003'


text =

    'Source_nxi_004_nyi_002_nzi_004'


text =

    'Source_nxi_004_nyi_002_nzi_005'


text =

    'Source_nxi_004_nyi_002_nzi_006'


text =

    'Source_nxi_004_nyi_002_nzi_007'


text =

    'Source_nxi_004_nyi_002_nzi_008'


text =

    'Source_nxi_004_nyi_002_nzi_009'


text =

    'Source_nxi_004_nyi_002_nzi_010'


text =

    'Source_nxi_004_nyi_002_nzi_011'


text =

    'Source_nxi_004_nyi_002_nzi_012'


text =

    'Source_nxi_004_nyi_002_nzi_013'


text =

    'Source_nxi_004_nyi_002_nzi_014'


text =

    'Source_nxi_004_nyi_002_nzi_015'


text =

    'Source_nxi_004_nyi_002_nzi_016'


text =

    'Source_nxi_004_nyi_002_nzi_017'


text =

    'Source_nxi_004_nyi_002_nzi_018'


text =

    'Source_nxi_004_nyi_002_nzi_019'


text =

    'Source_nxi_004_nyi_002_nzi_020'


text =

    'Source_nxi_004_nyi_002_nzi_021'


text =

    'Source_nxi_004_nyi_002_nzi_022'


text =

    'Source_nxi_004_nyi_002_nzi_023'


text =

    'Source_nxi_004_nyi_002_nzi_024'


text =

    'Source_nxi_004_nyi_002_nzi_025'

Elapsed time is 0.403638 seconds.

text =

    'Source_nxi_004_nyi_003_nzi_001'


text =

    'Source_nxi_004_nyi_003_nzi_002'


text =

    'Source_nxi_004_nyi_003_nzi_003'


text =

    'Source_nxi_004_nyi_003_nzi_004'


text =

    'Source_nxi_004_nyi_003_nzi_005'


text =

    'Source_nxi_004_nyi_003_nzi_006'


text =

    'Source_nxi_004_nyi_003_nzi_007'


text =

    'Source_nxi_004_nyi_003_nzi_008'


text =

    'Source_nxi_004_nyi_003_nzi_009'


text =

    'Source_nxi_004_nyi_003_nzi_010'


text =

    'Source_nxi_004_nyi_003_nzi_011'


text =

    'Source_nxi_004_nyi_003_nzi_012'


text =

    'Source_nxi_004_nyi_003_nzi_013'

Error using .*
Arrays have incompatible sizes for this operation.

Error in compile_steadystate (line 23)

MATLAB:sizeDimensionsMustMatch
