Thu Aug  1 11:31:19 EDT 2024
c30a-s27.ufhpc

fpath =

    '/blue/bala1s/krishnap.kalivel/COVID/Sou2Snk_v2/room_34/dist_1m/Data'


spath =

    '/blue/bala1s/krishnap.kalivel/COVID/Sou2Snk_v2/room_34/dist_1m/Data_02'


nx =

    25


ny =

     8


nz =

    25


dist =

     1

FigureData_Dist_1m_nx_01_ny_01.mat
Elapsed time is 2.270533 seconds.
FigureData_Dist_1m_nx_01_ny_02.mat
Elapsed time is 5.501360 seconds.
FigureData_Dist_1m_nx_01_ny_03.mat
Elapsed time is 7.651985 seconds.
FigureData_Dist_1m_nx_01_ny_04.mat
Elapsed time is 7.479569 seconds.
FigureData_Dist_1m_nx_01_ny_05.mat
Elapsed time is 7.338605 seconds.
FigureData_Dist_1m_nx_01_ny_06.mat
Elapsed time is 7.085639 seconds.
FigureData_Dist_1m_nx_01_ny_07.mat
Elapsed time is 4.249897 seconds.
FigureData_Dist_1m_nx_01_ny_08.mat
Elapsed time is 1.643747 seconds.
FigureData_Dist_1m_nx_02_ny_01.mat
Elapsed time is 5.557672 seconds.
FigureData_Dist_1m_nx_02_ny_02.mat
Elapsed time is 1.679047 seconds.
FigureData_Dist_1m_nx_02_ny_03.mat
Elapsed time is 2.008515 seconds.
FigureData_Dist_1m_nx_02_ny_04.mat
Elapsed time is 2.195181 seconds.
FigureData_Dist_1m_nx_02_ny_05.mat
Elapsed time is 2.335764 seconds.
FigureData_Dist_1m_nx_02_ny_06.mat
Elapsed time is 2.514566 seconds.
FigureData_Dist_1m_nx_02_ny_07.mat
Elapsed time is 2.323332 seconds.
FigureData_Dist_1m_nx_02_ny_08.mat
Elapsed time is 5.252341 seconds.
FigureData_Dist_1m_nx_03_ny_01.mat
Elapsed time is 8.883457 seconds.
FigureData_Dist_1m_nx_03_ny_02.mat
Elapsed time is 2.923190 seconds.
FigureData_Dist_1m_nx_03_ny_03.mat
Elapsed time is 3.828983 seconds.
FigureData_Dist_1m_nx_03_ny_04.mat
Elapsed time is 3.539245 seconds.
FigureData_Dist_1m_nx_03_ny_05.mat
Elapsed time is 3.693973 seconds.
FigureData_Dist_1m_nx_03_ny_06.mat
Elapsed time is 4.023388 seconds.
FigureData_Dist_1m_nx_03_ny_07.mat
Elapsed time is 3.847262 seconds.
FigureData_Dist_1m_nx_03_ny_08.mat
Elapsed time is 8.438605 seconds.
FigureData_Dist_1m_nx_04_ny_01.mat
Elapsed time is 9.928080 seconds.
FigureData_Dist_1m_nx_04_ny_02.mat
Elapsed time is 4.163157 seconds.
FigureData_Dist_1m_nx_04_ny_03.mat
Elapsed time is 4.704795 seconds.
FigureData_Dist_1m_nx_04_ny_04.mat
Elapsed time is 4.796801 seconds.
FigureData_Dist_1m_nx_04_ny_05.mat
Elapsed time is 4.974875 seconds.
FigureData_Dist_1m_nx_04_ny_06.mat
Elapsed time is 5.118164 seconds.
FigureData_Dist_1m_nx_04_ny_07.mat
Elapsed time is 5.022662 seconds.
FigureData_Dist_1m_nx_04_ny_08.mat
Elapsed time is 9.569437 seconds.
FigureData_Dist_1m_nx_05_ny_01.mat
Elapsed time is 10.680483 seconds.
FigureData_Dist_1m_nx_05_ny_02.mat
Elapsed time is 5.178288 seconds.
FigureData_Dist_1m_nx_05_ny_03.mat
Elapsed time is 6.119253 seconds.
FigureData_Dist_1m_nx_05_ny_04.mat
Elapsed time is 6.069927 seconds.
FigureData_Dist_1m_nx_05_ny_05.mat
Elapsed time is 6.007393 seconds.
FigureData_Dist_1m_nx_05_ny_06.mat
Elapsed time is 6.214428 seconds.
FigureData_Dist_1m_nx_05_ny_07.mat
Elapsed time is 6.027916 seconds.
FigureData_Dist_1m_nx_05_ny_08.mat
Elapsed time is 10.526949 seconds.
FigureData_Dist_1m_nx_06_ny_01.mat
Elapsed time is 11.349649 seconds.
FigureData_Dist_1m_nx_06_ny_02.mat
Elapsed time is 6.322282 seconds.
FigureData_Dist_1m_nx_06_ny_03.mat
Elapsed time is 7.134105 seconds.
FigureData_Dist_1m_nx_06_ny_04.mat
Elapsed time is 6.952677 seconds.
FigureData_Dist_1m_nx_06_ny_05.mat
Elapsed time is 7.093320 seconds.
FigureData_Dist_1m_nx_06_ny_06.mat
Elapsed time is 7.457464 seconds.
FigureData_Dist_1m_nx_06_ny_07.mat
Elapsed time is 7.181335 seconds.
FigureData_Dist_1m_nx_06_ny_08.mat
Elapsed time is 12.014407 seconds.
FigureData_Dist_1m_nx_07_ny_01.mat
Elapsed time is 12.848418 seconds.
FigureData_Dist_1m_nx_07_ny_02.mat
Elapsed time is 7.425442 seconds.
FigureData_Dist_1m_nx_07_ny_03.mat
Elapsed time is 8.276295 seconds.
FigureData_Dist_1m_nx_07_ny_04.mat
Elapsed time is 8.051041 seconds.
FigureData_Dist_1m_nx_07_ny_05.mat
Elapsed time is 8.242094 seconds.
FigureData_Dist_1m_nx_07_ny_06.mat
Elapsed time is 8.382818 seconds.
FigureData_Dist_1m_nx_07_ny_07.mat
Elapsed time is 8.284835 seconds.
FigureData_Dist_1m_nx_07_ny_08.mat
Elapsed time is 12.740506 seconds.
FigureData_Dist_1m_nx_08_ny_01.mat
Elapsed time is 13.773189 seconds.
FigureData_Dist_1m_nx_08_ny_02.mat
Elapsed time is 8.552987 seconds.
FigureData_Dist_1m_nx_08_ny_03.mat
Elapsed time is 9.022793 seconds.
FigureData_Dist_1m_nx_08_ny_04.mat
Elapsed time is 9.779497 seconds.
FigureData_Dist_1m_nx_08_ny_05.mat
Elapsed time is 9.338137 seconds.
FigureData_Dist_1m_nx_08_ny_06.mat
Elapsed time is 9.476745 seconds.
FigureData_Dist_1m_nx_08_ny_07.mat
Elapsed time is 9.690337 seconds.
FigureData_Dist_1m_nx_08_ny_08.mat
Elapsed time is 14.100317 seconds.
FigureData_Dist_1m_nx_09_ny_01.mat
Elapsed time is 14.758820 seconds.
FigureData_Dist_1m_nx_09_ny_02.mat
Elapsed time is 9.646960 seconds.
FigureData_Dist_1m_nx_09_ny_03.mat
Elapsed time is 10.088120 seconds.
FigureData_Dist_1m_nx_09_ny_04.mat
Elapsed time is 10.223984 seconds.
FigureData_Dist_1m_nx_09_ny_05.mat
Elapsed time is 10.460330 seconds.
FigureData_Dist_1m_nx_09_ny_06.mat
Elapsed time is 10.598040 seconds.
FigureData_Dist_1m_nx_09_ny_07.mat
Elapsed time is 10.473290 seconds.
FigureData_Dist_1m_nx_09_ny_08.mat
Elapsed time is 14.876052 seconds.
FigureData_Dist_1m_nx_10_ny_01.mat
Elapsed time is 15.582869 seconds.
FigureData_Dist_1m_nx_10_ny_02.mat
Elapsed time is 10.897470 seconds.
FigureData_Dist_1m_nx_10_ny_03.mat
Elapsed time is 11.218783 seconds.
FigureData_Dist_1m_nx_10_ny_04.mat
Elapsed time is 11.932665 seconds.
FigureData_Dist_1m_nx_10_ny_05.mat
Elapsed time is 11.467149 seconds.
FigureData_Dist_1m_nx_10_ny_06.mat
Elapsed time is 11.713230 seconds.
FigureData_Dist_1m_nx_10_ny_07.mat
Elapsed time is 11.556242 seconds.
FigureData_Dist_1m_nx_10_ny_08.mat
Elapsed time is 15.995414 seconds.
FigureData_Dist_1m_nx_11_ny_01.mat
Elapsed time is 16.526566 seconds.
FigureData_Dist_1m_nx_11_ny_02.mat
Elapsed time is 11.952986 seconds.
FigureData_Dist_1m_nx_11_ny_03.mat
Elapsed time is 12.315584 seconds.
FigureData_Dist_1m_nx_11_ny_04.mat
Elapsed time is 12.500631 seconds.
FigureData_Dist_1m_nx_11_ny_05.mat
Elapsed time is 12.591562 seconds.
FigureData_Dist_1m_nx_11_ny_06.mat
Elapsed time is 12.858536 seconds.
FigureData_Dist_1m_nx_11_ny_07.mat
Elapsed time is 12.618351 seconds.
FigureData_Dist_1m_nx_11_ny_08.mat
Elapsed time is 17.070468 seconds.
FigureData_Dist_1m_nx_12_ny_01.mat
Elapsed time is 17.508357 seconds.
FigureData_Dist_1m_nx_12_ny_02.mat
Elapsed time is 13.005930 seconds.
FigureData_Dist_1m_nx_12_ny_03.mat
Elapsed time is 13.507431 seconds.
FigureData_Dist_1m_nx_12_ny_04.mat
Elapsed time is 13.677133 seconds.
FigureData_Dist_1m_nx_12_ny_05.mat
Elapsed time is 13.717855 seconds.
FigureData_Dist_1m_nx_12_ny_06.mat
Elapsed time is 13.895648 seconds.
FigureData_Dist_1m_nx_12_ny_07.mat
Elapsed time is 13.733779 seconds.
FigureData_Dist_1m_nx_12_ny_08.mat
Elapsed time is 18.123457 seconds.
FigureData_Dist_1m_nx_13_ny_01.mat
Elapsed time is 18.543141 seconds.
FigureData_Dist_1m_nx_13_ny_02.mat
Elapsed time is 14.377148 seconds.
FigureData_Dist_1m_nx_13_ny_03.mat
Elapsed time is 14.787378 seconds.
FigureData_Dist_1m_nx_13_ny_04.mat
Elapsed time is 14.783609 seconds.
FigureData_Dist_1m_nx_13_ny_05.mat
Elapsed time is 15.049983 seconds.
FigureData_Dist_1m_nx_13_ny_06.mat
Elapsed time is 15.196049 seconds.
FigureData_Dist_1m_nx_13_ny_07.mat
Elapsed time is 15.094299 seconds.
FigureData_Dist_1m_nx_13_ny_08.mat
Elapsed time is 18.949574 seconds.
FigureData_Dist_1m_nx_14_ny_01.mat
Elapsed time is 19.759025 seconds.
FigureData_Dist_1m_nx_14_ny_02.mat
Elapsed time is 15.221256 seconds.
FigureData_Dist_1m_nx_14_ny_03.mat
Elapsed time is 15.649746 seconds.
FigureData_Dist_1m_nx_14_ny_04.mat
Elapsed time is 15.965725 seconds.
FigureData_Dist_1m_nx_14_ny_05.mat
Elapsed time is 16.279680 seconds.
FigureData_Dist_1m_nx_14_ny_06.mat
Elapsed time is 16.080716 seconds.
FigureData_Dist_1m_nx_14_ny_07.mat
Elapsed time is 15.931848 seconds.
FigureData_Dist_1m_nx_14_ny_08.mat
Elapsed time is 20.364127 seconds.
FigureData_Dist_1m_nx_15_ny_01.mat
Elapsed time is 21.078612 seconds.
FigureData_Dist_1m_nx_15_ny_02.mat
Elapsed time is 16.351300 seconds.
FigureData_Dist_1m_nx_15_ny_03.mat
Elapsed time is 16.768696 seconds.
FigureData_Dist_1m_nx_15_ny_04.mat
Elapsed time is 16.885781 seconds.
FigureData_Dist_1m_nx_15_ny_05.mat
Elapsed time is 17.069186 seconds.
FigureData_Dist_1m_nx_15_ny_06.mat
Elapsed time is 17.183982 seconds.
FigureData_Dist_1m_nx_15_ny_07.mat
Elapsed time is 17.083425 seconds.
FigureData_Dist_1m_nx_15_ny_08.mat
Elapsed time is 21.434169 seconds.
FigureData_Dist_1m_nx_16_ny_01.mat
Elapsed time is 22.485752 seconds.
FigureData_Dist_1m_nx_16_ny_02.mat
Elapsed time is 17.416668 seconds.
FigureData_Dist_1m_nx_16_ny_03.mat
Elapsed time is 17.812594 seconds.
FigureData_Dist_1m_nx_16_ny_04.mat
Elapsed time is 18.003035 seconds.
FigureData_Dist_1m_nx_16_ny_05.mat
Elapsed time is 18.427566 seconds.
FigureData_Dist_1m_nx_16_ny_06.mat
Elapsed time is 18.357494 seconds.
FigureData_Dist_1m_nx_16_ny_07.mat
Elapsed time is 18.202193 seconds.
FigureData_Dist_1m_nx_16_ny_08.mat
Elapsed time is 22.636468 seconds.
FigureData_Dist_1m_nx_17_ny_01.mat
Elapsed time is 23.463456 seconds.
FigureData_Dist_1m_nx_17_ny_02.mat
Elapsed time is 18.484226 seconds.
FigureData_Dist_1m_nx_17_ny_03.mat
Elapsed time is 19.013560 seconds.
FigureData_Dist_1m_nx_17_ny_04.mat
Elapsed time is 19.162354 seconds.
FigureData_Dist_1m_nx_17_ny_05.mat
Elapsed time is 19.346427 seconds.
FigureData_Dist_1m_nx_17_ny_06.mat
Elapsed time is 19.455283 seconds.
FigureData_Dist_1m_nx_17_ny_07.mat
Elapsed time is 19.304804 seconds.
FigureData_Dist_1m_nx_17_ny_08.mat
Elapsed time is 23.772592 seconds.
FigureData_Dist_1m_nx_18_ny_01.mat
Elapsed time is 24.580409 seconds.
FigureData_Dist_1m_nx_18_ny_02.mat
Elapsed time is 19.575003 seconds.
FigureData_Dist_1m_nx_18_ny_03.mat
Elapsed time is 19.983745 seconds.
FigureData_Dist_1m_nx_18_ny_04.mat
Elapsed time is 20.820173 seconds.
FigureData_Dist_1m_nx_18_ny_05.mat
Elapsed time is 20.538062 seconds.
FigureData_Dist_1m_nx_18_ny_06.mat
Elapsed time is 20.587180 seconds.
FigureData_Dist_1m_nx_18_ny_07.mat
Elapsed time is 20.409204 seconds.
FigureData_Dist_1m_nx_18_ny_08.mat
Elapsed time is 24.997920 seconds.
FigureData_Dist_1m_nx_19_ny_01.mat
Elapsed time is 25.637024 seconds.
FigureData_Dist_1m_nx_19_ny_02.mat
Elapsed time is 20.696549 seconds.
FigureData_Dist_1m_nx_19_ny_03.mat
Elapsed time is 21.149333 seconds.
FigureData_Dist_1m_nx_19_ny_04.mat
Elapsed time is 21.348030 seconds.
FigureData_Dist_1m_nx_19_ny_05.mat
Elapsed time is 21.559715 seconds.
FigureData_Dist_1m_nx_19_ny_06.mat
Elapsed time is 21.715266 seconds.
FigureData_Dist_1m_nx_19_ny_07.mat
Elapsed time is 21.515196 seconds.
FigureData_Dist_1m_nx_19_ny_08.mat
Elapsed time is 26.109377 seconds.
FigureData_Dist_1m_nx_20_ny_01.mat
Elapsed time is 26.824030 seconds.
FigureData_Dist_1m_nx_20_ny_02.mat
Elapsed time is 21.832078 seconds.
FigureData_Dist_1m_nx_20_ny_03.mat
Elapsed time is 22.655814 seconds.
FigureData_Dist_1m_nx_20_ny_04.mat
Elapsed time is 22.632186 seconds.
FigureData_Dist_1m_nx_20_ny_05.mat
Elapsed time is 22.620673 seconds.
FigureData_Dist_1m_nx_20_ny_06.mat
Elapsed time is 23.369899 seconds.
FigureData_Dist_1m_nx_20_ny_07.mat
Elapsed time is 22.573476 seconds.
FigureData_Dist_1m_nx_20_ny_08.mat
Elapsed time is 27.164809 seconds.
FigureData_Dist_1m_nx_21_ny_01.mat
Elapsed time is 28.041617 seconds.
FigureData_Dist_1m_nx_21_ny_02.mat
Elapsed time is 23.070032 seconds.
FigureData_Dist_1m_nx_21_ny_03.mat
Elapsed time is 23.433396 seconds.
FigureData_Dist_1m_nx_21_ny_04.mat
Elapsed time is 23.705242 seconds.
FigureData_Dist_1m_nx_21_ny_05.mat
Elapsed time is 23.892297 seconds.
FigureData_Dist_1m_nx_21_ny_06.mat
Elapsed time is 24.017407 seconds.
FigureData_Dist_1m_nx_21_ny_07.mat
Elapsed time is 23.951673 seconds.
FigureData_Dist_1m_nx_21_ny_08.mat
Elapsed time is 28.592053 seconds.
FigureData_Dist_1m_nx_22_ny_01.mat
Elapsed time is 29.592721 seconds.
FigureData_Dist_1m_nx_22_ny_02.mat
Elapsed time is 24.350561 seconds.
FigureData_Dist_1m_nx_22_ny_03.mat
Elapsed time is 24.986938 seconds.
FigureData_Dist_1m_nx_22_ny_04.mat
Elapsed time is 25.127794 seconds.
FigureData_Dist_1m_nx_22_ny_05.mat
Elapsed time is 25.220273 seconds.
FigureData_Dist_1m_nx_22_ny_06.mat
Elapsed time is 25.500300 seconds.
FigureData_Dist_1m_nx_22_ny_07.mat
Elapsed time is 25.431565 seconds.
FigureData_Dist_1m_nx_22_ny_08.mat
Elapsed time is 29.891594 seconds.
FigureData_Dist_1m_nx_23_ny_01.mat
Elapsed time is 30.958136 seconds.
FigureData_Dist_1m_nx_23_ny_02.mat
Elapsed time is 25.692465 seconds.
FigureData_Dist_1m_nx_23_ny_03.mat
Elapsed time is 26.123935 seconds.
FigureData_Dist_1m_nx_23_ny_04.mat
Elapsed time is 26.383160 seconds.
FigureData_Dist_1m_nx_23_ny_05.mat
Elapsed time is 26.581964 seconds.
FigureData_Dist_1m_nx_23_ny_06.mat
Elapsed time is 26.801962 seconds.
FigureData_Dist_1m_nx_23_ny_07.mat
Elapsed time is 26.692971 seconds.
FigureData_Dist_1m_nx_23_ny_08.mat
Elapsed time is 31.388622 seconds.
FigureData_Dist_1m_nx_24_ny_01.mat
Elapsed time is 30.410072 seconds.
FigureData_Dist_1m_nx_24_ny_02.mat
Elapsed time is 26.707331 seconds.
FigureData_Dist_1m_nx_24_ny_03.mat
Elapsed time is 27.204564 seconds.
FigureData_Dist_1m_nx_24_ny_04.mat
Elapsed time is 27.250488 seconds.
FigureData_Dist_1m_nx_24_ny_05.mat
Elapsed time is 27.666921 seconds.
FigureData_Dist_1m_nx_24_ny_06.mat
Elapsed time is 27.653002 seconds.
FigureData_Dist_1m_nx_24_ny_07.mat
Elapsed time is 27.583452 seconds.
FigureData_Dist_1m_nx_24_ny_08.mat
Elapsed time is 30.420739 seconds.
FigureData_Dist_1m_nx_25_ny_01.mat
Elapsed time is 28.599740 seconds.
FigureData_Dist_1m_nx_25_ny_02.mat
Elapsed time is 31.602877 seconds.
FigureData_Dist_1m_nx_25_ny_03.mat
Elapsed time is 33.840303 seconds.
FigureData_Dist_1m_nx_25_ny_04.mat
Elapsed time is 33.780117 seconds.
FigureData_Dist_1m_nx_25_ny_05.mat
Elapsed time is 33.533738 seconds.
FigureData_Dist_1m_nx_25_ny_06.mat
Elapsed time is 33.364257 seconds.
FigureData_Dist_1m_nx_25_ny_07.mat
Elapsed time is 31.044166 seconds.
FigureData_Dist_1m_nx_25_ny_08.mat
Elapsed time is 28.492660 seconds.
Data Saved
