Thu Jun 13 17:55:17 EDT 2024
c33b-s2.ufhpc

fpath =

    '/blue/bala/krishnap.kalivel/COVID/Sou2Snk_v2/room_31/dist_8m/Data'


spath =

    '/blue/bala/krishnap.kalivel/COVID/Sou2Snk_v2/room_31//dist_8m/Data_02'


nx =

    25


ny =

     8


nz =

    25


dist =

     8


text =

    'Source_nxi_001_nyi_001_nzi_001'


text =

    'Source_nxi_001_nyi_001_nzi_002'


text =

    'Source_nxi_001_nyi_001_nzi_003'


text =

    'Source_nxi_001_nyi_001_nzi_004'


text =

    'Source_nxi_001_nyi_001_nzi_005'


text =

    'Source_nxi_001_nyi_001_nzi_006'


text =

    'Source_nxi_001_nyi_001_nzi_007'


text =

    'Source_nxi_001_nyi_001_nzi_008'


text =

    'Source_nxi_001_nyi_001_nzi_009'


text =

    'Source_nxi_001_nyi_001_nzi_010'


text =

    'Source_nxi_001_nyi_001_nzi_011'


text =

    'Source_nxi_001_nyi_001_nzi_012'


text =

    'Source_nxi_001_nyi_001_nzi_013'


text =

    'Source_nxi_001_nyi_001_nzi_014'


text =

    'Source_nxi_001_nyi_001_nzi_015'


text =

    'Source_nxi_001_nyi_001_nzi_016'


text =

    'Source_nxi_001_nyi_001_nzi_017'


text =

    'Source_nxi_001_nyi_001_nzi_018'


text =

    'Source_nxi_001_nyi_001_nzi_019'


text =

    'Source_nxi_001_nyi_001_nzi_020'


text =

    'Source_nxi_001_nyi_001_nzi_021'


text =

    'Source_nxi_001_nyi_001_nzi_022'


text =

    'Source_nxi_001_nyi_001_nzi_023'


text =

    'Source_nxi_001_nyi_001_nzi_024'


text =

    'Source_nxi_001_nyi_001_nzi_025'

Elapsed time is 1.211761 seconds.

text =

    'Source_nxi_001_nyi_002_nzi_001'


text =

    'Source_nxi_001_nyi_002_nzi_002'


text =

    'Source_nxi_001_nyi_002_nzi_003'


text =

    'Source_nxi_001_nyi_002_nzi_004'


text =

    'Source_nxi_001_nyi_002_nzi_005'


text =

    'Source_nxi_001_nyi_002_nzi_006'


text =

    'Source_nxi_001_nyi_002_nzi_007'


text =

    'Source_nxi_001_nyi_002_nzi_008'


text =

    'Source_nxi_001_nyi_002_nzi_009'


text =

    'Source_nxi_001_nyi_002_nzi_010'


text =

    'Source_nxi_001_nyi_002_nzi_011'


text =

    'Source_nxi_001_nyi_002_nzi_012'


text =

    'Source_nxi_001_nyi_002_nzi_013'


text =

    'Source_nxi_001_nyi_002_nzi_014'


text =

    'Source_nxi_001_nyi_002_nzi_015'


text =

    'Source_nxi_001_nyi_002_nzi_016'


text =

    'Source_nxi_001_nyi_002_nzi_017'


text =

    'Source_nxi_001_nyi_002_nzi_018'


text =

    'Source_nxi_001_nyi_002_nzi_019'


text =

    'Source_nxi_001_nyi_002_nzi_020'


text =

    'Source_nxi_001_nyi_002_nzi_021'


text =

    'Source_nxi_001_nyi_002_nzi_022'


text =

    'Source_nxi_001_nyi_002_nzi_023'


text =

    'Source_nxi_001_nyi_002_nzi_024'


text =

    'Source_nxi_001_nyi_002_nzi_025'

Elapsed time is 1.033421 seconds.

text =

    'Source_nxi_001_nyi_003_nzi_001'


text =

    'Source_nxi_001_nyi_003_nzi_002'


text =

    'Source_nxi_001_nyi_003_nzi_003'


text =

    'Source_nxi_001_nyi_003_nzi_004'


text =

    'Source_nxi_001_nyi_003_nzi_005'


text =

    'Source_nxi_001_nyi_003_nzi_006'


text =

    'Source_nxi_001_nyi_003_nzi_007'


text =

    'Source_nxi_001_nyi_003_nzi_008'


text =

    'Source_nxi_001_nyi_003_nzi_009'


text =

    'Source_nxi_001_nyi_003_nzi_010'


text =

    'Source_nxi_001_nyi_003_nzi_011'


text =

    'Source_nxi_001_nyi_003_nzi_012'


text =

    'Source_nxi_001_nyi_003_nzi_013'


text =

    'Source_nxi_001_nyi_003_nzi_014'


text =

    'Source_nxi_001_nyi_003_nzi_015'


text =

    'Source_nxi_001_nyi_003_nzi_016'


text =

    'Source_nxi_001_nyi_003_nzi_017'


text =

    'Source_nxi_001_nyi_003_nzi_018'


text =

    'Source_nxi_001_nyi_003_nzi_019'


text =

    'Source_nxi_001_nyi_003_nzi_020'


text =

    'Source_nxi_001_nyi_003_nzi_021'


text =

    'Source_nxi_001_nyi_003_nzi_022'


text =

    'Source_nxi_001_nyi_003_nzi_023'


text =

    'Source_nxi_001_nyi_003_nzi_024'


text =

    'Source_nxi_001_nyi_003_nzi_025'

Elapsed time is 0.953890 seconds.

text =

    'Source_nxi_001_nyi_004_nzi_001'


text =

    'Source_nxi_001_nyi_004_nzi_002'


text =

    'Source_nxi_001_nyi_004_nzi_003'


text =

    'Source_nxi_001_nyi_004_nzi_004'


text =

    'Source_nxi_001_nyi_004_nzi_005'


text =

    'Source_nxi_001_nyi_004_nzi_006'


text =

    'Source_nxi_001_nyi_004_nzi_007'


text =

    'Source_nxi_001_nyi_004_nzi_008'


text =

    'Source_nxi_001_nyi_004_nzi_009'


text =

    'Source_nxi_001_nyi_004_nzi_010'


text =

    'Source_nxi_001_nyi_004_nzi_011'


text =

    'Source_nxi_001_nyi_004_nzi_012'


text =

    'Source_nxi_001_nyi_004_nzi_013'


text =

    'Source_nxi_001_nyi_004_nzi_014'


text =

    'Source_nxi_001_nyi_004_nzi_015'


text =

    'Source_nxi_001_nyi_004_nzi_016'


text =

    'Source_nxi_001_nyi_004_nzi_017'


text =

    'Source_nxi_001_nyi_004_nzi_018'


text =

    'Source_nxi_001_nyi_004_nzi_019'


text =

    'Source_nxi_001_nyi_004_nzi_020'


text =

    'Source_nxi_001_nyi_004_nzi_021'


text =

    'Source_nxi_001_nyi_004_nzi_022'


text =

    'Source_nxi_001_nyi_004_nzi_023'


text =

    'Source_nxi_001_nyi_004_nzi_024'


text =

    'Source_nxi_001_nyi_004_nzi_025'

Elapsed time is 0.845117 seconds.

text =

    'Source_nxi_001_nyi_005_nzi_001'


text =

    'Source_nxi_001_nyi_005_nzi_002'


text =

    'Source_nxi_001_nyi_005_nzi_003'


text =

    'Source_nxi_001_nyi_005_nzi_004'


text =

    'Source_nxi_001_nyi_005_nzi_005'


text =

    'Source_nxi_001_nyi_005_nzi_006'


text =

    'Source_nxi_001_nyi_005_nzi_007'


text =

    'Source_nxi_001_nyi_005_nzi_008'


text =

    'Source_nxi_001_nyi_005_nzi_009'


text =

    'Source_nxi_001_nyi_005_nzi_010'


text =

    'Source_nxi_001_nyi_005_nzi_011'


text =

    'Source_nxi_001_nyi_005_nzi_012'


text =

    'Source_nxi_001_nyi_005_nzi_013'


text =

    'Source_nxi_001_nyi_005_nzi_014'


text =

    'Source_nxi_001_nyi_005_nzi_015'


text =

    'Source_nxi_001_nyi_005_nzi_016'


text =

    'Source_nxi_001_nyi_005_nzi_017'


text =

    'Source_nxi_001_nyi_005_nzi_018'


text =

    'Source_nxi_001_nyi_005_nzi_019'


text =

    'Source_nxi_001_nyi_005_nzi_020'


text =

    'Source_nxi_001_nyi_005_nzi_021'


text =

    'Source_nxi_001_nyi_005_nzi_022'


text =

    'Source_nxi_001_nyi_005_nzi_023'


text =

    'Source_nxi_001_nyi_005_nzi_024'


text =

    'Source_nxi_001_nyi_005_nzi_025'

Elapsed time is 0.868507 seconds.

text =

    'Source_nxi_001_nyi_006_nzi_001'


text =

    'Source_nxi_001_nyi_006_nzi_002'


text =

    'Source_nxi_001_nyi_006_nzi_003'


text =

    'Source_nxi_001_nyi_006_nzi_004'


text =

    'Source_nxi_001_nyi_006_nzi_005'


text =

    'Source_nxi_001_nyi_006_nzi_006'


text =

    'Source_nxi_001_nyi_006_nzi_007'


text =

    'Source_nxi_001_nyi_006_nzi_008'


text =

    'Source_nxi_001_nyi_006_nzi_009'


text =

    'Source_nxi_001_nyi_006_nzi_010'


text =

    'Source_nxi_001_nyi_006_nzi_011'


text =

    'Source_nxi_001_nyi_006_nzi_012'


text =

    'Source_nxi_001_nyi_006_nzi_013'


text =

    'Source_nxi_001_nyi_006_nzi_014'


text =

    'Source_nxi_001_nyi_006_nzi_015'


text =

    'Source_nxi_001_nyi_006_nzi_016'


text =

    'Source_nxi_001_nyi_006_nzi_017'


text =

    'Source_nxi_001_nyi_006_nzi_018'


text =

    'Source_nxi_001_nyi_006_nzi_019'


text =

    'Source_nxi_001_nyi_006_nzi_020'


text =

    'Source_nxi_001_nyi_006_nzi_021'


text =

    'Source_nxi_001_nyi_006_nzi_022'


text =

    'Source_nxi_001_nyi_006_nzi_023'


text =

    'Source_nxi_001_nyi_006_nzi_024'


text =

    'Source_nxi_001_nyi_006_nzi_025'

Elapsed time is 0.872772 seconds.

text =

    'Source_nxi_001_nyi_007_nzi_001'


text =

    'Source_nxi_001_nyi_007_nzi_002'


text =

    'Source_nxi_001_nyi_007_nzi_003'


text =

    'Source_nxi_001_nyi_007_nzi_004'


text =

    'Source_nxi_001_nyi_007_nzi_005'


text =

    'Source_nxi_001_nyi_007_nzi_006'


text =

    'Source_nxi_001_nyi_007_nzi_007'


text =

    'Source_nxi_001_nyi_007_nzi_008'


text =

    'Source_nxi_001_nyi_007_nzi_009'


text =

    'Source_nxi_001_nyi_007_nzi_010'


text =

    'Source_nxi_001_nyi_007_nzi_011'


text =

    'Source_nxi_001_nyi_007_nzi_012'


text =

    'Source_nxi_001_nyi_007_nzi_013'


text =

    'Source_nxi_001_nyi_007_nzi_014'


text =

    'Source_nxi_001_nyi_007_nzi_015'


text =

    'Source_nxi_001_nyi_007_nzi_016'


text =

    'Source_nxi_001_nyi_007_nzi_017'


text =

    'Source_nxi_001_nyi_007_nzi_018'


text =

    'Source_nxi_001_nyi_007_nzi_019'


text =

    'Source_nxi_001_nyi_007_nzi_020'


text =

    'Source_nxi_001_nyi_007_nzi_021'


text =

    'Source_nxi_001_nyi_007_nzi_022'


text =

    'Source_nxi_001_nyi_007_nzi_023'


text =

    'Source_nxi_001_nyi_007_nzi_024'


text =

    'Source_nxi_001_nyi_007_nzi_025'

Elapsed time is 0.905294 seconds.

text =

    'Source_nxi_001_nyi_008_nzi_001'


text =

    'Source_nxi_001_nyi_008_nzi_002'


text =

    'Source_nxi_001_nyi_008_nzi_003'


text =

    'Source_nxi_001_nyi_008_nzi_004'


text =

    'Source_nxi_001_nyi_008_nzi_005'


text =

    'Source_nxi_001_nyi_008_nzi_006'


text =

    'Source_nxi_001_nyi_008_nzi_007'


text =

    'Source_nxi_001_nyi_008_nzi_008'


text =

    'Source_nxi_001_nyi_008_nzi_009'


text =

    'Source_nxi_001_nyi_008_nzi_010'


text =

    'Source_nxi_001_nyi_008_nzi_011'


text =

    'Source_nxi_001_nyi_008_nzi_012'


text =

    'Source_nxi_001_nyi_008_nzi_013'


text =

    'Source_nxi_001_nyi_008_nzi_014'


text =

    'Source_nxi_001_nyi_008_nzi_015'


text =

    'Source_nxi_001_nyi_008_nzi_016'


text =

    'Source_nxi_001_nyi_008_nzi_017'


text =

    'Source_nxi_001_nyi_008_nzi_018'


text =

    'Source_nxi_001_nyi_008_nzi_019'


text =

    'Source_nxi_001_nyi_008_nzi_020'


text =

    'Source_nxi_001_nyi_008_nzi_021'


text =

    'Source_nxi_001_nyi_008_nzi_022'


text =

    'Source_nxi_001_nyi_008_nzi_023'


text =

    'Source_nxi_001_nyi_008_nzi_024'


text =

    'Source_nxi_001_nyi_008_nzi_025'

Elapsed time is 0.790730 seconds.

text =

    'Source_nxi_002_nyi_001_nzi_001'


text =

    'Source_nxi_002_nyi_001_nzi_002'


text =

    'Source_nxi_002_nyi_001_nzi_003'


text =

    'Source_nxi_002_nyi_001_nzi_004'


text =

    'Source_nxi_002_nyi_001_nzi_005'


text =

    'Source_nxi_002_nyi_001_nzi_006'


text =

    'Source_nxi_002_nyi_001_nzi_007'


text =

    'Source_nxi_002_nyi_001_nzi_008'


text =

    'Source_nxi_002_nyi_001_nzi_009'


text =

    'Source_nxi_002_nyi_001_nzi_010'


text =

    'Source_nxi_002_nyi_001_nzi_011'


text =

    'Source_nxi_002_nyi_001_nzi_012'


text =

    'Source_nxi_002_nyi_001_nzi_013'


text =

    'Source_nxi_002_nyi_001_nzi_014'


text =

    'Source_nxi_002_nyi_001_nzi_015'


text =

    'Source_nxi_002_nyi_001_nzi_016'


text =

    'Source_nxi_002_nyi_001_nzi_017'


text =

    'Source_nxi_002_nyi_001_nzi_018'


text =

    'Source_nxi_002_nyi_001_nzi_019'


text =

    'Source_nxi_002_nyi_001_nzi_020'


text =

    'Source_nxi_002_nyi_001_nzi_021'


text =

    'Source_nxi_002_nyi_001_nzi_022'


text =

    'Source_nxi_002_nyi_001_nzi_023'


text =

    'Source_nxi_002_nyi_001_nzi_024'


text =

    'Source_nxi_002_nyi_001_nzi_025'

Elapsed time is 0.973056 seconds.

text =

    'Source_nxi_002_nyi_002_nzi_001'


text =

    'Source_nxi_002_nyi_002_nzi_002'


text =

    'Source_nxi_002_nyi_002_nzi_003'


text =

    'Source_nxi_002_nyi_002_nzi_004'


text =

    'Source_nxi_002_nyi_002_nzi_005'


text =

    'Source_nxi_002_nyi_002_nzi_006'


text =

    'Source_nxi_002_nyi_002_nzi_007'


text =

    'Source_nxi_002_nyi_002_nzi_008'


text =

    'Source_nxi_002_nyi_002_nzi_009'


text =

    'Source_nxi_002_nyi_002_nzi_010'


text =

    'Source_nxi_002_nyi_002_nzi_011'


text =

    'Source_nxi_002_nyi_002_nzi_012'


text =

    'Source_nxi_002_nyi_002_nzi_013'


text =

    'Source_nxi_002_nyi_002_nzi_014'


text =

    'Source_nxi_002_nyi_002_nzi_015'


text =

    'Source_nxi_002_nyi_002_nzi_016'


text =

    'Source_nxi_002_nyi_002_nzi_017'


text =

    'Source_nxi_002_nyi_002_nzi_018'


text =

    'Source_nxi_002_nyi_002_nzi_019'


text =

    'Source_nxi_002_nyi_002_nzi_020'


text =

    'Source_nxi_002_nyi_002_nzi_021'


text =

    'Source_nxi_002_nyi_002_nzi_022'


text =

    'Source_nxi_002_nyi_002_nzi_023'


text =

    'Source_nxi_002_nyi_002_nzi_024'


text =

    'Source_nxi_002_nyi_002_nzi_025'

Elapsed time is 0.969679 seconds.

text =

    'Source_nxi_002_nyi_003_nzi_001'


text =

    'Source_nxi_002_nyi_003_nzi_002'


text =

    'Source_nxi_002_nyi_003_nzi_003'


text =

    'Source_nxi_002_nyi_003_nzi_004'


text =

    'Source_nxi_002_nyi_003_nzi_005'


text =

    'Source_nxi_002_nyi_003_nzi_006'


text =

    'Source_nxi_002_nyi_003_nzi_007'


text =

    'Source_nxi_002_nyi_003_nzi_008'


text =

    'Source_nxi_002_nyi_003_nzi_009'


text =

    'Source_nxi_002_nyi_003_nzi_010'


text =

    'Source_nxi_002_nyi_003_nzi_011'


text =

    'Source_nxi_002_nyi_003_nzi_012'


text =

    'Source_nxi_002_nyi_003_nzi_013'


text =

    'Source_nxi_002_nyi_003_nzi_014'


text =

    'Source_nxi_002_nyi_003_nzi_015'


text =

    'Source_nxi_002_nyi_003_nzi_016'


text =

    'Source_nxi_002_nyi_003_nzi_017'


text =

    'Source_nxi_002_nyi_003_nzi_018'


text =

    'Source_nxi_002_nyi_003_nzi_019'


text =

    'Source_nxi_002_nyi_003_nzi_020'


text =

    'Source_nxi_002_nyi_003_nzi_021'


text =

    'Source_nxi_002_nyi_003_nzi_022'


text =

    'Source_nxi_002_nyi_003_nzi_023'


text =

    'Source_nxi_002_nyi_003_nzi_024'


text =

    'Source_nxi_002_nyi_003_nzi_025'

Elapsed time is 0.868923 seconds.

text =

    'Source_nxi_002_nyi_004_nzi_001'


text =

    'Source_nxi_002_nyi_004_nzi_002'


text =

    'Source_nxi_002_nyi_004_nzi_003'


text =

    'Source_nxi_002_nyi_004_nzi_004'


text =

    'Source_nxi_002_nyi_004_nzi_005'


text =

    'Source_nxi_002_nyi_004_nzi_006'


text =

    'Source_nxi_002_nyi_004_nzi_007'


text =

    'Source_nxi_002_nyi_004_nzi_008'


text =

    'Source_nxi_002_nyi_004_nzi_009'


text =

    'Source_nxi_002_nyi_004_nzi_010'


text =

    'Source_nxi_002_nyi_004_nzi_011'


text =

    'Source_nxi_002_nyi_004_nzi_012'


text =

    'Source_nxi_002_nyi_004_nzi_013'


text =

    'Source_nxi_002_nyi_004_nzi_014'


text =

    'Source_nxi_002_nyi_004_nzi_015'


text =

    'Source_nxi_002_nyi_004_nzi_016'


text =

    'Source_nxi_002_nyi_004_nzi_017'


text =

    'Source_nxi_002_nyi_004_nzi_018'


text =

    'Source_nxi_002_nyi_004_nzi_019'


text =

    'Source_nxi_002_nyi_004_nzi_020'


text =

    'Source_nxi_002_nyi_004_nzi_021'


text =

    'Source_nxi_002_nyi_004_nzi_022'


text =

    'Source_nxi_002_nyi_004_nzi_023'


text =

    'Source_nxi_002_nyi_004_nzi_024'


text =

    'Source_nxi_002_nyi_004_nzi_025'

Elapsed time is 0.818504 seconds.

text =

    'Source_nxi_002_nyi_005_nzi_001'


text =

    'Source_nxi_002_nyi_005_nzi_002'


text =

    'Source_nxi_002_nyi_005_nzi_003'


text =

    'Source_nxi_002_nyi_005_nzi_004'


text =

    'Source_nxi_002_nyi_005_nzi_005'


text =

    'Source_nxi_002_nyi_005_nzi_006'


text =

    'Source_nxi_002_nyi_005_nzi_007'


text =

    'Source_nxi_002_nyi_005_nzi_008'


text =

    'Source_nxi_002_nyi_005_nzi_009'


text =

    'Source_nxi_002_nyi_005_nzi_010'


text =

    'Source_nxi_002_nyi_005_nzi_011'


text =

    'Source_nxi_002_nyi_005_nzi_012'


text =

    'Source_nxi_002_nyi_005_nzi_013'


text =

    'Source_nxi_002_nyi_005_nzi_014'


text =

    'Source_nxi_002_nyi_005_nzi_015'


text =

    'Source_nxi_002_nyi_005_nzi_016'


text =

    'Source_nxi_002_nyi_005_nzi_017'


text =

    'Source_nxi_002_nyi_005_nzi_018'


text =

    'Source_nxi_002_nyi_005_nzi_019'


text =

    'Source_nxi_002_nyi_005_nzi_020'


text =

    'Source_nxi_002_nyi_005_nzi_021'


text =

    'Source_nxi_002_nyi_005_nzi_022'


text =

    'Source_nxi_002_nyi_005_nzi_023'


text =

    'Source_nxi_002_nyi_005_nzi_024'


text =

    'Source_nxi_002_nyi_005_nzi_025'

Elapsed time is 0.784673 seconds.

text =

    'Source_nxi_002_nyi_006_nzi_001'


text =

    'Source_nxi_002_nyi_006_nzi_002'


text =

    'Source_nxi_002_nyi_006_nzi_003'


text =

    'Source_nxi_002_nyi_006_nzi_004'


text =

    'Source_nxi_002_nyi_006_nzi_005'


text =

    'Source_nxi_002_nyi_006_nzi_006'


text =

    'Source_nxi_002_nyi_006_nzi_007'


text =

    'Source_nxi_002_nyi_006_nzi_008'


text =

    'Source_nxi_002_nyi_006_nzi_009'


text =

    'Source_nxi_002_nyi_006_nzi_010'


text =

    'Source_nxi_002_nyi_006_nzi_011'


text =

    'Source_nxi_002_nyi_006_nzi_012'


text =

    'Source_nxi_002_nyi_006_nzi_013'


text =

    'Source_nxi_002_nyi_006_nzi_014'


text =

    'Source_nxi_002_nyi_006_nzi_015'


text =

    'Source_nxi_002_nyi_006_nzi_016'


text =

    'Source_nxi_002_nyi_006_nzi_017'


text =

    'Source_nxi_002_nyi_006_nzi_018'


text =

    'Source_nxi_002_nyi_006_nzi_019'


text =

    'Source_nxi_002_nyi_006_nzi_020'


text =

    'Source_nxi_002_nyi_006_nzi_021'


text =

    'Source_nxi_002_nyi_006_nzi_022'


text =

    'Source_nxi_002_nyi_006_nzi_023'


text =

    'Source_nxi_002_nyi_006_nzi_024'


text =

    'Source_nxi_002_nyi_006_nzi_025'

Elapsed time is 1.120541 seconds.

text =

    'Source_nxi_002_nyi_007_nzi_001'


text =

    'Source_nxi_002_nyi_007_nzi_002'


text =

    'Source_nxi_002_nyi_007_nzi_003'


text =

    'Source_nxi_002_nyi_007_nzi_004'


text =

    'Source_nxi_002_nyi_007_nzi_005'


text =

    'Source_nxi_002_nyi_007_nzi_006'


text =

    'Source_nxi_002_nyi_007_nzi_007'


text =

    'Source_nxi_002_nyi_007_nzi_008'


text =

    'Source_nxi_002_nyi_007_nzi_009'


text =

    'Source_nxi_002_nyi_007_nzi_010'


text =

    'Source_nxi_002_nyi_007_nzi_011'


text =

    'Source_nxi_002_nyi_007_nzi_012'


text =

    'Source_nxi_002_nyi_007_nzi_013'


text =

    'Source_nxi_002_nyi_007_nzi_014'


text =

    'Source_nxi_002_nyi_007_nzi_015'


text =

    'Source_nxi_002_nyi_007_nzi_016'


text =

    'Source_nxi_002_nyi_007_nzi_017'


text =

    'Source_nxi_002_nyi_007_nzi_018'


text =

    'Source_nxi_002_nyi_007_nzi_019'


text =

    'Source_nxi_002_nyi_007_nzi_020'


text =

    'Source_nxi_002_nyi_007_nzi_021'


text =

    'Source_nxi_002_nyi_007_nzi_022'


text =

    'Source_nxi_002_nyi_007_nzi_023'


text =

    'Source_nxi_002_nyi_007_nzi_024'


text =

    'Source_nxi_002_nyi_007_nzi_025'

Elapsed time is 0.906374 seconds.

text =

    'Source_nxi_002_nyi_008_nzi_001'


text =

    'Source_nxi_002_nyi_008_nzi_002'


text =

    'Source_nxi_002_nyi_008_nzi_003'


text =

    'Source_nxi_002_nyi_008_nzi_004'


text =

    'Source_nxi_002_nyi_008_nzi_005'


text =

    'Source_nxi_002_nyi_008_nzi_006'


text =

    'Source_nxi_002_nyi_008_nzi_007'


text =

    'Source_nxi_002_nyi_008_nzi_008'


text =

    'Source_nxi_002_nyi_008_nzi_009'


text =

    'Source_nxi_002_nyi_008_nzi_010'


text =

    'Source_nxi_002_nyi_008_nzi_011'


text =

    'Source_nxi_002_nyi_008_nzi_012'


text =

    'Source_nxi_002_nyi_008_nzi_013'


text =

    'Source_nxi_002_nyi_008_nzi_014'


text =

    'Source_nxi_002_nyi_008_nzi_015'


text =

    'Source_nxi_002_nyi_008_nzi_016'


text =

    'Source_nxi_002_nyi_008_nzi_017'


text =

    'Source_nxi_002_nyi_008_nzi_018'


text =

    'Source_nxi_002_nyi_008_nzi_019'


text =

    'Source_nxi_002_nyi_008_nzi_020'


text =

    'Source_nxi_002_nyi_008_nzi_021'


text =

    'Source_nxi_002_nyi_008_nzi_022'


text =

    'Source_nxi_002_nyi_008_nzi_023'


text =

    'Source_nxi_002_nyi_008_nzi_024'


text =

    'Source_nxi_002_nyi_008_nzi_025'

Elapsed time is 0.829429 seconds.

text =

    'Source_nxi_003_nyi_001_nzi_001'


text =

    'Source_nxi_003_nyi_001_nzi_002'


text =

    'Source_nxi_003_nyi_001_nzi_003'


text =

    'Source_nxi_003_nyi_001_nzi_004'


text =

    'Source_nxi_003_nyi_001_nzi_005'


text =

    'Source_nxi_003_nyi_001_nzi_006'


text =

    'Source_nxi_003_nyi_001_nzi_007'


text =

    'Source_nxi_003_nyi_001_nzi_008'


text =

    'Source_nxi_003_nyi_001_nzi_009'


text =

    'Source_nxi_003_nyi_001_nzi_010'


text =

    'Source_nxi_003_nyi_001_nzi_011'


text =

    'Source_nxi_003_nyi_001_nzi_012'


text =

    'Source_nxi_003_nyi_001_nzi_013'


text =

    'Source_nxi_003_nyi_001_nzi_014'


text =

    'Source_nxi_003_nyi_001_nzi_015'


text =

    'Source_nxi_003_nyi_001_nzi_016'


text =

    'Source_nxi_003_nyi_001_nzi_017'


text =

    'Source_nxi_003_nyi_001_nzi_018'


text =

    'Source_nxi_003_nyi_001_nzi_019'


text =

    'Source_nxi_003_nyi_001_nzi_020'


text =

    'Source_nxi_003_nyi_001_nzi_021'


text =

    'Source_nxi_003_nyi_001_nzi_022'


text =

    'Source_nxi_003_nyi_001_nzi_023'


text =

    'Source_nxi_003_nyi_001_nzi_024'


text =

    'Source_nxi_003_nyi_001_nzi_025'

Elapsed time is 0.945367 seconds.

text =

    'Source_nxi_003_nyi_002_nzi_001'


text =

    'Source_nxi_003_nyi_002_nzi_002'


text =

    'Source_nxi_003_nyi_002_nzi_003'


text =

    'Source_nxi_003_nyi_002_nzi_004'


text =

    'Source_nxi_003_nyi_002_nzi_005'


text =

    'Source_nxi_003_nyi_002_nzi_006'


text =

    'Source_nxi_003_nyi_002_nzi_007'


text =

    'Source_nxi_003_nyi_002_nzi_008'


text =

    'Source_nxi_003_nyi_002_nzi_009'


text =

    'Source_nxi_003_nyi_002_nzi_010'


text =

    'Source_nxi_003_nyi_002_nzi_011'


text =

    'Source_nxi_003_nyi_002_nzi_012'


text =

    'Source_nxi_003_nyi_002_nzi_013'


text =

    'Source_nxi_003_nyi_002_nzi_014'


text =

    'Source_nxi_003_nyi_002_nzi_015'


text =

    'Source_nxi_003_nyi_002_nzi_016'


text =

    'Source_nxi_003_nyi_002_nzi_017'


text =

    'Source_nxi_003_nyi_002_nzi_018'


text =

    'Source_nxi_003_nyi_002_nzi_019'


text =

    'Source_nxi_003_nyi_002_nzi_020'


text =

    'Source_nxi_003_nyi_002_nzi_021'


text =

    'Source_nxi_003_nyi_002_nzi_022'


text =

    'Source_nxi_003_nyi_002_nzi_023'


text =

    'Source_nxi_003_nyi_002_nzi_024'


text =

    'Source_nxi_003_nyi_002_nzi_025'

Elapsed time is 0.947580 seconds.

text =

    'Source_nxi_003_nyi_003_nzi_001'


text =

    'Source_nxi_003_nyi_003_nzi_002'


text =

    'Source_nxi_003_nyi_003_nzi_003'


text =

    'Source_nxi_003_nyi_003_nzi_004'


text =

    'Source_nxi_003_nyi_003_nzi_005'


text =

    'Source_nxi_003_nyi_003_nzi_006'


text =

    'Source_nxi_003_nyi_003_nzi_007'


text =

    'Source_nxi_003_nyi_003_nzi_008'


text =

    'Source_nxi_003_nyi_003_nzi_009'


text =

    'Source_nxi_003_nyi_003_nzi_010'


text =

    'Source_nxi_003_nyi_003_nzi_011'


text =

    'Source_nxi_003_nyi_003_nzi_012'


text =

    'Source_nxi_003_nyi_003_nzi_013'


text =

    'Source_nxi_003_nyi_003_nzi_014'


text =

    'Source_nxi_003_nyi_003_nzi_015'


text =

    'Source_nxi_003_nyi_003_nzi_016'


text =

    'Source_nxi_003_nyi_003_nzi_017'


text =

    'Source_nxi_003_nyi_003_nzi_018'


text =

    'Source_nxi_003_nyi_003_nzi_019'


text =

    'Source_nxi_003_nyi_003_nzi_020'


text =

    'Source_nxi_003_nyi_003_nzi_021'


text =

    'Source_nxi_003_nyi_003_nzi_022'


text =

    'Source_nxi_003_nyi_003_nzi_023'


text =

    'Source_nxi_003_nyi_003_nzi_024'


text =

    'Source_nxi_003_nyi_003_nzi_025'

Elapsed time is 0.862583 seconds.

text =

    'Source_nxi_003_nyi_004_nzi_001'


text =

    'Source_nxi_003_nyi_004_nzi_002'


text =

    'Source_nxi_003_nyi_004_nzi_003'


text =

    'Source_nxi_003_nyi_004_nzi_004'


text =

    'Source_nxi_003_nyi_004_nzi_005'


text =

    'Source_nxi_003_nyi_004_nzi_006'


text =

    'Source_nxi_003_nyi_004_nzi_007'


text =

    'Source_nxi_003_nyi_004_nzi_008'


text =

    'Source_nxi_003_nyi_004_nzi_009'


text =

    'Source_nxi_003_nyi_004_nzi_010'


text =

    'Source_nxi_003_nyi_004_nzi_011'


text =

    'Source_nxi_003_nyi_004_nzi_012'


text =

    'Source_nxi_003_nyi_004_nzi_013'


text =

    'Source_nxi_003_nyi_004_nzi_014'


text =

    'Source_nxi_003_nyi_004_nzi_015'


text =

    'Source_nxi_003_nyi_004_nzi_016'


text =

    'Source_nxi_003_nyi_004_nzi_017'


text =

    'Source_nxi_003_nyi_004_nzi_018'


text =

    'Source_nxi_003_nyi_004_nzi_019'


text =

    'Source_nxi_003_nyi_004_nzi_020'


text =

    'Source_nxi_003_nyi_004_nzi_021'


text =

    'Source_nxi_003_nyi_004_nzi_022'


text =

    'Source_nxi_003_nyi_004_nzi_023'


text =

    'Source_nxi_003_nyi_004_nzi_024'


text =

    'Source_nxi_003_nyi_004_nzi_025'

Elapsed time is 0.790805 seconds.

text =

    'Source_nxi_003_nyi_005_nzi_001'


text =

    'Source_nxi_003_nyi_005_nzi_002'


text =

    'Source_nxi_003_nyi_005_nzi_003'


text =

    'Source_nxi_003_nyi_005_nzi_004'


text =

    'Source_nxi_003_nyi_005_nzi_005'


text =

    'Source_nxi_003_nyi_005_nzi_006'


text =

    'Source_nxi_003_nyi_005_nzi_007'


text =

    'Source_nxi_003_nyi_005_nzi_008'


text =

    'Source_nxi_003_nyi_005_nzi_009'


text =

    'Source_nxi_003_nyi_005_nzi_010'


text =

    'Source_nxi_003_nyi_005_nzi_011'


text =

    'Source_nxi_003_nyi_005_nzi_012'


text =

    'Source_nxi_003_nyi_005_nzi_013'


text =

    'Source_nxi_003_nyi_005_nzi_014'


text =

    'Source_nxi_003_nyi_005_nzi_015'


text =

    'Source_nxi_003_nyi_005_nzi_016'


text =

    'Source_nxi_003_nyi_005_nzi_017'


text =

    'Source_nxi_003_nyi_005_nzi_018'


text =

    'Source_nxi_003_nyi_005_nzi_019'


text =

    'Source_nxi_003_nyi_005_nzi_020'


text =

    'Source_nxi_003_nyi_005_nzi_021'


text =

    'Source_nxi_003_nyi_005_nzi_022'


text =

    'Source_nxi_003_nyi_005_nzi_023'


text =

    'Source_nxi_003_nyi_005_nzi_024'


text =

    'Source_nxi_003_nyi_005_nzi_025'

Elapsed time is 0.871091 seconds.

text =

    'Source_nxi_003_nyi_006_nzi_001'


text =

    'Source_nxi_003_nyi_006_nzi_002'


text =

    'Source_nxi_003_nyi_006_nzi_003'


text =

    'Source_nxi_003_nyi_006_nzi_004'


text =

    'Source_nxi_003_nyi_006_nzi_005'


text =

    'Source_nxi_003_nyi_006_nzi_006'


text =

    'Source_nxi_003_nyi_006_nzi_007'


text =

    'Source_nxi_003_nyi_006_nzi_008'


text =

    'Source_nxi_003_nyi_006_nzi_009'


text =

    'Source_nxi_003_nyi_006_nzi_010'


text =

    'Source_nxi_003_nyi_006_nzi_011'


text =

    'Source_nxi_003_nyi_006_nzi_012'


text =

    'Source_nxi_003_nyi_006_nzi_013'


text =

    'Source_nxi_003_nyi_006_nzi_014'


text =

    'Source_nxi_003_nyi_006_nzi_015'


text =

    'Source_nxi_003_nyi_006_nzi_016'


text =

    'Source_nxi_003_nyi_006_nzi_017'


text =

    'Source_nxi_003_nyi_006_nzi_018'


text =

    'Source_nxi_003_nyi_006_nzi_019'


text =

    'Source_nxi_003_nyi_006_nzi_020'


text =

    'Source_nxi_003_nyi_006_nzi_021'


text =

    'Source_nxi_003_nyi_006_nzi_022'


text =

    'Source_nxi_003_nyi_006_nzi_023'


text =

    'Source_nxi_003_nyi_006_nzi_024'


text =

    'Source_nxi_003_nyi_006_nzi_025'

Elapsed time is 0.824631 seconds.

text =

    'Source_nxi_003_nyi_007_nzi_001'


text =

    'Source_nxi_003_nyi_007_nzi_002'


text =

    'Source_nxi_003_nyi_007_nzi_003'


text =

    'Source_nxi_003_nyi_007_nzi_004'


text =

    'Source_nxi_003_nyi_007_nzi_005'


text =

    'Source_nxi_003_nyi_007_nzi_006'


text =

    'Source_nxi_003_nyi_007_nzi_007'


text =

    'Source_nxi_003_nyi_007_nzi_008'


text =

    'Source_nxi_003_nyi_007_nzi_009'


text =

    'Source_nxi_003_nyi_007_nzi_010'


text =

    'Source_nxi_003_nyi_007_nzi_011'


text =

    'Source_nxi_003_nyi_007_nzi_012'


text =

    'Source_nxi_003_nyi_007_nzi_013'


text =

    'Source_nxi_003_nyi_007_nzi_014'


text =

    'Source_nxi_003_nyi_007_nzi_015'


text =

    'Source_nxi_003_nyi_007_nzi_016'


text =

    'Source_nxi_003_nyi_007_nzi_017'


text =

    'Source_nxi_003_nyi_007_nzi_018'


text =

    'Source_nxi_003_nyi_007_nzi_019'


text =

    'Source_nxi_003_nyi_007_nzi_020'


text =

    'Source_nxi_003_nyi_007_nzi_021'


text =

    'Source_nxi_003_nyi_007_nzi_022'


text =

    'Source_nxi_003_nyi_007_nzi_023'


text =

    'Source_nxi_003_nyi_007_nzi_024'


text =

    'Source_nxi_003_nyi_007_nzi_025'

Elapsed time is 0.908556 seconds.

text =

    'Source_nxi_003_nyi_008_nzi_001'


text =

    'Source_nxi_003_nyi_008_nzi_002'


text =

    'Source_nxi_003_nyi_008_nzi_003'


text =

    'Source_nxi_003_nyi_008_nzi_004'


text =

    'Source_nxi_003_nyi_008_nzi_005'


text =

    'Source_nxi_003_nyi_008_nzi_006'


text =

    'Source_nxi_003_nyi_008_nzi_007'


text =

    'Source_nxi_003_nyi_008_nzi_008'


text =

    'Source_nxi_003_nyi_008_nzi_009'


text =

    'Source_nxi_003_nyi_008_nzi_010'


text =

    'Source_nxi_003_nyi_008_nzi_011'


text =

    'Source_nxi_003_nyi_008_nzi_012'


text =

    'Source_nxi_003_nyi_008_nzi_013'


text =

    'Source_nxi_003_nyi_008_nzi_014'


text =

    'Source_nxi_003_nyi_008_nzi_015'


text =

    'Source_nxi_003_nyi_008_nzi_016'


text =

    'Source_nxi_003_nyi_008_nzi_017'


text =

    'Source_nxi_003_nyi_008_nzi_018'


text =

    'Source_nxi_003_nyi_008_nzi_019'


text =

    'Source_nxi_003_nyi_008_nzi_020'


text =

    'Source_nxi_003_nyi_008_nzi_021'


text =

    'Source_nxi_003_nyi_008_nzi_022'


text =

    'Source_nxi_003_nyi_008_nzi_023'


text =

    'Source_nxi_003_nyi_008_nzi_024'


text =

    'Source_nxi_003_nyi_008_nzi_025'

Elapsed time is 0.868822 seconds.

text =

    'Source_nxi_004_nyi_001_nzi_001'


text =

    'Source_nxi_004_nyi_001_nzi_002'


text =

    'Source_nxi_004_nyi_001_nzi_003'


text =

    'Source_nxi_004_nyi_001_nzi_004'


text =

    'Source_nxi_004_nyi_001_nzi_005'


text =

    'Source_nxi_004_nyi_001_nzi_006'


text =

    'Source_nxi_004_nyi_001_nzi_007'


text =

    'Source_nxi_004_nyi_001_nzi_008'


text =

    'Source_nxi_004_nyi_001_nzi_009'


text =

    'Source_nxi_004_nyi_001_nzi_010'


text =

    'Source_nxi_004_nyi_001_nzi_011'


text =

    'Source_nxi_004_nyi_001_nzi_012'


text =

    'Source_nxi_004_nyi_001_nzi_013'


text =

    'Source_nxi_004_nyi_001_nzi_014'


text =

    'Source_nxi_004_nyi_001_nzi_015'


text =

    'Source_nxi_004_nyi_001_nzi_016'


text =

    'Source_nxi_004_nyi_001_nzi_017'


text =

    'Source_nxi_004_nyi_001_nzi_018'


text =

    'Source_nxi_004_nyi_001_nzi_019'


text =

    'Source_nxi_004_nyi_001_nzi_020'


text =

    'Source_nxi_004_nyi_001_nzi_021'


text =

    'Source_nxi_004_nyi_001_nzi_022'


text =

    'Source_nxi_004_nyi_001_nzi_023'


text =

    'Source_nxi_004_nyi_001_nzi_024'


text =

    'Source_nxi_004_nyi_001_nzi_025'

Elapsed time is 0.950123 seconds.

text =

    'Source_nxi_004_nyi_002_nzi_001'


text =

    'Source_nxi_004_nyi_002_nzi_002'


text =

    'Source_nxi_004_nyi_002_nzi_003'


text =

    'Source_nxi_004_nyi_002_nzi_004'


text =

    'Source_nxi_004_nyi_002_nzi_005'


text =

    'Source_nxi_004_nyi_002_nzi_006'


text =

    'Source_nxi_004_nyi_002_nzi_007'


text =

    'Source_nxi_004_nyi_002_nzi_008'


text =

    'Source_nxi_004_nyi_002_nzi_009'


text =

    'Source_nxi_004_nyi_002_nzi_010'


text =

    'Source_nxi_004_nyi_002_nzi_011'


text =

    'Source_nxi_004_nyi_002_nzi_012'


text =

    'Source_nxi_004_nyi_002_nzi_013'


text =

    'Source_nxi_004_nyi_002_nzi_014'


text =

    'Source_nxi_004_nyi_002_nzi_015'


text =

    'Source_nxi_004_nyi_002_nzi_016'


text =

    'Source_nxi_004_nyi_002_nzi_017'


text =

    'Source_nxi_004_nyi_002_nzi_018'


text =

    'Source_nxi_004_nyi_002_nzi_019'


text =

    'Source_nxi_004_nyi_002_nzi_020'


text =

    'Source_nxi_004_nyi_002_nzi_021'


text =

    'Source_nxi_004_nyi_002_nzi_022'


text =

    'Source_nxi_004_nyi_002_nzi_023'


text =

    'Source_nxi_004_nyi_002_nzi_024'


text =

    'Source_nxi_004_nyi_002_nzi_025'

Elapsed time is 0.946895 seconds.

text =

    'Source_nxi_004_nyi_003_nzi_001'


text =

    'Source_nxi_004_nyi_003_nzi_002'


text =

    'Source_nxi_004_nyi_003_nzi_003'


text =

    'Source_nxi_004_nyi_003_nzi_004'


text =

    'Source_nxi_004_nyi_003_nzi_005'


text =

    'Source_nxi_004_nyi_003_nzi_006'


text =

    'Source_nxi_004_nyi_003_nzi_007'


text =

    'Source_nxi_004_nyi_003_nzi_008'


text =

    'Source_nxi_004_nyi_003_nzi_009'


text =

    'Source_nxi_004_nyi_003_nzi_010'


text =

    'Source_nxi_004_nyi_003_nzi_011'


text =

    'Source_nxi_004_nyi_003_nzi_012'


text =

    'Source_nxi_004_nyi_003_nzi_013'


text =

    'Source_nxi_004_nyi_003_nzi_014'


text =

    'Source_nxi_004_nyi_003_nzi_015'


text =

    'Source_nxi_004_nyi_003_nzi_016'


text =

    'Source_nxi_004_nyi_003_nzi_017'


text =

    'Source_nxi_004_nyi_003_nzi_018'


text =

    'Source_nxi_004_nyi_003_nzi_019'


text =

    'Source_nxi_004_nyi_003_nzi_020'


text =

    'Source_nxi_004_nyi_003_nzi_021'


text =

    'Source_nxi_004_nyi_003_nzi_022'


text =

    'Source_nxi_004_nyi_003_nzi_023'


text =

    'Source_nxi_004_nyi_003_nzi_024'


text =

    'Source_nxi_004_nyi_003_nzi_025'

Elapsed time is 0.858629 seconds.

text =

    'Source_nxi_004_nyi_004_nzi_001'


text =

    'Source_nxi_004_nyi_004_nzi_002'


text =

    'Source_nxi_004_nyi_004_nzi_003'


text =

    'Source_nxi_004_nyi_004_nzi_004'


text =

    'Source_nxi_004_nyi_004_nzi_005'


text =

    'Source_nxi_004_nyi_004_nzi_006'


text =

    'Source_nxi_004_nyi_004_nzi_007'


text =

    'Source_nxi_004_nyi_004_nzi_008'


text =

    'Source_nxi_004_nyi_004_nzi_009'


text =

    'Source_nxi_004_nyi_004_nzi_010'


text =

    'Source_nxi_004_nyi_004_nzi_011'


text =

    'Source_nxi_004_nyi_004_nzi_012'


text =

    'Source_nxi_004_nyi_004_nzi_013'


text =

    'Source_nxi_004_nyi_004_nzi_014'


text =

    'Source_nxi_004_nyi_004_nzi_015'


text =

    'Source_nxi_004_nyi_004_nzi_016'


text =

    'Source_nxi_004_nyi_004_nzi_017'


text =

    'Source_nxi_004_nyi_004_nzi_018'


text =

    'Source_nxi_004_nyi_004_nzi_019'


text =

    'Source_nxi_004_nyi_004_nzi_020'


text =

    'Source_nxi_004_nyi_004_nzi_021'


text =

    'Source_nxi_004_nyi_004_nzi_022'


text =

    'Source_nxi_004_nyi_004_nzi_023'


text =

    'Source_nxi_004_nyi_004_nzi_024'


text =

    'Source_nxi_004_nyi_004_nzi_025'

Elapsed time is 0.785945 seconds.

text =

    'Source_nxi_004_nyi_005_nzi_001'


text =

    'Source_nxi_004_nyi_005_nzi_002'


text =

    'Source_nxi_004_nyi_005_nzi_003'


text =

    'Source_nxi_004_nyi_005_nzi_004'


text =

    'Source_nxi_004_nyi_005_nzi_005'


text =

    'Source_nxi_004_nyi_005_nzi_006'


text =

    'Source_nxi_004_nyi_005_nzi_007'


text =

    'Source_nxi_004_nyi_005_nzi_008'


text =

    'Source_nxi_004_nyi_005_nzi_009'


text =

    'Source_nxi_004_nyi_005_nzi_010'


text =

    'Source_nxi_004_nyi_005_nzi_011'


text =

    'Source_nxi_004_nyi_005_nzi_012'


text =

    'Source_nxi_004_nyi_005_nzi_013'


text =

    'Source_nxi_004_nyi_005_nzi_014'


text =

    'Source_nxi_004_nyi_005_nzi_015'


text =

    'Source_nxi_004_nyi_005_nzi_016'


text =

    'Source_nxi_004_nyi_005_nzi_017'


text =

    'Source_nxi_004_nyi_005_nzi_018'


text =

    'Source_nxi_004_nyi_005_nzi_019'


text =

    'Source_nxi_004_nyi_005_nzi_020'


text =

    'Source_nxi_004_nyi_005_nzi_021'


text =

    'Source_nxi_004_nyi_005_nzi_022'


text =

    'Source_nxi_004_nyi_005_nzi_023'


text =

    'Source_nxi_004_nyi_005_nzi_024'


text =

    'Source_nxi_004_nyi_005_nzi_025'

Elapsed time is 0.795244 seconds.

text =

    'Source_nxi_004_nyi_006_nzi_001'


text =

    'Source_nxi_004_nyi_006_nzi_002'


text =

    'Source_nxi_004_nyi_006_nzi_003'


text =

    'Source_nxi_004_nyi_006_nzi_004'


text =

    'Source_nxi_004_nyi_006_nzi_005'


text =

    'Source_nxi_004_nyi_006_nzi_006'


text =

    'Source_nxi_004_nyi_006_nzi_007'


text =

    'Source_nxi_004_nyi_006_nzi_008'


text =

    'Source_nxi_004_nyi_006_nzi_009'


text =

    'Source_nxi_004_nyi_006_nzi_010'


text =

    'Source_nxi_004_nyi_006_nzi_011'


text =

    'Source_nxi_004_nyi_006_nzi_012'


text =

    'Source_nxi_004_nyi_006_nzi_013'


text =

    'Source_nxi_004_nyi_006_nzi_014'


text =

    'Source_nxi_004_nyi_006_nzi_015'


text =

    'Source_nxi_004_nyi_006_nzi_016'


text =

    'Source_nxi_004_nyi_006_nzi_017'


text =

    'Source_nxi_004_nyi_006_nzi_018'


text =

    'Source_nxi_004_nyi_006_nzi_019'


text =

    'Source_nxi_004_nyi_006_nzi_020'


text =

    'Source_nxi_004_nyi_006_nzi_021'


text =

    'Source_nxi_004_nyi_006_nzi_022'


text =

    'Source_nxi_004_nyi_006_nzi_023'


text =

    'Source_nxi_004_nyi_006_nzi_024'


text =

    'Source_nxi_004_nyi_006_nzi_025'

Elapsed time is 0.883809 seconds.

text =

    'Source_nxi_004_nyi_007_nzi_001'


text =

    'Source_nxi_004_nyi_007_nzi_002'


text =

    'Source_nxi_004_nyi_007_nzi_003'


text =

    'Source_nxi_004_nyi_007_nzi_004'


text =

    'Source_nxi_004_nyi_007_nzi_005'


text =

    'Source_nxi_004_nyi_007_nzi_006'


text =

    'Source_nxi_004_nyi_007_nzi_007'


text =

    'Source_nxi_004_nyi_007_nzi_008'


text =

    'Source_nxi_004_nyi_007_nzi_009'


text =

    'Source_nxi_004_nyi_007_nzi_010'


text =

    'Source_nxi_004_nyi_007_nzi_011'


text =

    'Source_nxi_004_nyi_007_nzi_012'


text =

    'Source_nxi_004_nyi_007_nzi_013'


text =

    'Source_nxi_004_nyi_007_nzi_014'


text =

    'Source_nxi_004_nyi_007_nzi_015'


text =

    'Source_nxi_004_nyi_007_nzi_016'


text =

    'Source_nxi_004_nyi_007_nzi_017'


text =

    'Source_nxi_004_nyi_007_nzi_018'


text =

    'Source_nxi_004_nyi_007_nzi_019'


text =

    'Source_nxi_004_nyi_007_nzi_020'


text =

    'Source_nxi_004_nyi_007_nzi_021'


text =

    'Source_nxi_004_nyi_007_nzi_022'


text =

    'Source_nxi_004_nyi_007_nzi_023'


text =

    'Source_nxi_004_nyi_007_nzi_024'


text =

    'Source_nxi_004_nyi_007_nzi_025'

Elapsed time is 0.942298 seconds.

text =

    'Source_nxi_004_nyi_008_nzi_001'


text =

    'Source_nxi_004_nyi_008_nzi_002'


text =

    'Source_nxi_004_nyi_008_nzi_003'


text =

    'Source_nxi_004_nyi_008_nzi_004'


text =

    'Source_nxi_004_nyi_008_nzi_005'


text =

    'Source_nxi_004_nyi_008_nzi_006'


text =

    'Source_nxi_004_nyi_008_nzi_007'


text =

    'Source_nxi_004_nyi_008_nzi_008'


text =

    'Source_nxi_004_nyi_008_nzi_009'


text =

    'Source_nxi_004_nyi_008_nzi_010'


text =

    'Source_nxi_004_nyi_008_nzi_011'


text =

    'Source_nxi_004_nyi_008_nzi_012'


text =

    'Source_nxi_004_nyi_008_nzi_013'


text =

    'Source_nxi_004_nyi_008_nzi_014'


text =

    'Source_nxi_004_nyi_008_nzi_015'


text =

    'Source_nxi_004_nyi_008_nzi_016'


text =

    'Source_nxi_004_nyi_008_nzi_017'


text =

    'Source_nxi_004_nyi_008_nzi_018'


text =

    'Source_nxi_004_nyi_008_nzi_019'


text =

    'Source_nxi_004_nyi_008_nzi_020'


text =

    'Source_nxi_004_nyi_008_nzi_021'


text =

    'Source_nxi_004_nyi_008_nzi_022'


text =

    'Source_nxi_004_nyi_008_nzi_023'


text =

    'Source_nxi_004_nyi_008_nzi_024'


text =

    'Source_nxi_004_nyi_008_nzi_025'

Elapsed time is 0.887411 seconds.

text =

    'Source_nxi_005_nyi_001_nzi_001'


text =

    'Source_nxi_005_nyi_001_nzi_002'


text =

    'Source_nxi_005_nyi_001_nzi_003'


text =

    'Source_nxi_005_nyi_001_nzi_004'


text =

    'Source_nxi_005_nyi_001_nzi_005'


text =

    'Source_nxi_005_nyi_001_nzi_006'


text =

    'Source_nxi_005_nyi_001_nzi_007'


text =

    'Source_nxi_005_nyi_001_nzi_008'


text =

    'Source_nxi_005_nyi_001_nzi_009'


text =

    'Source_nxi_005_nyi_001_nzi_010'


text =

    'Source_nxi_005_nyi_001_nzi_011'


text =

    'Source_nxi_005_nyi_001_nzi_012'


text =

    'Source_nxi_005_nyi_001_nzi_013'


text =

    'Source_nxi_005_nyi_001_nzi_014'


text =

    'Source_nxi_005_nyi_001_nzi_015'


text =

    'Source_nxi_005_nyi_001_nzi_016'


text =

    'Source_nxi_005_nyi_001_nzi_017'


text =

    'Source_nxi_005_nyi_001_nzi_018'


text =

    'Source_nxi_005_nyi_001_nzi_019'


text =

    'Source_nxi_005_nyi_001_nzi_020'


text =

    'Source_nxi_005_nyi_001_nzi_021'


text =

    'Source_nxi_005_nyi_001_nzi_022'


text =

    'Source_nxi_005_nyi_001_nzi_023'


text =

    'Source_nxi_005_nyi_001_nzi_024'


text =

    'Source_nxi_005_nyi_001_nzi_025'

Elapsed time is 0.903978 seconds.

text =

    'Source_nxi_005_nyi_002_nzi_001'


text =

    'Source_nxi_005_nyi_002_nzi_002'


text =

    'Source_nxi_005_nyi_002_nzi_003'


text =

    'Source_nxi_005_nyi_002_nzi_004'


text =

    'Source_nxi_005_nyi_002_nzi_005'


text =

    'Source_nxi_005_nyi_002_nzi_006'


text =

    'Source_nxi_005_nyi_002_nzi_007'


text =

    'Source_nxi_005_nyi_002_nzi_008'


text =

    'Source_nxi_005_nyi_002_nzi_009'


text =

    'Source_nxi_005_nyi_002_nzi_010'


text =

    'Source_nxi_005_nyi_002_nzi_011'


text =

    'Source_nxi_005_nyi_002_nzi_012'


text =

    'Source_nxi_005_nyi_002_nzi_013'


text =

    'Source_nxi_005_nyi_002_nzi_014'


text =

    'Source_nxi_005_nyi_002_nzi_015'


text =

    'Source_nxi_005_nyi_002_nzi_016'


text =

    'Source_nxi_005_nyi_002_nzi_017'


text =

    'Source_nxi_005_nyi_002_nzi_018'


text =

    'Source_nxi_005_nyi_002_nzi_019'


text =

    'Source_nxi_005_nyi_002_nzi_020'


text =

    'Source_nxi_005_nyi_002_nzi_021'


text =

    'Source_nxi_005_nyi_002_nzi_022'


text =

    'Source_nxi_005_nyi_002_nzi_023'


text =

    'Source_nxi_005_nyi_002_nzi_024'


text =

    'Source_nxi_005_nyi_002_nzi_025'

Elapsed time is 0.965417 seconds.

text =

    'Source_nxi_005_nyi_003_nzi_001'


text =

    'Source_nxi_005_nyi_003_nzi_002'


text =

    'Source_nxi_005_nyi_003_nzi_003'


text =

    'Source_nxi_005_nyi_003_nzi_004'


text =

    'Source_nxi_005_nyi_003_nzi_005'


text =

    'Source_nxi_005_nyi_003_nzi_006'


text =

    'Source_nxi_005_nyi_003_nzi_007'


text =

    'Source_nxi_005_nyi_003_nzi_008'


text =

    'Source_nxi_005_nyi_003_nzi_009'


text =

    'Source_nxi_005_nyi_003_nzi_010'


text =

    'Source_nxi_005_nyi_003_nzi_011'


text =

    'Source_nxi_005_nyi_003_nzi_012'


text =

    'Source_nxi_005_nyi_003_nzi_013'


text =

    'Source_nxi_005_nyi_003_nzi_014'


text =

    'Source_nxi_005_nyi_003_nzi_015'


text =

    'Source_nxi_005_nyi_003_nzi_016'


text =

    'Source_nxi_005_nyi_003_nzi_017'


text =

    'Source_nxi_005_nyi_003_nzi_018'


text =

    'Source_nxi_005_nyi_003_nzi_019'


text =

    'Source_nxi_005_nyi_003_nzi_020'


text =

    'Source_nxi_005_nyi_003_nzi_021'


text =

    'Source_nxi_005_nyi_003_nzi_022'


text =

    'Source_nxi_005_nyi_003_nzi_023'


text =

    'Source_nxi_005_nyi_003_nzi_024'


text =

    'Source_nxi_005_nyi_003_nzi_025'

Elapsed time is 0.876543 seconds.

text =

    'Source_nxi_005_nyi_004_nzi_001'


text =

    'Source_nxi_005_nyi_004_nzi_002'


text =

    'Source_nxi_005_nyi_004_nzi_003'


text =

    'Source_nxi_005_nyi_004_nzi_004'


text =

    'Source_nxi_005_nyi_004_nzi_005'


text =

    'Source_nxi_005_nyi_004_nzi_006'


text =

    'Source_nxi_005_nyi_004_nzi_007'


text =

    'Source_nxi_005_nyi_004_nzi_008'


text =

    'Source_nxi_005_nyi_004_nzi_009'


text =

    'Source_nxi_005_nyi_004_nzi_010'


text =

    'Source_nxi_005_nyi_004_nzi_011'


text =

    'Source_nxi_005_nyi_004_nzi_012'


text =

    'Source_nxi_005_nyi_004_nzi_013'


text =

    'Source_nxi_005_nyi_004_nzi_014'


text =

    'Source_nxi_005_nyi_004_nzi_015'


text =

    'Source_nxi_005_nyi_004_nzi_016'


text =

    'Source_nxi_005_nyi_004_nzi_017'


text =

    'Source_nxi_005_nyi_004_nzi_018'


text =

    'Source_nxi_005_nyi_004_nzi_019'


text =

    'Source_nxi_005_nyi_004_nzi_020'


text =

    'Source_nxi_005_nyi_004_nzi_021'


text =

    'Source_nxi_005_nyi_004_nzi_022'


text =

    'Source_nxi_005_nyi_004_nzi_023'


text =

    'Source_nxi_005_nyi_004_nzi_024'


text =

    'Source_nxi_005_nyi_004_nzi_025'

Elapsed time is 0.787178 seconds.

text =

    'Source_nxi_005_nyi_005_nzi_001'


text =

    'Source_nxi_005_nyi_005_nzi_002'


text =

    'Source_nxi_005_nyi_005_nzi_003'


text =

    'Source_nxi_005_nyi_005_nzi_004'


text =

    'Source_nxi_005_nyi_005_nzi_005'


text =

    'Source_nxi_005_nyi_005_nzi_006'


text =

    'Source_nxi_005_nyi_005_nzi_007'


text =

    'Source_nxi_005_nyi_005_nzi_008'


text =

    'Source_nxi_005_nyi_005_nzi_009'


text =

    'Source_nxi_005_nyi_005_nzi_010'


text =

    'Source_nxi_005_nyi_005_nzi_011'


text =

    'Source_nxi_005_nyi_005_nzi_012'


text =

    'Source_nxi_005_nyi_005_nzi_013'


text =

    'Source_nxi_005_nyi_005_nzi_014'


text =

    'Source_nxi_005_nyi_005_nzi_015'


text =

    'Source_nxi_005_nyi_005_nzi_016'


text =

    'Source_nxi_005_nyi_005_nzi_017'


text =

    'Source_nxi_005_nyi_005_nzi_018'


text =

    'Source_nxi_005_nyi_005_nzi_019'


text =

    'Source_nxi_005_nyi_005_nzi_020'


text =

    'Source_nxi_005_nyi_005_nzi_021'


text =

    'Source_nxi_005_nyi_005_nzi_022'


text =

    'Source_nxi_005_nyi_005_nzi_023'


text =

    'Source_nxi_005_nyi_005_nzi_024'


text =

    'Source_nxi_005_nyi_005_nzi_025'

Elapsed time is 0.795386 seconds.

text =

    'Source_nxi_005_nyi_006_nzi_001'


text =

    'Source_nxi_005_nyi_006_nzi_002'


text =

    'Source_nxi_005_nyi_006_nzi_003'


text =

    'Source_nxi_005_nyi_006_nzi_004'


text =

    'Source_nxi_005_nyi_006_nzi_005'


text =

    'Source_nxi_005_nyi_006_nzi_006'


text =

    'Source_nxi_005_nyi_006_nzi_007'


text =

    'Source_nxi_005_nyi_006_nzi_008'


text =

    'Source_nxi_005_nyi_006_nzi_009'


text =

    'Source_nxi_005_nyi_006_nzi_010'


text =

    'Source_nxi_005_nyi_006_nzi_011'


text =

    'Source_nxi_005_nyi_006_nzi_012'


text =

    'Source_nxi_005_nyi_006_nzi_013'


text =

    'Source_nxi_005_nyi_006_nzi_014'


text =

    'Source_nxi_005_nyi_006_nzi_015'


text =

    'Source_nxi_005_nyi_006_nzi_016'


text =

    'Source_nxi_005_nyi_006_nzi_017'


text =

    'Source_nxi_005_nyi_006_nzi_018'


text =

    'Source_nxi_005_nyi_006_nzi_019'


text =

    'Source_nxi_005_nyi_006_nzi_020'


text =

    'Source_nxi_005_nyi_006_nzi_021'


text =

    'Source_nxi_005_nyi_006_nzi_022'


text =

    'Source_nxi_005_nyi_006_nzi_023'


text =

    'Source_nxi_005_nyi_006_nzi_024'


text =

    'Source_nxi_005_nyi_006_nzi_025'

Elapsed time is 0.887191 seconds.

text =

    'Source_nxi_005_nyi_007_nzi_001'


text =

    'Source_nxi_005_nyi_007_nzi_002'


text =

    'Source_nxi_005_nyi_007_nzi_003'


text =

    'Source_nxi_005_nyi_007_nzi_004'


text =

    'Source_nxi_005_nyi_007_nzi_005'


text =

    'Source_nxi_005_nyi_007_nzi_006'


text =

    'Source_nxi_005_nyi_007_nzi_007'


text =

    'Source_nxi_005_nyi_007_nzi_008'


text =

    'Source_nxi_005_nyi_007_nzi_009'


text =

    'Source_nxi_005_nyi_007_nzi_010'


text =

    'Source_nxi_005_nyi_007_nzi_011'


text =

    'Source_nxi_005_nyi_007_nzi_012'


text =

    'Source_nxi_005_nyi_007_nzi_013'


text =

    'Source_nxi_005_nyi_007_nzi_014'


text =

    'Source_nxi_005_nyi_007_nzi_015'


text =

    'Source_nxi_005_nyi_007_nzi_016'


text =

    'Source_nxi_005_nyi_007_nzi_017'


text =

    'Source_nxi_005_nyi_007_nzi_018'


text =

    'Source_nxi_005_nyi_007_nzi_019'


text =

    'Source_nxi_005_nyi_007_nzi_020'


text =

    'Source_nxi_005_nyi_007_nzi_021'


text =

    'Source_nxi_005_nyi_007_nzi_022'


text =

    'Source_nxi_005_nyi_007_nzi_023'


text =

    'Source_nxi_005_nyi_007_nzi_024'


text =

    'Source_nxi_005_nyi_007_nzi_025'

Elapsed time is 0.959928 seconds.

text =

    'Source_nxi_005_nyi_008_nzi_001'


text =

    'Source_nxi_005_nyi_008_nzi_002'


text =

    'Source_nxi_005_nyi_008_nzi_003'


text =

    'Source_nxi_005_nyi_008_nzi_004'


text =

    'Source_nxi_005_nyi_008_nzi_005'


text =

    'Source_nxi_005_nyi_008_nzi_006'


text =

    'Source_nxi_005_nyi_008_nzi_007'


text =

    'Source_nxi_005_nyi_008_nzi_008'


text =

    'Source_nxi_005_nyi_008_nzi_009'


text =

    'Source_nxi_005_nyi_008_nzi_010'


text =

    'Source_nxi_005_nyi_008_nzi_011'


text =

    'Source_nxi_005_nyi_008_nzi_012'


text =

    'Source_nxi_005_nyi_008_nzi_013'


text =

    'Source_nxi_005_nyi_008_nzi_014'


text =

    'Source_nxi_005_nyi_008_nzi_015'


text =

    'Source_nxi_005_nyi_008_nzi_016'


text =

    'Source_nxi_005_nyi_008_nzi_017'


text =

    'Source_nxi_005_nyi_008_nzi_018'


text =

    'Source_nxi_005_nyi_008_nzi_019'


text =

    'Source_nxi_005_nyi_008_nzi_020'


text =

    'Source_nxi_005_nyi_008_nzi_021'


text =

    'Source_nxi_005_nyi_008_nzi_022'


text =

    'Source_nxi_005_nyi_008_nzi_023'


text =

    'Source_nxi_005_nyi_008_nzi_024'


text =

    'Source_nxi_005_nyi_008_nzi_025'

Elapsed time is 0.889825 seconds.

text =

    'Source_nxi_006_nyi_001_nzi_001'


text =

    'Source_nxi_006_nyi_001_nzi_002'


text =

    'Source_nxi_006_nyi_001_nzi_003'


text =

    'Source_nxi_006_nyi_001_nzi_004'


text =

    'Source_nxi_006_nyi_001_nzi_005'


text =

    'Source_nxi_006_nyi_001_nzi_006'


text =

    'Source_nxi_006_nyi_001_nzi_007'


text =

    'Source_nxi_006_nyi_001_nzi_008'


text =

    'Source_nxi_006_nyi_001_nzi_009'


text =

    'Source_nxi_006_nyi_001_nzi_010'


text =

    'Source_nxi_006_nyi_001_nzi_011'


text =

    'Source_nxi_006_nyi_001_nzi_012'


text =

    'Source_nxi_006_nyi_001_nzi_013'


text =

    'Source_nxi_006_nyi_001_nzi_014'


text =

    'Source_nxi_006_nyi_001_nzi_015'


text =

    'Source_nxi_006_nyi_001_nzi_016'


text =

    'Source_nxi_006_nyi_001_nzi_017'


text =

    'Source_nxi_006_nyi_001_nzi_018'


text =

    'Source_nxi_006_nyi_001_nzi_019'


text =

    'Source_nxi_006_nyi_001_nzi_020'


text =

    'Source_nxi_006_nyi_001_nzi_021'


text =

    'Source_nxi_006_nyi_001_nzi_022'


text =

    'Source_nxi_006_nyi_001_nzi_023'


text =

    'Source_nxi_006_nyi_001_nzi_024'


text =

    'Source_nxi_006_nyi_001_nzi_025'

Elapsed time is 1.818132 seconds.

text =

    'Source_nxi_006_nyi_002_nzi_001'


text =

    'Source_nxi_006_nyi_002_nzi_002'


text =

    'Source_nxi_006_nyi_002_nzi_003'


text =

    'Source_nxi_006_nyi_002_nzi_004'


text =

    'Source_nxi_006_nyi_002_nzi_005'


text =

    'Source_nxi_006_nyi_002_nzi_006'


text =

    'Source_nxi_006_nyi_002_nzi_007'


text =

    'Source_nxi_006_nyi_002_nzi_008'


text =

    'Source_nxi_006_nyi_002_nzi_009'


text =

    'Source_nxi_006_nyi_002_nzi_010'


text =

    'Source_nxi_006_nyi_002_nzi_011'


text =

    'Source_nxi_006_nyi_002_nzi_012'


text =

    'Source_nxi_006_nyi_002_nzi_013'


text =

    'Source_nxi_006_nyi_002_nzi_014'


text =

    'Source_nxi_006_nyi_002_nzi_015'


text =

    'Source_nxi_006_nyi_002_nzi_016'


text =

    'Source_nxi_006_nyi_002_nzi_017'


text =

    'Source_nxi_006_nyi_002_nzi_018'


text =

    'Source_nxi_006_nyi_002_nzi_019'


text =

    'Source_nxi_006_nyi_002_nzi_020'


text =

    'Source_nxi_006_nyi_002_nzi_021'


text =

    'Source_nxi_006_nyi_002_nzi_022'


text =

    'Source_nxi_006_nyi_002_nzi_023'


text =

    'Source_nxi_006_nyi_002_nzi_024'


text =

    'Source_nxi_006_nyi_002_nzi_025'

Elapsed time is 0.776552 seconds.

text =

    'Source_nxi_006_nyi_003_nzi_001'


text =

    'Source_nxi_006_nyi_003_nzi_002'


text =

    'Source_nxi_006_nyi_003_nzi_003'


text =

    'Source_nxi_006_nyi_003_nzi_004'


text =

    'Source_nxi_006_nyi_003_nzi_005'


text =

    'Source_nxi_006_nyi_003_nzi_006'


text =

    'Source_nxi_006_nyi_003_nzi_007'


text =

    'Source_nxi_006_nyi_003_nzi_008'


text =

    'Source_nxi_006_nyi_003_nzi_009'


text =

    'Source_nxi_006_nyi_003_nzi_010'


text =

    'Source_nxi_006_nyi_003_nzi_011'


text =

    'Source_nxi_006_nyi_003_nzi_012'


text =

    'Source_nxi_006_nyi_003_nzi_013'


text =

    'Source_nxi_006_nyi_003_nzi_014'


text =

    'Source_nxi_006_nyi_003_nzi_015'


text =

    'Source_nxi_006_nyi_003_nzi_016'


text =

    'Source_nxi_006_nyi_003_nzi_017'


text =

    'Source_nxi_006_nyi_003_nzi_018'


text =

    'Source_nxi_006_nyi_003_nzi_019'


text =

    'Source_nxi_006_nyi_003_nzi_020'


text =

    'Source_nxi_006_nyi_003_nzi_021'


text =

    'Source_nxi_006_nyi_003_nzi_022'


text =

    'Source_nxi_006_nyi_003_nzi_023'


text =

    'Source_nxi_006_nyi_003_nzi_024'


text =

    'Source_nxi_006_nyi_003_nzi_025'

Elapsed time is 0.702146 seconds.

text =

    'Source_nxi_006_nyi_004_nzi_001'


text =

    'Source_nxi_006_nyi_004_nzi_002'


text =

    'Source_nxi_006_nyi_004_nzi_003'


text =

    'Source_nxi_006_nyi_004_nzi_004'


text =

    'Source_nxi_006_nyi_004_nzi_005'


text =

    'Source_nxi_006_nyi_004_nzi_006'


text =

    'Source_nxi_006_nyi_004_nzi_007'


text =

    'Source_nxi_006_nyi_004_nzi_008'


text =

    'Source_nxi_006_nyi_004_nzi_009'


text =

    'Source_nxi_006_nyi_004_nzi_010'


text =

    'Source_nxi_006_nyi_004_nzi_011'


text =

    'Source_nxi_006_nyi_004_nzi_012'


text =

    'Source_nxi_006_nyi_004_nzi_013'


text =

    'Source_nxi_006_nyi_004_nzi_014'


text =

    'Source_nxi_006_nyi_004_nzi_015'


text =

    'Source_nxi_006_nyi_004_nzi_016'


text =

    'Source_nxi_006_nyi_004_nzi_017'


text =

    'Source_nxi_006_nyi_004_nzi_018'


text =

    'Source_nxi_006_nyi_004_nzi_019'


text =

    'Source_nxi_006_nyi_004_nzi_020'


text =

    'Source_nxi_006_nyi_004_nzi_021'


text =

    'Source_nxi_006_nyi_004_nzi_022'


text =

    'Source_nxi_006_nyi_004_nzi_023'


text =

    'Source_nxi_006_nyi_004_nzi_024'


text =

    'Source_nxi_006_nyi_004_nzi_025'

Elapsed time is 0.636349 seconds.

text =

    'Source_nxi_006_nyi_005_nzi_001'


text =

    'Source_nxi_006_nyi_005_nzi_002'


text =

    'Source_nxi_006_nyi_005_nzi_003'


text =

    'Source_nxi_006_nyi_005_nzi_004'


text =

    'Source_nxi_006_nyi_005_nzi_005'


text =

    'Source_nxi_006_nyi_005_nzi_006'


text =

    'Source_nxi_006_nyi_005_nzi_007'


text =

    'Source_nxi_006_nyi_005_nzi_008'


text =

    'Source_nxi_006_nyi_005_nzi_009'


text =

    'Source_nxi_006_nyi_005_nzi_010'


text =

    'Source_nxi_006_nyi_005_nzi_011'


text =

    'Source_nxi_006_nyi_005_nzi_012'


text =

    'Source_nxi_006_nyi_005_nzi_013'


text =

    'Source_nxi_006_nyi_005_nzi_014'


text =

    'Source_nxi_006_nyi_005_nzi_015'


text =

    'Source_nxi_006_nyi_005_nzi_016'


text =

    'Source_nxi_006_nyi_005_nzi_017'


text =

    'Source_nxi_006_nyi_005_nzi_018'


text =

    'Source_nxi_006_nyi_005_nzi_019'


text =

    'Source_nxi_006_nyi_005_nzi_020'


text =

    'Source_nxi_006_nyi_005_nzi_021'


text =

    'Source_nxi_006_nyi_005_nzi_022'


text =

    'Source_nxi_006_nyi_005_nzi_023'


text =

    'Source_nxi_006_nyi_005_nzi_024'


text =

    'Source_nxi_006_nyi_005_nzi_025'

Elapsed time is 0.675377 seconds.

text =

    'Source_nxi_006_nyi_006_nzi_001'


text =

    'Source_nxi_006_nyi_006_nzi_002'


text =

    'Source_nxi_006_nyi_006_nzi_003'


text =

    'Source_nxi_006_nyi_006_nzi_004'


text =

    'Source_nxi_006_nyi_006_nzi_005'


text =

    'Source_nxi_006_nyi_006_nzi_006'


text =

    'Source_nxi_006_nyi_006_nzi_007'


text =

    'Source_nxi_006_nyi_006_nzi_008'


text =

    'Source_nxi_006_nyi_006_nzi_009'


text =

    'Source_nxi_006_nyi_006_nzi_010'


text =

    'Source_nxi_006_nyi_006_nzi_011'


text =

    'Source_nxi_006_nyi_006_nzi_012'


text =

    'Source_nxi_006_nyi_006_nzi_013'


text =

    'Source_nxi_006_nyi_006_nzi_014'


text =

    'Source_nxi_006_nyi_006_nzi_015'


text =

    'Source_nxi_006_nyi_006_nzi_016'


text =

    'Source_nxi_006_nyi_006_nzi_017'


text =

    'Source_nxi_006_nyi_006_nzi_018'


text =

    'Source_nxi_006_nyi_006_nzi_019'


text =

    'Source_nxi_006_nyi_006_nzi_020'


text =

    'Source_nxi_006_nyi_006_nzi_021'


text =

    'Source_nxi_006_nyi_006_nzi_022'


text =

    'Source_nxi_006_nyi_006_nzi_023'


text =

    'Source_nxi_006_nyi_006_nzi_024'


text =

    'Source_nxi_006_nyi_006_nzi_025'

Elapsed time is 0.722486 seconds.

text =

    'Source_nxi_006_nyi_007_nzi_001'


text =

    'Source_nxi_006_nyi_007_nzi_002'


text =

    'Source_nxi_006_nyi_007_nzi_003'


text =

    'Source_nxi_006_nyi_007_nzi_004'


text =

    'Source_nxi_006_nyi_007_nzi_005'


text =

    'Source_nxi_006_nyi_007_nzi_006'


text =

    'Source_nxi_006_nyi_007_nzi_007'


text =

    'Source_nxi_006_nyi_007_nzi_008'


text =

    'Source_nxi_006_nyi_007_nzi_009'


text =

    'Source_nxi_006_nyi_007_nzi_010'


text =

    'Source_nxi_006_nyi_007_nzi_011'


text =

    'Source_nxi_006_nyi_007_nzi_012'


text =

    'Source_nxi_006_nyi_007_nzi_013'


text =

    'Source_nxi_006_nyi_007_nzi_014'


text =

    'Source_nxi_006_nyi_007_nzi_015'


text =

    'Source_nxi_006_nyi_007_nzi_016'


text =

    'Source_nxi_006_nyi_007_nzi_017'


text =

    'Source_nxi_006_nyi_007_nzi_018'


text =

    'Source_nxi_006_nyi_007_nzi_019'


text =

    'Source_nxi_006_nyi_007_nzi_020'


text =

    'Source_nxi_006_nyi_007_nzi_021'


text =

    'Source_nxi_006_nyi_007_nzi_022'


text =

    'Source_nxi_006_nyi_007_nzi_023'


text =

    'Source_nxi_006_nyi_007_nzi_024'


text =

    'Source_nxi_006_nyi_007_nzi_025'

Elapsed time is 0.808813 seconds.

text =

    'Source_nxi_006_nyi_008_nzi_001'


text =

    'Source_nxi_006_nyi_008_nzi_002'


text =

    'Source_nxi_006_nyi_008_nzi_003'


text =

    'Source_nxi_006_nyi_008_nzi_004'


text =

    'Source_nxi_006_nyi_008_nzi_005'


text =

    'Source_nxi_006_nyi_008_nzi_006'


text =

    'Source_nxi_006_nyi_008_nzi_007'


text =

    'Source_nxi_006_nyi_008_nzi_008'


text =

    'Source_nxi_006_nyi_008_nzi_009'


text =

    'Source_nxi_006_nyi_008_nzi_010'


text =

    'Source_nxi_006_nyi_008_nzi_011'


text =

    'Source_nxi_006_nyi_008_nzi_012'


text =

    'Source_nxi_006_nyi_008_nzi_013'


text =

    'Source_nxi_006_nyi_008_nzi_014'


text =

    'Source_nxi_006_nyi_008_nzi_015'


text =

    'Source_nxi_006_nyi_008_nzi_016'


text =

    'Source_nxi_006_nyi_008_nzi_017'


text =

    'Source_nxi_006_nyi_008_nzi_018'


text =

    'Source_nxi_006_nyi_008_nzi_019'


text =

    'Source_nxi_006_nyi_008_nzi_020'


text =

    'Source_nxi_006_nyi_008_nzi_021'


text =

    'Source_nxi_006_nyi_008_nzi_022'


text =

    'Source_nxi_006_nyi_008_nzi_023'


text =

    'Source_nxi_006_nyi_008_nzi_024'


text =

    'Source_nxi_006_nyi_008_nzi_025'

Elapsed time is 0.801213 seconds.

text =

    'Source_nxi_007_nyi_001_nzi_001'


text =

    'Source_nxi_007_nyi_001_nzi_002'


text =

    'Source_nxi_007_nyi_001_nzi_003'


text =

    'Source_nxi_007_nyi_001_nzi_004'


text =

    'Source_nxi_007_nyi_001_nzi_005'


text =

    'Source_nxi_007_nyi_001_nzi_006'


text =

    'Source_nxi_007_nyi_001_nzi_007'


text =

    'Source_nxi_007_nyi_001_nzi_008'


text =

    'Source_nxi_007_nyi_001_nzi_009'


text =

    'Source_nxi_007_nyi_001_nzi_010'


text =

    'Source_nxi_007_nyi_001_nzi_011'


text =

    'Source_nxi_007_nyi_001_nzi_012'


text =

    'Source_nxi_007_nyi_001_nzi_013'


text =

    'Source_nxi_007_nyi_001_nzi_014'


text =

    'Source_nxi_007_nyi_001_nzi_015'


text =

    'Source_nxi_007_nyi_001_nzi_016'


text =

    'Source_nxi_007_nyi_001_nzi_017'


text =

    'Source_nxi_007_nyi_001_nzi_018'


text =

    'Source_nxi_007_nyi_001_nzi_019'


text =

    'Source_nxi_007_nyi_001_nzi_020'


text =

    'Source_nxi_007_nyi_001_nzi_021'


text =

    'Source_nxi_007_nyi_001_nzi_022'


text =

    'Source_nxi_007_nyi_001_nzi_023'


text =

    'Source_nxi_007_nyi_001_nzi_024'


text =

    'Source_nxi_007_nyi_001_nzi_025'

Elapsed time is 0.640585 seconds.

text =

    'Source_nxi_007_nyi_002_nzi_001'


text =

    'Source_nxi_007_nyi_002_nzi_002'


text =

    'Source_nxi_007_nyi_002_nzi_003'


text =

    'Source_nxi_007_nyi_002_nzi_004'


text =

    'Source_nxi_007_nyi_002_nzi_005'


text =

    'Source_nxi_007_nyi_002_nzi_006'


text =

    'Source_nxi_007_nyi_002_nzi_007'


text =

    'Source_nxi_007_nyi_002_nzi_008'


text =

    'Source_nxi_007_nyi_002_nzi_009'


text =

    'Source_nxi_007_nyi_002_nzi_010'


text =

    'Source_nxi_007_nyi_002_nzi_011'


text =

    'Source_nxi_007_nyi_002_nzi_012'


text =

    'Source_nxi_007_nyi_002_nzi_013'


text =

    'Source_nxi_007_nyi_002_nzi_014'


text =

    'Source_nxi_007_nyi_002_nzi_015'


text =

    'Source_nxi_007_nyi_002_nzi_016'


text =

    'Source_nxi_007_nyi_002_nzi_017'


text =

    'Source_nxi_007_nyi_002_nzi_018'


text =

    'Source_nxi_007_nyi_002_nzi_019'


text =

    'Source_nxi_007_nyi_002_nzi_020'


text =

    'Source_nxi_007_nyi_002_nzi_021'


text =

    'Source_nxi_007_nyi_002_nzi_022'


text =

    'Source_nxi_007_nyi_002_nzi_023'


text =

    'Source_nxi_007_nyi_002_nzi_024'


text =

    'Source_nxi_007_nyi_002_nzi_025'

Elapsed time is 0.567126 seconds.

text =

    'Source_nxi_007_nyi_003_nzi_001'


text =

    'Source_nxi_007_nyi_003_nzi_002'


text =

    'Source_nxi_007_nyi_003_nzi_003'


text =

    'Source_nxi_007_nyi_003_nzi_004'


text =

    'Source_nxi_007_nyi_003_nzi_005'


text =

    'Source_nxi_007_nyi_003_nzi_006'


text =

    'Source_nxi_007_nyi_003_nzi_007'


text =

    'Source_nxi_007_nyi_003_nzi_008'


text =

    'Source_nxi_007_nyi_003_nzi_009'


text =

    'Source_nxi_007_nyi_003_nzi_010'


text =

    'Source_nxi_007_nyi_003_nzi_011'


text =

    'Source_nxi_007_nyi_003_nzi_012'


text =

    'Source_nxi_007_nyi_003_nzi_013'


text =

    'Source_nxi_007_nyi_003_nzi_014'


text =

    'Source_nxi_007_nyi_003_nzi_015'


text =

    'Source_nxi_007_nyi_003_nzi_016'


text =

    'Source_nxi_007_nyi_003_nzi_017'


text =

    'Source_nxi_007_nyi_003_nzi_018'


text =

    'Source_nxi_007_nyi_003_nzi_019'


text =

    'Source_nxi_007_nyi_003_nzi_020'


text =

    'Source_nxi_007_nyi_003_nzi_021'


text =

    'Source_nxi_007_nyi_003_nzi_022'


text =

    'Source_nxi_007_nyi_003_nzi_023'


text =

    'Source_nxi_007_nyi_003_nzi_024'


text =

    'Source_nxi_007_nyi_003_nzi_025'

Elapsed time is 0.526785 seconds.

text =

    'Source_nxi_007_nyi_004_nzi_001'


text =

    'Source_nxi_007_nyi_004_nzi_002'


text =

    'Source_nxi_007_nyi_004_nzi_003'


text =

    'Source_nxi_007_nyi_004_nzi_004'


text =

    'Source_nxi_007_nyi_004_nzi_005'


text =

    'Source_nxi_007_nyi_004_nzi_006'


text =

    'Source_nxi_007_nyi_004_nzi_007'


text =

    'Source_nxi_007_nyi_004_nzi_008'


text =

    'Source_nxi_007_nyi_004_nzi_009'


text =

    'Source_nxi_007_nyi_004_nzi_010'


text =

    'Source_nxi_007_nyi_004_nzi_011'


text =

    'Source_nxi_007_nyi_004_nzi_012'


text =

    'Source_nxi_007_nyi_004_nzi_013'


text =

    'Source_nxi_007_nyi_004_nzi_014'


text =

    'Source_nxi_007_nyi_004_nzi_015'


text =

    'Source_nxi_007_nyi_004_nzi_016'


text =

    'Source_nxi_007_nyi_004_nzi_017'


text =

    'Source_nxi_007_nyi_004_nzi_018'


text =

    'Source_nxi_007_nyi_004_nzi_019'


text =

    'Source_nxi_007_nyi_004_nzi_020'


text =

    'Source_nxi_007_nyi_004_nzi_021'


text =

    'Source_nxi_007_nyi_004_nzi_022'


text =

    'Source_nxi_007_nyi_004_nzi_023'


text =

    'Source_nxi_007_nyi_004_nzi_024'


text =

    'Source_nxi_007_nyi_004_nzi_025'

Elapsed time is 0.506950 seconds.

text =

    'Source_nxi_007_nyi_005_nzi_001'


text =

    'Source_nxi_007_nyi_005_nzi_002'


text =

    'Source_nxi_007_nyi_005_nzi_003'


text =

    'Source_nxi_007_nyi_005_nzi_004'


text =

    'Source_nxi_007_nyi_005_nzi_005'


text =

    'Source_nxi_007_nyi_005_nzi_006'


text =

    'Source_nxi_007_nyi_005_nzi_007'


text =

    'Source_nxi_007_nyi_005_nzi_008'


text =

    'Source_nxi_007_nyi_005_nzi_009'


text =

    'Source_nxi_007_nyi_005_nzi_010'


text =

    'Source_nxi_007_nyi_005_nzi_011'


text =

    'Source_nxi_007_nyi_005_nzi_012'


text =

    'Source_nxi_007_nyi_005_nzi_013'


text =

    'Source_nxi_007_nyi_005_nzi_014'


text =

    'Source_nxi_007_nyi_005_nzi_015'


text =

    'Source_nxi_007_nyi_005_nzi_016'


text =

    'Source_nxi_007_nyi_005_nzi_017'


text =

    'Source_nxi_007_nyi_005_nzi_018'


text =

    'Source_nxi_007_nyi_005_nzi_019'


text =

    'Source_nxi_007_nyi_005_nzi_020'


text =

    'Source_nxi_007_nyi_005_nzi_021'


text =

    'Source_nxi_007_nyi_005_nzi_022'


text =

    'Source_nxi_007_nyi_005_nzi_023'


text =

    'Source_nxi_007_nyi_005_nzi_024'


text =

    'Source_nxi_007_nyi_005_nzi_025'

Elapsed time is 0.563869 seconds.

text =

    'Source_nxi_007_nyi_006_nzi_001'


text =

    'Source_nxi_007_nyi_006_nzi_002'


text =

    'Source_nxi_007_nyi_006_nzi_003'


text =

    'Source_nxi_007_nyi_006_nzi_004'


text =

    'Source_nxi_007_nyi_006_nzi_005'


text =

    'Source_nxi_007_nyi_006_nzi_006'


text =

    'Source_nxi_007_nyi_006_nzi_007'


text =

    'Source_nxi_007_nyi_006_nzi_008'


text =

    'Source_nxi_007_nyi_006_nzi_009'


text =

    'Source_nxi_007_nyi_006_nzi_010'


text =

    'Source_nxi_007_nyi_006_nzi_011'


text =

    'Source_nxi_007_nyi_006_nzi_012'


text =

    'Source_nxi_007_nyi_006_nzi_013'


text =

    'Source_nxi_007_nyi_006_nzi_014'


text =

    'Source_nxi_007_nyi_006_nzi_015'


text =

    'Source_nxi_007_nyi_006_nzi_016'


text =

    'Source_nxi_007_nyi_006_nzi_017'


text =

    'Source_nxi_007_nyi_006_nzi_018'


text =

    'Source_nxi_007_nyi_006_nzi_019'


text =

    'Source_nxi_007_nyi_006_nzi_020'


text =

    'Source_nxi_007_nyi_006_nzi_021'


text =

    'Source_nxi_007_nyi_006_nzi_022'


text =

    'Source_nxi_007_nyi_006_nzi_023'


text =

    'Source_nxi_007_nyi_006_nzi_024'


text =

    'Source_nxi_007_nyi_006_nzi_025'

Elapsed time is 0.563510 seconds.

text =

    'Source_nxi_007_nyi_007_nzi_001'


text =

    'Source_nxi_007_nyi_007_nzi_002'


text =

    'Source_nxi_007_nyi_007_nzi_003'


text =

    'Source_nxi_007_nyi_007_nzi_004'


text =

    'Source_nxi_007_nyi_007_nzi_005'


text =

    'Source_nxi_007_nyi_007_nzi_006'


text =

    'Source_nxi_007_nyi_007_nzi_007'


text =

    'Source_nxi_007_nyi_007_nzi_008'


text =

    'Source_nxi_007_nyi_007_nzi_009'


text =

    'Source_nxi_007_nyi_007_nzi_010'


text =

    'Source_nxi_007_nyi_007_nzi_011'


text =

    'Source_nxi_007_nyi_007_nzi_012'


text =

    'Source_nxi_007_nyi_007_nzi_013'


text =

    'Source_nxi_007_nyi_007_nzi_014'


text =

    'Source_nxi_007_nyi_007_nzi_015'


text =

    'Source_nxi_007_nyi_007_nzi_016'


text =

    'Source_nxi_007_nyi_007_nzi_017'


text =

    'Source_nxi_007_nyi_007_nzi_018'


text =

    'Source_nxi_007_nyi_007_nzi_019'


text =

    'Source_nxi_007_nyi_007_nzi_020'


text =

    'Source_nxi_007_nyi_007_nzi_021'


text =

    'Source_nxi_007_nyi_007_nzi_022'


text =

    'Source_nxi_007_nyi_007_nzi_023'


text =

    'Source_nxi_007_nyi_007_nzi_024'


text =

    'Source_nxi_007_nyi_007_nzi_025'

Elapsed time is 0.613344 seconds.

text =

    'Source_nxi_007_nyi_008_nzi_001'


text =

    'Source_nxi_007_nyi_008_nzi_002'


text =

    'Source_nxi_007_nyi_008_nzi_003'


text =

    'Source_nxi_007_nyi_008_nzi_004'


text =

    'Source_nxi_007_nyi_008_nzi_005'


text =

    'Source_nxi_007_nyi_008_nzi_006'


text =

    'Source_nxi_007_nyi_008_nzi_007'


text =

    'Source_nxi_007_nyi_008_nzi_008'


text =

    'Source_nxi_007_nyi_008_nzi_009'


text =

    'Source_nxi_007_nyi_008_nzi_010'


text =

    'Source_nxi_007_nyi_008_nzi_011'


text =

    'Source_nxi_007_nyi_008_nzi_012'


text =

    'Source_nxi_007_nyi_008_nzi_013'


text =

    'Source_nxi_007_nyi_008_nzi_014'


text =

    'Source_nxi_007_nyi_008_nzi_015'


text =

    'Source_nxi_007_nyi_008_nzi_016'


text =

    'Source_nxi_007_nyi_008_nzi_017'


text =

    'Source_nxi_007_nyi_008_nzi_018'


text =

    'Source_nxi_007_nyi_008_nzi_019'


text =

    'Source_nxi_007_nyi_008_nzi_020'


text =

    'Source_nxi_007_nyi_008_nzi_021'


text =

    'Source_nxi_007_nyi_008_nzi_022'


text =

    'Source_nxi_007_nyi_008_nzi_023'


text =

    'Source_nxi_007_nyi_008_nzi_024'


text =

    'Source_nxi_007_nyi_008_nzi_025'

Elapsed time is 0.599882 seconds.

text =

    'Source_nxi_008_nyi_001_nzi_001'


text =

    'Source_nxi_008_nyi_001_nzi_002'


text =

    'Source_nxi_008_nyi_001_nzi_003'


text =

    'Source_nxi_008_nyi_001_nzi_004'


text =

    'Source_nxi_008_nyi_001_nzi_005'


text =

    'Source_nxi_008_nyi_001_nzi_006'


text =

    'Source_nxi_008_nyi_001_nzi_007'


text =

    'Source_nxi_008_nyi_001_nzi_008'


text =

    'Source_nxi_008_nyi_001_nzi_009'


text =

    'Source_nxi_008_nyi_001_nzi_010'


text =

    'Source_nxi_008_nyi_001_nzi_011'


text =

    'Source_nxi_008_nyi_001_nzi_012'


text =

    'Source_nxi_008_nyi_001_nzi_013'


text =

    'Source_nxi_008_nyi_001_nzi_014'


text =

    'Source_nxi_008_nyi_001_nzi_015'


text =

    'Source_nxi_008_nyi_001_nzi_016'


text =

    'Source_nxi_008_nyi_001_nzi_017'


text =

    'Source_nxi_008_nyi_001_nzi_018'


text =

    'Source_nxi_008_nyi_001_nzi_019'


text =

    'Source_nxi_008_nyi_001_nzi_020'


text =

    'Source_nxi_008_nyi_001_nzi_021'


text =

    'Source_nxi_008_nyi_001_nzi_022'


text =

    'Source_nxi_008_nyi_001_nzi_023'


text =

    'Source_nxi_008_nyi_001_nzi_024'


text =

    'Source_nxi_008_nyi_001_nzi_025'

Elapsed time is 0.615977 seconds.

text =

    'Source_nxi_008_nyi_002_nzi_001'


text =

    'Source_nxi_008_nyi_002_nzi_002'


text =

    'Source_nxi_008_nyi_002_nzi_003'


text =

    'Source_nxi_008_nyi_002_nzi_004'


text =

    'Source_nxi_008_nyi_002_nzi_005'


text =

    'Source_nxi_008_nyi_002_nzi_006'


text =

    'Source_nxi_008_nyi_002_nzi_007'


text =

    'Source_nxi_008_nyi_002_nzi_008'


text =

    'Source_nxi_008_nyi_002_nzi_009'


text =

    'Source_nxi_008_nyi_002_nzi_010'


text =

    'Source_nxi_008_nyi_002_nzi_011'


text =

    'Source_nxi_008_nyi_002_nzi_012'


text =

    'Source_nxi_008_nyi_002_nzi_013'


text =

    'Source_nxi_008_nyi_002_nzi_014'


text =

    'Source_nxi_008_nyi_002_nzi_015'


text =

    'Source_nxi_008_nyi_002_nzi_016'


text =

    'Source_nxi_008_nyi_002_nzi_017'


text =

    'Source_nxi_008_nyi_002_nzi_018'


text =

    'Source_nxi_008_nyi_002_nzi_019'


text =

    'Source_nxi_008_nyi_002_nzi_020'


text =

    'Source_nxi_008_nyi_002_nzi_021'


text =

    'Source_nxi_008_nyi_002_nzi_022'


text =

    'Source_nxi_008_nyi_002_nzi_023'


text =

    'Source_nxi_008_nyi_002_nzi_024'


text =

    'Source_nxi_008_nyi_002_nzi_025'

Elapsed time is 0.545152 seconds.

text =

    'Source_nxi_008_nyi_003_nzi_001'


text =

    'Source_nxi_008_nyi_003_nzi_002'


text =

    'Source_nxi_008_nyi_003_nzi_003'


text =

    'Source_nxi_008_nyi_003_nzi_004'


text =

    'Source_nxi_008_nyi_003_nzi_005'


text =

    'Source_nxi_008_nyi_003_nzi_006'


text =

    'Source_nxi_008_nyi_003_nzi_007'


text =

    'Source_nxi_008_nyi_003_nzi_008'


text =

    'Source_nxi_008_nyi_003_nzi_009'


text =

    'Source_nxi_008_nyi_003_nzi_010'


text =

    'Source_nxi_008_nyi_003_nzi_011'


text =

    'Source_nxi_008_nyi_003_nzi_012'


text =

    'Source_nxi_008_nyi_003_nzi_013'


text =

    'Source_nxi_008_nyi_003_nzi_014'


text =

    'Source_nxi_008_nyi_003_nzi_015'


text =

    'Source_nxi_008_nyi_003_nzi_016'


text =

    'Source_nxi_008_nyi_003_nzi_017'


text =

    'Source_nxi_008_nyi_003_nzi_018'


text =

    'Source_nxi_008_nyi_003_nzi_019'


text =

    'Source_nxi_008_nyi_003_nzi_020'


text =

    'Source_nxi_008_nyi_003_nzi_021'


text =

    'Source_nxi_008_nyi_003_nzi_022'


text =

    'Source_nxi_008_nyi_003_nzi_023'


text =

    'Source_nxi_008_nyi_003_nzi_024'


text =

    'Source_nxi_008_nyi_003_nzi_025'

Elapsed time is 0.500274 seconds.

text =

    'Source_nxi_008_nyi_004_nzi_001'


text =

    'Source_nxi_008_nyi_004_nzi_002'


text =

    'Source_nxi_008_nyi_004_nzi_003'


text =

    'Source_nxi_008_nyi_004_nzi_004'


text =

    'Source_nxi_008_nyi_004_nzi_005'


text =

    'Source_nxi_008_nyi_004_nzi_006'


text =

    'Source_nxi_008_nyi_004_nzi_007'


text =

    'Source_nxi_008_nyi_004_nzi_008'


text =

    'Source_nxi_008_nyi_004_nzi_009'


text =

    'Source_nxi_008_nyi_004_nzi_010'


text =

    'Source_nxi_008_nyi_004_nzi_011'


text =

    'Source_nxi_008_nyi_004_nzi_012'


text =

    'Source_nxi_008_nyi_004_nzi_013'


text =

    'Source_nxi_008_nyi_004_nzi_014'


text =

    'Source_nxi_008_nyi_004_nzi_015'


text =

    'Source_nxi_008_nyi_004_nzi_016'


text =

    'Source_nxi_008_nyi_004_nzi_017'


text =

    'Source_nxi_008_nyi_004_nzi_018'


text =

    'Source_nxi_008_nyi_004_nzi_019'


text =

    'Source_nxi_008_nyi_004_nzi_020'


text =

    'Source_nxi_008_nyi_004_nzi_021'


text =

    'Source_nxi_008_nyi_004_nzi_022'


text =

    'Source_nxi_008_nyi_004_nzi_023'


text =

    'Source_nxi_008_nyi_004_nzi_024'


text =

    'Source_nxi_008_nyi_004_nzi_025'

Elapsed time is 0.515256 seconds.

text =

    'Source_nxi_008_nyi_005_nzi_001'


text =

    'Source_nxi_008_nyi_005_nzi_002'


text =

    'Source_nxi_008_nyi_005_nzi_003'


text =

    'Source_nxi_008_nyi_005_nzi_004'


text =

    'Source_nxi_008_nyi_005_nzi_005'


text =

    'Source_nxi_008_nyi_005_nzi_006'


text =

    'Source_nxi_008_nyi_005_nzi_007'


text =

    'Source_nxi_008_nyi_005_nzi_008'


text =

    'Source_nxi_008_nyi_005_nzi_009'


text =

    'Source_nxi_008_nyi_005_nzi_010'


text =

    'Source_nxi_008_nyi_005_nzi_011'


text =

    'Source_nxi_008_nyi_005_nzi_012'


text =

    'Source_nxi_008_nyi_005_nzi_013'


text =

    'Source_nxi_008_nyi_005_nzi_014'


text =

    'Source_nxi_008_nyi_005_nzi_015'


text =

    'Source_nxi_008_nyi_005_nzi_016'


text =

    'Source_nxi_008_nyi_005_nzi_017'


text =

    'Source_nxi_008_nyi_005_nzi_018'


text =

    'Source_nxi_008_nyi_005_nzi_019'


text =

    'Source_nxi_008_nyi_005_nzi_020'


text =

    'Source_nxi_008_nyi_005_nzi_021'


text =

    'Source_nxi_008_nyi_005_nzi_022'


text =

    'Source_nxi_008_nyi_005_nzi_023'


text =

    'Source_nxi_008_nyi_005_nzi_024'


text =

    'Source_nxi_008_nyi_005_nzi_025'

Elapsed time is 0.495141 seconds.

text =

    'Source_nxi_008_nyi_006_nzi_001'


text =

    'Source_nxi_008_nyi_006_nzi_002'


text =

    'Source_nxi_008_nyi_006_nzi_003'


text =

    'Source_nxi_008_nyi_006_nzi_004'


text =

    'Source_nxi_008_nyi_006_nzi_005'


text =

    'Source_nxi_008_nyi_006_nzi_006'


text =

    'Source_nxi_008_nyi_006_nzi_007'


text =

    'Source_nxi_008_nyi_006_nzi_008'


text =

    'Source_nxi_008_nyi_006_nzi_009'


text =

    'Source_nxi_008_nyi_006_nzi_010'


text =

    'Source_nxi_008_nyi_006_nzi_011'


text =

    'Source_nxi_008_nyi_006_nzi_012'


text =

    'Source_nxi_008_nyi_006_nzi_013'


text =

    'Source_nxi_008_nyi_006_nzi_014'


text =

    'Source_nxi_008_nyi_006_nzi_015'


text =

    'Source_nxi_008_nyi_006_nzi_016'


text =

    'Source_nxi_008_nyi_006_nzi_017'


text =

    'Source_nxi_008_nyi_006_nzi_018'


text =

    'Source_nxi_008_nyi_006_nzi_019'


text =

    'Source_nxi_008_nyi_006_nzi_020'


text =

    'Source_nxi_008_nyi_006_nzi_021'


text =

    'Source_nxi_008_nyi_006_nzi_022'


text =

    'Source_nxi_008_nyi_006_nzi_023'


text =

    'Source_nxi_008_nyi_006_nzi_024'


text =

    'Source_nxi_008_nyi_006_nzi_025'

Elapsed time is 0.814535 seconds.

text =

    'Source_nxi_008_nyi_007_nzi_001'


text =

    'Source_nxi_008_nyi_007_nzi_002'


text =

    'Source_nxi_008_nyi_007_nzi_003'


text =

    'Source_nxi_008_nyi_007_nzi_004'


text =

    'Source_nxi_008_nyi_007_nzi_005'


text =

    'Source_nxi_008_nyi_007_nzi_006'


text =

    'Source_nxi_008_nyi_007_nzi_007'


text =

    'Source_nxi_008_nyi_007_nzi_008'


text =

    'Source_nxi_008_nyi_007_nzi_009'


text =

    'Source_nxi_008_nyi_007_nzi_010'


text =

    'Source_nxi_008_nyi_007_nzi_011'


text =

    'Source_nxi_008_nyi_007_nzi_012'


text =

    'Source_nxi_008_nyi_007_nzi_013'


text =

    'Source_nxi_008_nyi_007_nzi_014'


text =

    'Source_nxi_008_nyi_007_nzi_015'


text =

    'Source_nxi_008_nyi_007_nzi_016'


text =

    'Source_nxi_008_nyi_007_nzi_017'


text =

    'Source_nxi_008_nyi_007_nzi_018'


text =

    'Source_nxi_008_nyi_007_nzi_019'


text =

    'Source_nxi_008_nyi_007_nzi_020'


text =

    'Source_nxi_008_nyi_007_nzi_021'


text =

    'Source_nxi_008_nyi_007_nzi_022'


text =

    'Source_nxi_008_nyi_007_nzi_023'


text =

    'Source_nxi_008_nyi_007_nzi_024'


text =

    'Source_nxi_008_nyi_007_nzi_025'

Elapsed time is 0.606591 seconds.

text =

    'Source_nxi_008_nyi_008_nzi_001'


text =

    'Source_nxi_008_nyi_008_nzi_002'


text =

    'Source_nxi_008_nyi_008_nzi_003'


text =

    'Source_nxi_008_nyi_008_nzi_004'


text =

    'Source_nxi_008_nyi_008_nzi_005'


text =

    'Source_nxi_008_nyi_008_nzi_006'


text =

    'Source_nxi_008_nyi_008_nzi_007'


text =

    'Source_nxi_008_nyi_008_nzi_008'


text =

    'Source_nxi_008_nyi_008_nzi_009'


text =

    'Source_nxi_008_nyi_008_nzi_010'


text =

    'Source_nxi_008_nyi_008_nzi_011'


text =

    'Source_nxi_008_nyi_008_nzi_012'


text =

    'Source_nxi_008_nyi_008_nzi_013'


text =

    'Source_nxi_008_nyi_008_nzi_014'


text =

    'Source_nxi_008_nyi_008_nzi_015'


text =

    'Source_nxi_008_nyi_008_nzi_016'


text =

    'Source_nxi_008_nyi_008_nzi_017'


text =

    'Source_nxi_008_nyi_008_nzi_018'


text =

    'Source_nxi_008_nyi_008_nzi_019'


text =

    'Source_nxi_008_nyi_008_nzi_020'


text =

    'Source_nxi_008_nyi_008_nzi_021'


text =

    'Source_nxi_008_nyi_008_nzi_022'


text =

    'Source_nxi_008_nyi_008_nzi_023'


text =

    'Source_nxi_008_nyi_008_nzi_024'


text =

    'Source_nxi_008_nyi_008_nzi_025'

Elapsed time is 0.553438 seconds.

text =

    'Source_nxi_009_nyi_001_nzi_001'


text =

    'Source_nxi_009_nyi_001_nzi_002'


text =

    'Source_nxi_009_nyi_001_nzi_003'


text =

    'Source_nxi_009_nyi_001_nzi_004'


text =

    'Source_nxi_009_nyi_001_nzi_005'


text =

    'Source_nxi_009_nyi_001_nzi_006'


text =

    'Source_nxi_009_nyi_001_nzi_007'


text =

    'Source_nxi_009_nyi_001_nzi_008'


text =

    'Source_nxi_009_nyi_001_nzi_009'


text =

    'Source_nxi_009_nyi_001_nzi_010'


text =

    'Source_nxi_009_nyi_001_nzi_011'


text =

    'Source_nxi_009_nyi_001_nzi_012'


text =

    'Source_nxi_009_nyi_001_nzi_013'


text =

    'Source_nxi_009_nyi_001_nzi_014'


text =

    'Source_nxi_009_nyi_001_nzi_015'


text =

    'Source_nxi_009_nyi_001_nzi_016'


text =

    'Source_nxi_009_nyi_001_nzi_017'


text =

    'Source_nxi_009_nyi_001_nzi_018'


text =

    'Source_nxi_009_nyi_001_nzi_019'


text =

    'Source_nxi_009_nyi_001_nzi_020'


text =

    'Source_nxi_009_nyi_001_nzi_021'


text =

    'Source_nxi_009_nyi_001_nzi_022'


text =

    'Source_nxi_009_nyi_001_nzi_023'


text =

    'Source_nxi_009_nyi_001_nzi_024'


text =

    'Source_nxi_009_nyi_001_nzi_025'

Elapsed time is 0.544341 seconds.

text =

    'Source_nxi_009_nyi_002_nzi_001'


text =

    'Source_nxi_009_nyi_002_nzi_002'


text =

    'Source_nxi_009_nyi_002_nzi_003'


text =

    'Source_nxi_009_nyi_002_nzi_004'


text =

    'Source_nxi_009_nyi_002_nzi_005'


text =

    'Source_nxi_009_nyi_002_nzi_006'


text =

    'Source_nxi_009_nyi_002_nzi_007'


text =

    'Source_nxi_009_nyi_002_nzi_008'


text =

    'Source_nxi_009_nyi_002_nzi_009'


text =

    'Source_nxi_009_nyi_002_nzi_010'


text =

    'Source_nxi_009_nyi_002_nzi_011'


text =

    'Source_nxi_009_nyi_002_nzi_012'


text =

    'Source_nxi_009_nyi_002_nzi_013'


text =

    'Source_nxi_009_nyi_002_nzi_014'


text =

    'Source_nxi_009_nyi_002_nzi_015'


text =

    'Source_nxi_009_nyi_002_nzi_016'


text =

    'Source_nxi_009_nyi_002_nzi_017'


text =

    'Source_nxi_009_nyi_002_nzi_018'


text =

    'Source_nxi_009_nyi_002_nzi_019'


text =

    'Source_nxi_009_nyi_002_nzi_020'


text =

    'Source_nxi_009_nyi_002_nzi_021'


text =

    'Source_nxi_009_nyi_002_nzi_022'


text =

    'Source_nxi_009_nyi_002_nzi_023'


text =

    'Source_nxi_009_nyi_002_nzi_024'


text =

    'Source_nxi_009_nyi_002_nzi_025'

Elapsed time is 0.527568 seconds.

text =

    'Source_nxi_009_nyi_003_nzi_001'


text =

    'Source_nxi_009_nyi_003_nzi_002'


text =

    'Source_nxi_009_nyi_003_nzi_003'


text =

    'Source_nxi_009_nyi_003_nzi_004'


text =

    'Source_nxi_009_nyi_003_nzi_005'


text =

    'Source_nxi_009_nyi_003_nzi_006'


text =

    'Source_nxi_009_nyi_003_nzi_007'


text =

    'Source_nxi_009_nyi_003_nzi_008'


text =

    'Source_nxi_009_nyi_003_nzi_009'


text =

    'Source_nxi_009_nyi_003_nzi_010'


text =

    'Source_nxi_009_nyi_003_nzi_011'


text =

    'Source_nxi_009_nyi_003_nzi_012'


text =

    'Source_nxi_009_nyi_003_nzi_013'


text =

    'Source_nxi_009_nyi_003_nzi_014'


text =

    'Source_nxi_009_nyi_003_nzi_015'


text =

    'Source_nxi_009_nyi_003_nzi_016'


text =

    'Source_nxi_009_nyi_003_nzi_017'


text =

    'Source_nxi_009_nyi_003_nzi_018'


text =

    'Source_nxi_009_nyi_003_nzi_019'


text =

    'Source_nxi_009_nyi_003_nzi_020'


text =

    'Source_nxi_009_nyi_003_nzi_021'


text =

    'Source_nxi_009_nyi_003_nzi_022'


text =

    'Source_nxi_009_nyi_003_nzi_023'


text =

    'Source_nxi_009_nyi_003_nzi_024'


text =

    'Source_nxi_009_nyi_003_nzi_025'

Elapsed time is 0.500889 seconds.

text =

    'Source_nxi_009_nyi_004_nzi_001'


text =

    'Source_nxi_009_nyi_004_nzi_002'


text =

    'Source_nxi_009_nyi_004_nzi_003'


text =

    'Source_nxi_009_nyi_004_nzi_004'


text =

    'Source_nxi_009_nyi_004_nzi_005'


text =

    'Source_nxi_009_nyi_004_nzi_006'


text =

    'Source_nxi_009_nyi_004_nzi_007'


text =

    'Source_nxi_009_nyi_004_nzi_008'


text =

    'Source_nxi_009_nyi_004_nzi_009'


text =

    'Source_nxi_009_nyi_004_nzi_010'


text =

    'Source_nxi_009_nyi_004_nzi_011'


text =

    'Source_nxi_009_nyi_004_nzi_012'


text =

    'Source_nxi_009_nyi_004_nzi_013'


text =

    'Source_nxi_009_nyi_004_nzi_014'


text =

    'Source_nxi_009_nyi_004_nzi_015'


text =

    'Source_nxi_009_nyi_004_nzi_016'


text =

    'Source_nxi_009_nyi_004_nzi_017'


text =

    'Source_nxi_009_nyi_004_nzi_018'


text =

    'Source_nxi_009_nyi_004_nzi_019'


text =

    'Source_nxi_009_nyi_004_nzi_020'


text =

    'Source_nxi_009_nyi_004_nzi_021'


text =

    'Source_nxi_009_nyi_004_nzi_022'


text =

    'Source_nxi_009_nyi_004_nzi_023'


text =

    'Source_nxi_009_nyi_004_nzi_024'


text =

    'Source_nxi_009_nyi_004_nzi_025'

Elapsed time is 0.464013 seconds.

text =

    'Source_nxi_009_nyi_005_nzi_001'


text =

    'Source_nxi_009_nyi_005_nzi_002'


text =

    'Source_nxi_009_nyi_005_nzi_003'


text =

    'Source_nxi_009_nyi_005_nzi_004'


text =

    'Source_nxi_009_nyi_005_nzi_005'


text =

    'Source_nxi_009_nyi_005_nzi_006'


text =

    'Source_nxi_009_nyi_005_nzi_007'


text =

    'Source_nxi_009_nyi_005_nzi_008'


text =

    'Source_nxi_009_nyi_005_nzi_009'


text =

    'Source_nxi_009_nyi_005_nzi_010'


text =

    'Source_nxi_009_nyi_005_nzi_011'


text =

    'Source_nxi_009_nyi_005_nzi_012'


text =

    'Source_nxi_009_nyi_005_nzi_013'


text =

    'Source_nxi_009_nyi_005_nzi_014'


text =

    'Source_nxi_009_nyi_005_nzi_015'


text =

    'Source_nxi_009_nyi_005_nzi_016'


text =

    'Source_nxi_009_nyi_005_nzi_017'


text =

    'Source_nxi_009_nyi_005_nzi_018'


text =

    'Source_nxi_009_nyi_005_nzi_019'


text =

    'Source_nxi_009_nyi_005_nzi_020'


text =

    'Source_nxi_009_nyi_005_nzi_021'


text =

    'Source_nxi_009_nyi_005_nzi_022'


text =

    'Source_nxi_009_nyi_005_nzi_023'


text =

    'Source_nxi_009_nyi_005_nzi_024'


text =

    'Source_nxi_009_nyi_005_nzi_025'

Elapsed time is 0.460658 seconds.

text =

    'Source_nxi_009_nyi_006_nzi_001'


text =

    'Source_nxi_009_nyi_006_nzi_002'


text =

    'Source_nxi_009_nyi_006_nzi_003'


text =

    'Source_nxi_009_nyi_006_nzi_004'


text =

    'Source_nxi_009_nyi_006_nzi_005'


text =

    'Source_nxi_009_nyi_006_nzi_006'


text =

    'Source_nxi_009_nyi_006_nzi_007'


text =

    'Source_nxi_009_nyi_006_nzi_008'


text =

    'Source_nxi_009_nyi_006_nzi_009'


text =

    'Source_nxi_009_nyi_006_nzi_010'


text =

    'Source_nxi_009_nyi_006_nzi_011'


text =

    'Source_nxi_009_nyi_006_nzi_012'


text =

    'Source_nxi_009_nyi_006_nzi_013'


text =

    'Source_nxi_009_nyi_006_nzi_014'


text =

    'Source_nxi_009_nyi_006_nzi_015'


text =

    'Source_nxi_009_nyi_006_nzi_016'


text =

    'Source_nxi_009_nyi_006_nzi_017'


text =

    'Source_nxi_009_nyi_006_nzi_018'


text =

    'Source_nxi_009_nyi_006_nzi_019'


text =

    'Source_nxi_009_nyi_006_nzi_020'


text =

    'Source_nxi_009_nyi_006_nzi_021'


text =

    'Source_nxi_009_nyi_006_nzi_022'


text =

    'Source_nxi_009_nyi_006_nzi_023'


text =

    'Source_nxi_009_nyi_006_nzi_024'


text =

    'Source_nxi_009_nyi_006_nzi_025'

Elapsed time is 0.622891 seconds.

text =

    'Source_nxi_009_nyi_007_nzi_001'


text =

    'Source_nxi_009_nyi_007_nzi_002'


text =

    'Source_nxi_009_nyi_007_nzi_003'


text =

    'Source_nxi_009_nyi_007_nzi_004'


text =

    'Source_nxi_009_nyi_007_nzi_005'


text =

    'Source_nxi_009_nyi_007_nzi_006'


text =

    'Source_nxi_009_nyi_007_nzi_007'


text =

    'Source_nxi_009_nyi_007_nzi_008'


text =

    'Source_nxi_009_nyi_007_nzi_009'


text =

    'Source_nxi_009_nyi_007_nzi_010'


text =

    'Source_nxi_009_nyi_007_nzi_011'


text =

    'Source_nxi_009_nyi_007_nzi_012'


text =

    'Source_nxi_009_nyi_007_nzi_013'


text =

    'Source_nxi_009_nyi_007_nzi_014'


text =

    'Source_nxi_009_nyi_007_nzi_015'


text =

    'Source_nxi_009_nyi_007_nzi_016'


text =

    'Source_nxi_009_nyi_007_nzi_017'


text =

    'Source_nxi_009_nyi_007_nzi_018'


text =

    'Source_nxi_009_nyi_007_nzi_019'


text =

    'Source_nxi_009_nyi_007_nzi_020'


text =

    'Source_nxi_009_nyi_007_nzi_021'


text =

    'Source_nxi_009_nyi_007_nzi_022'


text =

    'Source_nxi_009_nyi_007_nzi_023'


text =

    'Source_nxi_009_nyi_007_nzi_024'


text =

    'Source_nxi_009_nyi_007_nzi_025'

Elapsed time is 0.835555 seconds.

text =

    'Source_nxi_009_nyi_008_nzi_001'


text =

    'Source_nxi_009_nyi_008_nzi_002'


text =

    'Source_nxi_009_nyi_008_nzi_003'


text =

    'Source_nxi_009_nyi_008_nzi_004'


text =

    'Source_nxi_009_nyi_008_nzi_005'


text =

    'Source_nxi_009_nyi_008_nzi_006'


text =

    'Source_nxi_009_nyi_008_nzi_007'


text =

    'Source_nxi_009_nyi_008_nzi_008'


text =

    'Source_nxi_009_nyi_008_nzi_009'


text =

    'Source_nxi_009_nyi_008_nzi_010'


text =

    'Source_nxi_009_nyi_008_nzi_011'


text =

    'Source_nxi_009_nyi_008_nzi_012'


text =

    'Source_nxi_009_nyi_008_nzi_013'


text =

    'Source_nxi_009_nyi_008_nzi_014'


text =

    'Source_nxi_009_nyi_008_nzi_015'


text =

    'Source_nxi_009_nyi_008_nzi_016'


text =

    'Source_nxi_009_nyi_008_nzi_017'


text =

    'Source_nxi_009_nyi_008_nzi_018'


text =

    'Source_nxi_009_nyi_008_nzi_019'


text =

    'Source_nxi_009_nyi_008_nzi_020'


text =

    'Source_nxi_009_nyi_008_nzi_021'


text =

    'Source_nxi_009_nyi_008_nzi_022'


text =

    'Source_nxi_009_nyi_008_nzi_023'


text =

    'Source_nxi_009_nyi_008_nzi_024'


text =

    'Source_nxi_009_nyi_008_nzi_025'

Elapsed time is 0.531598 seconds.

text =

    'Source_nxi_010_nyi_001_nzi_001'


text =

    'Source_nxi_010_nyi_001_nzi_002'


text =

    'Source_nxi_010_nyi_001_nzi_003'


text =

    'Source_nxi_010_nyi_001_nzi_004'


text =

    'Source_nxi_010_nyi_001_nzi_005'


text =

    'Source_nxi_010_nyi_001_nzi_006'


text =

    'Source_nxi_010_nyi_001_nzi_007'


text =

    'Source_nxi_010_nyi_001_nzi_008'


text =

    'Source_nxi_010_nyi_001_nzi_009'


text =

    'Source_nxi_010_nyi_001_nzi_010'


text =

    'Source_nxi_010_nyi_001_nzi_011'


text =

    'Source_nxi_010_nyi_001_nzi_012'


text =

    'Source_nxi_010_nyi_001_nzi_013'

Error using .*
Arrays have incompatible sizes for this operation.

Error in compile_steadystate (line 23)

MATLAB:sizeDimensionsMustMatch
