Fri Jun 14 10:42:41 EDT 2024
c29a-s16.ufhpc

fpath =

    '/blue/bala/krishnap.kalivel/COVID/Sou2Snk_v2/room_31/dist_8m/Data'


spath =

    '/blue/bala/krishnap.kalivel/COVID/Sou2Snk_v2/room_31//dist_8m/Data_02'


nx =

    25


ny =

     8


nz =

    25


dist =

     8


text =

    'Source_nxi_001_nyi_001_nzi_001'


text =

    'Source_nxi_001_nyi_001_nzi_002'


text =

    'Source_nxi_001_nyi_001_nzi_003'


text =

    'Source_nxi_001_nyi_001_nzi_004'


text =

    'Source_nxi_001_nyi_001_nzi_005'


text =

    'Source_nxi_001_nyi_001_nzi_006'


text =

    'Source_nxi_001_nyi_001_nzi_007'


text =

    'Source_nxi_001_nyi_001_nzi_008'


text =

    'Source_nxi_001_nyi_001_nzi_009'


text =

    'Source_nxi_001_nyi_001_nzi_010'


text =

    'Source_nxi_001_nyi_001_nzi_011'


text =

    'Source_nxi_001_nyi_001_nzi_012'


text =

    'Source_nxi_001_nyi_001_nzi_013'


text =

    'Source_nxi_001_nyi_001_nzi_014'


text =

    'Source_nxi_001_nyi_001_nzi_015'


text =

    'Source_nxi_001_nyi_001_nzi_016'


text =

    'Source_nxi_001_nyi_001_nzi_017'


text =

    'Source_nxi_001_nyi_001_nzi_018'


text =

    'Source_nxi_001_nyi_001_nzi_019'


text =

    'Source_nxi_001_nyi_001_nzi_020'


text =

    'Source_nxi_001_nyi_001_nzi_021'


text =

    'Source_nxi_001_nyi_001_nzi_022'


text =

    'Source_nxi_001_nyi_001_nzi_023'


text =

    'Source_nxi_001_nyi_001_nzi_024'


text =

    'Source_nxi_001_nyi_001_nzi_025'

Elapsed time is 1.390049 seconds.

text =

    'Source_nxi_001_nyi_002_nzi_001'


text =

    'Source_nxi_001_nyi_002_nzi_002'


text =

    'Source_nxi_001_nyi_002_nzi_003'


text =

    'Source_nxi_001_nyi_002_nzi_004'


text =

    'Source_nxi_001_nyi_002_nzi_005'


text =

    'Source_nxi_001_nyi_002_nzi_006'


text =

    'Source_nxi_001_nyi_002_nzi_007'


text =

    'Source_nxi_001_nyi_002_nzi_008'


text =

    'Source_nxi_001_nyi_002_nzi_009'


text =

    'Source_nxi_001_nyi_002_nzi_010'


text =

    'Source_nxi_001_nyi_002_nzi_011'


text =

    'Source_nxi_001_nyi_002_nzi_012'


text =

    'Source_nxi_001_nyi_002_nzi_013'


text =

    'Source_nxi_001_nyi_002_nzi_014'


text =

    'Source_nxi_001_nyi_002_nzi_015'


text =

    'Source_nxi_001_nyi_002_nzi_016'


text =

    'Source_nxi_001_nyi_002_nzi_017'


text =

    'Source_nxi_001_nyi_002_nzi_018'


text =

    'Source_nxi_001_nyi_002_nzi_019'


text =

    'Source_nxi_001_nyi_002_nzi_020'


text =

    'Source_nxi_001_nyi_002_nzi_021'


text =

    'Source_nxi_001_nyi_002_nzi_022'


text =

    'Source_nxi_001_nyi_002_nzi_023'


text =

    'Source_nxi_001_nyi_002_nzi_024'


text =

    'Source_nxi_001_nyi_002_nzi_025'

Elapsed time is 2.123314 seconds.

text =

    'Source_nxi_001_nyi_003_nzi_001'


text =

    'Source_nxi_001_nyi_003_nzi_002'


text =

    'Source_nxi_001_nyi_003_nzi_003'


text =

    'Source_nxi_001_nyi_003_nzi_004'


text =

    'Source_nxi_001_nyi_003_nzi_005'


text =

    'Source_nxi_001_nyi_003_nzi_006'


text =

    'Source_nxi_001_nyi_003_nzi_007'


text =

    'Source_nxi_001_nyi_003_nzi_008'


text =

    'Source_nxi_001_nyi_003_nzi_009'


text =

    'Source_nxi_001_nyi_003_nzi_010'


text =

    'Source_nxi_001_nyi_003_nzi_011'


text =

    'Source_nxi_001_nyi_003_nzi_012'


text =

    'Source_nxi_001_nyi_003_nzi_013'


text =

    'Source_nxi_001_nyi_003_nzi_014'


text =

    'Source_nxi_001_nyi_003_nzi_015'


text =

    'Source_nxi_001_nyi_003_nzi_016'


text =

    'Source_nxi_001_nyi_003_nzi_017'


text =

    'Source_nxi_001_nyi_003_nzi_018'


text =

    'Source_nxi_001_nyi_003_nzi_019'


text =

    'Source_nxi_001_nyi_003_nzi_020'


text =

    'Source_nxi_001_nyi_003_nzi_021'


text =

    'Source_nxi_001_nyi_003_nzi_022'


text =

    'Source_nxi_001_nyi_003_nzi_023'


text =

    'Source_nxi_001_nyi_003_nzi_024'


text =

    'Source_nxi_001_nyi_003_nzi_025'

Elapsed time is 1.143636 seconds.

text =

    'Source_nxi_001_nyi_004_nzi_001'


text =

    'Source_nxi_001_nyi_004_nzi_002'


text =

    'Source_nxi_001_nyi_004_nzi_003'


text =

    'Source_nxi_001_nyi_004_nzi_004'


text =

    'Source_nxi_001_nyi_004_nzi_005'


text =

    'Source_nxi_001_nyi_004_nzi_006'


text =

    'Source_nxi_001_nyi_004_nzi_007'


text =

    'Source_nxi_001_nyi_004_nzi_008'


text =

    'Source_nxi_001_nyi_004_nzi_009'


text =

    'Source_nxi_001_nyi_004_nzi_010'


text =

    'Source_nxi_001_nyi_004_nzi_011'


text =

    'Source_nxi_001_nyi_004_nzi_012'


text =

    'Source_nxi_001_nyi_004_nzi_013'


text =

    'Source_nxi_001_nyi_004_nzi_014'


text =

    'Source_nxi_001_nyi_004_nzi_015'


text =

    'Source_nxi_001_nyi_004_nzi_016'


text =

    'Source_nxi_001_nyi_004_nzi_017'


text =

    'Source_nxi_001_nyi_004_nzi_018'


text =

    'Source_nxi_001_nyi_004_nzi_019'


text =

    'Source_nxi_001_nyi_004_nzi_020'


text =

    'Source_nxi_001_nyi_004_nzi_021'


text =

    'Source_nxi_001_nyi_004_nzi_022'


text =

    'Source_nxi_001_nyi_004_nzi_023'


text =

    'Source_nxi_001_nyi_004_nzi_024'


text =

    'Source_nxi_001_nyi_004_nzi_025'

Elapsed time is 0.833167 seconds.

text =

    'Source_nxi_001_nyi_005_nzi_001'


text =

    'Source_nxi_001_nyi_005_nzi_002'


text =

    'Source_nxi_001_nyi_005_nzi_003'


text =

    'Source_nxi_001_nyi_005_nzi_004'


text =

    'Source_nxi_001_nyi_005_nzi_005'


text =

    'Source_nxi_001_nyi_005_nzi_006'


text =

    'Source_nxi_001_nyi_005_nzi_007'


text =

    'Source_nxi_001_nyi_005_nzi_008'


text =

    'Source_nxi_001_nyi_005_nzi_009'


text =

    'Source_nxi_001_nyi_005_nzi_010'


text =

    'Source_nxi_001_nyi_005_nzi_011'


text =

    'Source_nxi_001_nyi_005_nzi_012'


text =

    'Source_nxi_001_nyi_005_nzi_013'


text =

    'Source_nxi_001_nyi_005_nzi_014'


text =

    'Source_nxi_001_nyi_005_nzi_015'


text =

    'Source_nxi_001_nyi_005_nzi_016'


text =

    'Source_nxi_001_nyi_005_nzi_017'


text =

    'Source_nxi_001_nyi_005_nzi_018'


text =

    'Source_nxi_001_nyi_005_nzi_019'


text =

    'Source_nxi_001_nyi_005_nzi_020'


text =

    'Source_nxi_001_nyi_005_nzi_021'


text =

    'Source_nxi_001_nyi_005_nzi_022'


text =

    'Source_nxi_001_nyi_005_nzi_023'


text =

    'Source_nxi_001_nyi_005_nzi_024'


text =

    'Source_nxi_001_nyi_005_nzi_025'

Elapsed time is 1.002211 seconds.

text =

    'Source_nxi_001_nyi_006_nzi_001'


text =

    'Source_nxi_001_nyi_006_nzi_002'


text =

    'Source_nxi_001_nyi_006_nzi_003'


text =

    'Source_nxi_001_nyi_006_nzi_004'


text =

    'Source_nxi_001_nyi_006_nzi_005'


text =

    'Source_nxi_001_nyi_006_nzi_006'


text =

    'Source_nxi_001_nyi_006_nzi_007'


text =

    'Source_nxi_001_nyi_006_nzi_008'


text =

    'Source_nxi_001_nyi_006_nzi_009'


text =

    'Source_nxi_001_nyi_006_nzi_010'


text =

    'Source_nxi_001_nyi_006_nzi_011'


text =

    'Source_nxi_001_nyi_006_nzi_012'


text =

    'Source_nxi_001_nyi_006_nzi_013'


text =

    'Source_nxi_001_nyi_006_nzi_014'


text =

    'Source_nxi_001_nyi_006_nzi_015'


text =

    'Source_nxi_001_nyi_006_nzi_016'


text =

    'Source_nxi_001_nyi_006_nzi_017'


text =

    'Source_nxi_001_nyi_006_nzi_018'


text =

    'Source_nxi_001_nyi_006_nzi_019'


text =

    'Source_nxi_001_nyi_006_nzi_020'


text =

    'Source_nxi_001_nyi_006_nzi_021'


text =

    'Source_nxi_001_nyi_006_nzi_022'


text =

    'Source_nxi_001_nyi_006_nzi_023'


text =

    'Source_nxi_001_nyi_006_nzi_024'


text =

    'Source_nxi_001_nyi_006_nzi_025'

Elapsed time is 1.001305 seconds.

text =

    'Source_nxi_001_nyi_007_nzi_001'


text =

    'Source_nxi_001_nyi_007_nzi_002'


text =

    'Source_nxi_001_nyi_007_nzi_003'


text =

    'Source_nxi_001_nyi_007_nzi_004'


text =

    'Source_nxi_001_nyi_007_nzi_005'


text =

    'Source_nxi_001_nyi_007_nzi_006'


text =

    'Source_nxi_001_nyi_007_nzi_007'


text =

    'Source_nxi_001_nyi_007_nzi_008'


text =

    'Source_nxi_001_nyi_007_nzi_009'


text =

    'Source_nxi_001_nyi_007_nzi_010'


text =

    'Source_nxi_001_nyi_007_nzi_011'


text =

    'Source_nxi_001_nyi_007_nzi_012'


text =

    'Source_nxi_001_nyi_007_nzi_013'


text =

    'Source_nxi_001_nyi_007_nzi_014'


text =

    'Source_nxi_001_nyi_007_nzi_015'


text =

    'Source_nxi_001_nyi_007_nzi_016'


text =

    'Source_nxi_001_nyi_007_nzi_017'


text =

    'Source_nxi_001_nyi_007_nzi_018'


text =

    'Source_nxi_001_nyi_007_nzi_019'


text =

    'Source_nxi_001_nyi_007_nzi_020'


text =

    'Source_nxi_001_nyi_007_nzi_021'


text =

    'Source_nxi_001_nyi_007_nzi_022'


text =

    'Source_nxi_001_nyi_007_nzi_023'


text =

    'Source_nxi_001_nyi_007_nzi_024'


text =

    'Source_nxi_001_nyi_007_nzi_025'

Elapsed time is 0.898524 seconds.

text =

    'Source_nxi_001_nyi_008_nzi_001'


text =

    'Source_nxi_001_nyi_008_nzi_002'


text =

    'Source_nxi_001_nyi_008_nzi_003'


text =

    'Source_nxi_001_nyi_008_nzi_004'


text =

    'Source_nxi_001_nyi_008_nzi_005'


text =

    'Source_nxi_001_nyi_008_nzi_006'


text =

    'Source_nxi_001_nyi_008_nzi_007'


text =

    'Source_nxi_001_nyi_008_nzi_008'


text =

    'Source_nxi_001_nyi_008_nzi_009'


text =

    'Source_nxi_001_nyi_008_nzi_010'


text =

    'Source_nxi_001_nyi_008_nzi_011'


text =

    'Source_nxi_001_nyi_008_nzi_012'


text =

    'Source_nxi_001_nyi_008_nzi_013'


text =

    'Source_nxi_001_nyi_008_nzi_014'


text =

    'Source_nxi_001_nyi_008_nzi_015'


text =

    'Source_nxi_001_nyi_008_nzi_016'


text =

    'Source_nxi_001_nyi_008_nzi_017'


text =

    'Source_nxi_001_nyi_008_nzi_018'


text =

    'Source_nxi_001_nyi_008_nzi_019'


text =

    'Source_nxi_001_nyi_008_nzi_020'


text =

    'Source_nxi_001_nyi_008_nzi_021'


text =

    'Source_nxi_001_nyi_008_nzi_022'


text =

    'Source_nxi_001_nyi_008_nzi_023'


text =

    'Source_nxi_001_nyi_008_nzi_024'


text =

    'Source_nxi_001_nyi_008_nzi_025'

Elapsed time is 1.025304 seconds.

text =

    'Source_nxi_002_nyi_001_nzi_001'


text =

    'Source_nxi_002_nyi_001_nzi_002'


text =

    'Source_nxi_002_nyi_001_nzi_003'


text =

    'Source_nxi_002_nyi_001_nzi_004'


text =

    'Source_nxi_002_nyi_001_nzi_005'


text =

    'Source_nxi_002_nyi_001_nzi_006'


text =

    'Source_nxi_002_nyi_001_nzi_007'


text =

    'Source_nxi_002_nyi_001_nzi_008'


text =

    'Source_nxi_002_nyi_001_nzi_009'


text =

    'Source_nxi_002_nyi_001_nzi_010'


text =

    'Source_nxi_002_nyi_001_nzi_011'


text =

    'Source_nxi_002_nyi_001_nzi_012'


text =

    'Source_nxi_002_nyi_001_nzi_013'


text =

    'Source_nxi_002_nyi_001_nzi_014'


text =

    'Source_nxi_002_nyi_001_nzi_015'


text =

    'Source_nxi_002_nyi_001_nzi_016'


text =

    'Source_nxi_002_nyi_001_nzi_017'


text =

    'Source_nxi_002_nyi_001_nzi_018'


text =

    'Source_nxi_002_nyi_001_nzi_019'


text =

    'Source_nxi_002_nyi_001_nzi_020'


text =

    'Source_nxi_002_nyi_001_nzi_021'


text =

    'Source_nxi_002_nyi_001_nzi_022'


text =

    'Source_nxi_002_nyi_001_nzi_023'


text =

    'Source_nxi_002_nyi_001_nzi_024'


text =

    'Source_nxi_002_nyi_001_nzi_025'

Elapsed time is 1.505662 seconds.

text =

    'Source_nxi_002_nyi_002_nzi_001'


text =

    'Source_nxi_002_nyi_002_nzi_002'


text =

    'Source_nxi_002_nyi_002_nzi_003'


text =

    'Source_nxi_002_nyi_002_nzi_004'


text =

    'Source_nxi_002_nyi_002_nzi_005'


text =

    'Source_nxi_002_nyi_002_nzi_006'


text =

    'Source_nxi_002_nyi_002_nzi_007'


text =

    'Source_nxi_002_nyi_002_nzi_008'


text =

    'Source_nxi_002_nyi_002_nzi_009'


text =

    'Source_nxi_002_nyi_002_nzi_010'


text =

    'Source_nxi_002_nyi_002_nzi_011'


text =

    'Source_nxi_002_nyi_002_nzi_012'


text =

    'Source_nxi_002_nyi_002_nzi_013'


text =

    'Source_nxi_002_nyi_002_nzi_014'


text =

    'Source_nxi_002_nyi_002_nzi_015'


text =

    'Source_nxi_002_nyi_002_nzi_016'


text =

    'Source_nxi_002_nyi_002_nzi_017'


text =

    'Source_nxi_002_nyi_002_nzi_018'


text =

    'Source_nxi_002_nyi_002_nzi_019'


text =

    'Source_nxi_002_nyi_002_nzi_020'


text =

    'Source_nxi_002_nyi_002_nzi_021'


text =

    'Source_nxi_002_nyi_002_nzi_022'


text =

    'Source_nxi_002_nyi_002_nzi_023'


text =

    'Source_nxi_002_nyi_002_nzi_024'


text =

    'Source_nxi_002_nyi_002_nzi_025'

Elapsed time is 0.993574 seconds.

text =

    'Source_nxi_002_nyi_003_nzi_001'


text =

    'Source_nxi_002_nyi_003_nzi_002'


text =

    'Source_nxi_002_nyi_003_nzi_003'


text =

    'Source_nxi_002_nyi_003_nzi_004'


text =

    'Source_nxi_002_nyi_003_nzi_005'


text =

    'Source_nxi_002_nyi_003_nzi_006'


text =

    'Source_nxi_002_nyi_003_nzi_007'


text =

    'Source_nxi_002_nyi_003_nzi_008'


text =

    'Source_nxi_002_nyi_003_nzi_009'


text =

    'Source_nxi_002_nyi_003_nzi_010'


text =

    'Source_nxi_002_nyi_003_nzi_011'


text =

    'Source_nxi_002_nyi_003_nzi_012'


text =

    'Source_nxi_002_nyi_003_nzi_013'


text =

    'Source_nxi_002_nyi_003_nzi_014'


text =

    'Source_nxi_002_nyi_003_nzi_015'


text =

    'Source_nxi_002_nyi_003_nzi_016'


text =

    'Source_nxi_002_nyi_003_nzi_017'


text =

    'Source_nxi_002_nyi_003_nzi_018'


text =

    'Source_nxi_002_nyi_003_nzi_019'


text =

    'Source_nxi_002_nyi_003_nzi_020'


text =

    'Source_nxi_002_nyi_003_nzi_021'


text =

    'Source_nxi_002_nyi_003_nzi_022'


text =

    'Source_nxi_002_nyi_003_nzi_023'


text =

    'Source_nxi_002_nyi_003_nzi_024'


text =

    'Source_nxi_002_nyi_003_nzi_025'

Elapsed time is 0.934638 seconds.

text =

    'Source_nxi_002_nyi_004_nzi_001'


text =

    'Source_nxi_002_nyi_004_nzi_002'


text =

    'Source_nxi_002_nyi_004_nzi_003'


text =

    'Source_nxi_002_nyi_004_nzi_004'


text =

    'Source_nxi_002_nyi_004_nzi_005'


text =

    'Source_nxi_002_nyi_004_nzi_006'


text =

    'Source_nxi_002_nyi_004_nzi_007'


text =

    'Source_nxi_002_nyi_004_nzi_008'


text =

    'Source_nxi_002_nyi_004_nzi_009'


text =

    'Source_nxi_002_nyi_004_nzi_010'


text =

    'Source_nxi_002_nyi_004_nzi_011'


text =

    'Source_nxi_002_nyi_004_nzi_012'


text =

    'Source_nxi_002_nyi_004_nzi_013'


text =

    'Source_nxi_002_nyi_004_nzi_014'


text =

    'Source_nxi_002_nyi_004_nzi_015'


text =

    'Source_nxi_002_nyi_004_nzi_016'


text =

    'Source_nxi_002_nyi_004_nzi_017'


text =

    'Source_nxi_002_nyi_004_nzi_018'


text =

    'Source_nxi_002_nyi_004_nzi_019'


text =

    'Source_nxi_002_nyi_004_nzi_020'


text =

    'Source_nxi_002_nyi_004_nzi_021'


text =

    'Source_nxi_002_nyi_004_nzi_022'


text =

    'Source_nxi_002_nyi_004_nzi_023'


text =

    'Source_nxi_002_nyi_004_nzi_024'


text =

    'Source_nxi_002_nyi_004_nzi_025'

Elapsed time is 0.829954 seconds.

text =

    'Source_nxi_002_nyi_005_nzi_001'


text =

    'Source_nxi_002_nyi_005_nzi_002'


text =

    'Source_nxi_002_nyi_005_nzi_003'


text =

    'Source_nxi_002_nyi_005_nzi_004'


text =

    'Source_nxi_002_nyi_005_nzi_005'


text =

    'Source_nxi_002_nyi_005_nzi_006'


text =

    'Source_nxi_002_nyi_005_nzi_007'


text =

    'Source_nxi_002_nyi_005_nzi_008'


text =

    'Source_nxi_002_nyi_005_nzi_009'


text =

    'Source_nxi_002_nyi_005_nzi_010'


text =

    'Source_nxi_002_nyi_005_nzi_011'


text =

    'Source_nxi_002_nyi_005_nzi_012'


text =

    'Source_nxi_002_nyi_005_nzi_013'


text =

    'Source_nxi_002_nyi_005_nzi_014'


text =

    'Source_nxi_002_nyi_005_nzi_015'


text =

    'Source_nxi_002_nyi_005_nzi_016'


text =

    'Source_nxi_002_nyi_005_nzi_017'


text =

    'Source_nxi_002_nyi_005_nzi_018'


text =

    'Source_nxi_002_nyi_005_nzi_019'


text =

    'Source_nxi_002_nyi_005_nzi_020'


text =

    'Source_nxi_002_nyi_005_nzi_021'


text =

    'Source_nxi_002_nyi_005_nzi_022'


text =

    'Source_nxi_002_nyi_005_nzi_023'


text =

    'Source_nxi_002_nyi_005_nzi_024'


text =

    'Source_nxi_002_nyi_005_nzi_025'

Elapsed time is 0.940544 seconds.

text =

    'Source_nxi_002_nyi_006_nzi_001'


text =

    'Source_nxi_002_nyi_006_nzi_002'


text =

    'Source_nxi_002_nyi_006_nzi_003'


text =

    'Source_nxi_002_nyi_006_nzi_004'


text =

    'Source_nxi_002_nyi_006_nzi_005'


text =

    'Source_nxi_002_nyi_006_nzi_006'


text =

    'Source_nxi_002_nyi_006_nzi_007'


text =

    'Source_nxi_002_nyi_006_nzi_008'


text =

    'Source_nxi_002_nyi_006_nzi_009'


text =

    'Source_nxi_002_nyi_006_nzi_010'


text =

    'Source_nxi_002_nyi_006_nzi_011'


text =

    'Source_nxi_002_nyi_006_nzi_012'


text =

    'Source_nxi_002_nyi_006_nzi_013'


text =

    'Source_nxi_002_nyi_006_nzi_014'


text =

    'Source_nxi_002_nyi_006_nzi_015'


text =

    'Source_nxi_002_nyi_006_nzi_016'


text =

    'Source_nxi_002_nyi_006_nzi_017'


text =

    'Source_nxi_002_nyi_006_nzi_018'


text =

    'Source_nxi_002_nyi_006_nzi_019'


text =

    'Source_nxi_002_nyi_006_nzi_020'


text =

    'Source_nxi_002_nyi_006_nzi_021'


text =

    'Source_nxi_002_nyi_006_nzi_022'


text =

    'Source_nxi_002_nyi_006_nzi_023'


text =

    'Source_nxi_002_nyi_006_nzi_024'


text =

    'Source_nxi_002_nyi_006_nzi_025'

Elapsed time is 0.874560 seconds.

text =

    'Source_nxi_002_nyi_007_nzi_001'


text =

    'Source_nxi_002_nyi_007_nzi_002'


text =

    'Source_nxi_002_nyi_007_nzi_003'


text =

    'Source_nxi_002_nyi_007_nzi_004'


text =

    'Source_nxi_002_nyi_007_nzi_005'


text =

    'Source_nxi_002_nyi_007_nzi_006'


text =

    'Source_nxi_002_nyi_007_nzi_007'


text =

    'Source_nxi_002_nyi_007_nzi_008'


text =

    'Source_nxi_002_nyi_007_nzi_009'


text =

    'Source_nxi_002_nyi_007_nzi_010'


text =

    'Source_nxi_002_nyi_007_nzi_011'


text =

    'Source_nxi_002_nyi_007_nzi_012'


text =

    'Source_nxi_002_nyi_007_nzi_013'


text =

    'Source_nxi_002_nyi_007_nzi_014'


text =

    'Source_nxi_002_nyi_007_nzi_015'


text =

    'Source_nxi_002_nyi_007_nzi_016'


text =

    'Source_nxi_002_nyi_007_nzi_017'


text =

    'Source_nxi_002_nyi_007_nzi_018'


text =

    'Source_nxi_002_nyi_007_nzi_019'


text =

    'Source_nxi_002_nyi_007_nzi_020'


text =

    'Source_nxi_002_nyi_007_nzi_021'


text =

    'Source_nxi_002_nyi_007_nzi_022'


text =

    'Source_nxi_002_nyi_007_nzi_023'


text =

    'Source_nxi_002_nyi_007_nzi_024'


text =

    'Source_nxi_002_nyi_007_nzi_025'

Elapsed time is 1.354455 seconds.

text =

    'Source_nxi_002_nyi_008_nzi_001'


text =

    'Source_nxi_002_nyi_008_nzi_002'


text =

    'Source_nxi_002_nyi_008_nzi_003'


text =

    'Source_nxi_002_nyi_008_nzi_004'


text =

    'Source_nxi_002_nyi_008_nzi_005'


text =

    'Source_nxi_002_nyi_008_nzi_006'


text =

    'Source_nxi_002_nyi_008_nzi_007'


text =

    'Source_nxi_002_nyi_008_nzi_008'


text =

    'Source_nxi_002_nyi_008_nzi_009'


text =

    'Source_nxi_002_nyi_008_nzi_010'


text =

    'Source_nxi_002_nyi_008_nzi_011'


text =

    'Source_nxi_002_nyi_008_nzi_012'


text =

    'Source_nxi_002_nyi_008_nzi_013'


text =

    'Source_nxi_002_nyi_008_nzi_014'


text =

    'Source_nxi_002_nyi_008_nzi_015'


text =

    'Source_nxi_002_nyi_008_nzi_016'


text =

    'Source_nxi_002_nyi_008_nzi_017'


text =

    'Source_nxi_002_nyi_008_nzi_018'


text =

    'Source_nxi_002_nyi_008_nzi_019'


text =

    'Source_nxi_002_nyi_008_nzi_020'


text =

    'Source_nxi_002_nyi_008_nzi_021'


text =

    'Source_nxi_002_nyi_008_nzi_022'


text =

    'Source_nxi_002_nyi_008_nzi_023'


text =

    'Source_nxi_002_nyi_008_nzi_024'


text =

    'Source_nxi_002_nyi_008_nzi_025'

Elapsed time is 1.032743 seconds.

text =

    'Source_nxi_003_nyi_001_nzi_001'


text =

    'Source_nxi_003_nyi_001_nzi_002'


text =

    'Source_nxi_003_nyi_001_nzi_003'


text =

    'Source_nxi_003_nyi_001_nzi_004'


text =

    'Source_nxi_003_nyi_001_nzi_005'


text =

    'Source_nxi_003_nyi_001_nzi_006'


text =

    'Source_nxi_003_nyi_001_nzi_007'


text =

    'Source_nxi_003_nyi_001_nzi_008'


text =

    'Source_nxi_003_nyi_001_nzi_009'


text =

    'Source_nxi_003_nyi_001_nzi_010'


text =

    'Source_nxi_003_nyi_001_nzi_011'


text =

    'Source_nxi_003_nyi_001_nzi_012'


text =

    'Source_nxi_003_nyi_001_nzi_013'


text =

    'Source_nxi_003_nyi_001_nzi_014'


text =

    'Source_nxi_003_nyi_001_nzi_015'


text =

    'Source_nxi_003_nyi_001_nzi_016'


text =

    'Source_nxi_003_nyi_001_nzi_017'


text =

    'Source_nxi_003_nyi_001_nzi_018'


text =

    'Source_nxi_003_nyi_001_nzi_019'


text =

    'Source_nxi_003_nyi_001_nzi_020'


text =

    'Source_nxi_003_nyi_001_nzi_021'


text =

    'Source_nxi_003_nyi_001_nzi_022'


text =

    'Source_nxi_003_nyi_001_nzi_023'


text =

    'Source_nxi_003_nyi_001_nzi_024'


text =

    'Source_nxi_003_nyi_001_nzi_025'

Elapsed time is 1.071346 seconds.

text =

    'Source_nxi_003_nyi_002_nzi_001'


text =

    'Source_nxi_003_nyi_002_nzi_002'


text =

    'Source_nxi_003_nyi_002_nzi_003'


text =

    'Source_nxi_003_nyi_002_nzi_004'


text =

    'Source_nxi_003_nyi_002_nzi_005'


text =

    'Source_nxi_003_nyi_002_nzi_006'


text =

    'Source_nxi_003_nyi_002_nzi_007'


text =

    'Source_nxi_003_nyi_002_nzi_008'


text =

    'Source_nxi_003_nyi_002_nzi_009'


text =

    'Source_nxi_003_nyi_002_nzi_010'


text =

    'Source_nxi_003_nyi_002_nzi_011'


text =

    'Source_nxi_003_nyi_002_nzi_012'


text =

    'Source_nxi_003_nyi_002_nzi_013'


text =

    'Source_nxi_003_nyi_002_nzi_014'


text =

    'Source_nxi_003_nyi_002_nzi_015'


text =

    'Source_nxi_003_nyi_002_nzi_016'


text =

    'Source_nxi_003_nyi_002_nzi_017'


text =

    'Source_nxi_003_nyi_002_nzi_018'


text =

    'Source_nxi_003_nyi_002_nzi_019'


text =

    'Source_nxi_003_nyi_002_nzi_020'


text =

    'Source_nxi_003_nyi_002_nzi_021'


text =

    'Source_nxi_003_nyi_002_nzi_022'


text =

    'Source_nxi_003_nyi_002_nzi_023'


text =

    'Source_nxi_003_nyi_002_nzi_024'


text =

    'Source_nxi_003_nyi_002_nzi_025'

Elapsed time is 1.168038 seconds.

text =

    'Source_nxi_003_nyi_003_nzi_001'


text =

    'Source_nxi_003_nyi_003_nzi_002'


text =

    'Source_nxi_003_nyi_003_nzi_003'


text =

    'Source_nxi_003_nyi_003_nzi_004'


text =

    'Source_nxi_003_nyi_003_nzi_005'


text =

    'Source_nxi_003_nyi_003_nzi_006'


text =

    'Source_nxi_003_nyi_003_nzi_007'


text =

    'Source_nxi_003_nyi_003_nzi_008'


text =

    'Source_nxi_003_nyi_003_nzi_009'


text =

    'Source_nxi_003_nyi_003_nzi_010'


text =

    'Source_nxi_003_nyi_003_nzi_011'


text =

    'Source_nxi_003_nyi_003_nzi_012'


text =

    'Source_nxi_003_nyi_003_nzi_013'


text =

    'Source_nxi_003_nyi_003_nzi_014'


text =

    'Source_nxi_003_nyi_003_nzi_015'


text =

    'Source_nxi_003_nyi_003_nzi_016'


text =

    'Source_nxi_003_nyi_003_nzi_017'


text =

    'Source_nxi_003_nyi_003_nzi_018'


text =

    'Source_nxi_003_nyi_003_nzi_019'


text =

    'Source_nxi_003_nyi_003_nzi_020'


text =

    'Source_nxi_003_nyi_003_nzi_021'


text =

    'Source_nxi_003_nyi_003_nzi_022'


text =

    'Source_nxi_003_nyi_003_nzi_023'


text =

    'Source_nxi_003_nyi_003_nzi_024'


text =

    'Source_nxi_003_nyi_003_nzi_025'

Elapsed time is 0.927031 seconds.

text =

    'Source_nxi_003_nyi_004_nzi_001'


text =

    'Source_nxi_003_nyi_004_nzi_002'


text =

    'Source_nxi_003_nyi_004_nzi_003'


text =

    'Source_nxi_003_nyi_004_nzi_004'


text =

    'Source_nxi_003_nyi_004_nzi_005'


text =

    'Source_nxi_003_nyi_004_nzi_006'


text =

    'Source_nxi_003_nyi_004_nzi_007'


text =

    'Source_nxi_003_nyi_004_nzi_008'


text =

    'Source_nxi_003_nyi_004_nzi_009'


text =

    'Source_nxi_003_nyi_004_nzi_010'


text =

    'Source_nxi_003_nyi_004_nzi_011'


text =

    'Source_nxi_003_nyi_004_nzi_012'


text =

    'Source_nxi_003_nyi_004_nzi_013'


text =

    'Source_nxi_003_nyi_004_nzi_014'


text =

    'Source_nxi_003_nyi_004_nzi_015'


text =

    'Source_nxi_003_nyi_004_nzi_016'


text =

    'Source_nxi_003_nyi_004_nzi_017'


text =

    'Source_nxi_003_nyi_004_nzi_018'


text =

    'Source_nxi_003_nyi_004_nzi_019'


text =

    'Source_nxi_003_nyi_004_nzi_020'


text =

    'Source_nxi_003_nyi_004_nzi_021'


text =

    'Source_nxi_003_nyi_004_nzi_022'


text =

    'Source_nxi_003_nyi_004_nzi_023'


text =

    'Source_nxi_003_nyi_004_nzi_024'


text =

    'Source_nxi_003_nyi_004_nzi_025'

Elapsed time is 0.849582 seconds.

text =

    'Source_nxi_003_nyi_005_nzi_001'


text =

    'Source_nxi_003_nyi_005_nzi_002'


text =

    'Source_nxi_003_nyi_005_nzi_003'


text =

    'Source_nxi_003_nyi_005_nzi_004'


text =

    'Source_nxi_003_nyi_005_nzi_005'


text =

    'Source_nxi_003_nyi_005_nzi_006'


text =

    'Source_nxi_003_nyi_005_nzi_007'


text =

    'Source_nxi_003_nyi_005_nzi_008'


text =

    'Source_nxi_003_nyi_005_nzi_009'


text =

    'Source_nxi_003_nyi_005_nzi_010'


text =

    'Source_nxi_003_nyi_005_nzi_011'


text =

    'Source_nxi_003_nyi_005_nzi_012'


text =

    'Source_nxi_003_nyi_005_nzi_013'


text =

    'Source_nxi_003_nyi_005_nzi_014'


text =

    'Source_nxi_003_nyi_005_nzi_015'


text =

    'Source_nxi_003_nyi_005_nzi_016'


text =

    'Source_nxi_003_nyi_005_nzi_017'


text =

    'Source_nxi_003_nyi_005_nzi_018'


text =

    'Source_nxi_003_nyi_005_nzi_019'


text =

    'Source_nxi_003_nyi_005_nzi_020'


text =

    'Source_nxi_003_nyi_005_nzi_021'


text =

    'Source_nxi_003_nyi_005_nzi_022'


text =

    'Source_nxi_003_nyi_005_nzi_023'


text =

    'Source_nxi_003_nyi_005_nzi_024'


text =

    'Source_nxi_003_nyi_005_nzi_025'

Elapsed time is 1.246805 seconds.

text =

    'Source_nxi_003_nyi_006_nzi_001'


text =

    'Source_nxi_003_nyi_006_nzi_002'


text =

    'Source_nxi_003_nyi_006_nzi_003'


text =

    'Source_nxi_003_nyi_006_nzi_004'


text =

    'Source_nxi_003_nyi_006_nzi_005'


text =

    'Source_nxi_003_nyi_006_nzi_006'


text =

    'Source_nxi_003_nyi_006_nzi_007'


text =

    'Source_nxi_003_nyi_006_nzi_008'


text =

    'Source_nxi_003_nyi_006_nzi_009'


text =

    'Source_nxi_003_nyi_006_nzi_010'


text =

    'Source_nxi_003_nyi_006_nzi_011'


text =

    'Source_nxi_003_nyi_006_nzi_012'


text =

    'Source_nxi_003_nyi_006_nzi_013'


text =

    'Source_nxi_003_nyi_006_nzi_014'


text =

    'Source_nxi_003_nyi_006_nzi_015'


text =

    'Source_nxi_003_nyi_006_nzi_016'


text =

    'Source_nxi_003_nyi_006_nzi_017'


text =

    'Source_nxi_003_nyi_006_nzi_018'


text =

    'Source_nxi_003_nyi_006_nzi_019'


text =

    'Source_nxi_003_nyi_006_nzi_020'


text =

    'Source_nxi_003_nyi_006_nzi_021'


text =

    'Source_nxi_003_nyi_006_nzi_022'


text =

    'Source_nxi_003_nyi_006_nzi_023'


text =

    'Source_nxi_003_nyi_006_nzi_024'


text =

    'Source_nxi_003_nyi_006_nzi_025'

Elapsed time is 1.064545 seconds.

text =

    'Source_nxi_003_nyi_007_nzi_001'


text =

    'Source_nxi_003_nyi_007_nzi_002'


text =

    'Source_nxi_003_nyi_007_nzi_003'


text =

    'Source_nxi_003_nyi_007_nzi_004'


text =

    'Source_nxi_003_nyi_007_nzi_005'


text =

    'Source_nxi_003_nyi_007_nzi_006'


text =

    'Source_nxi_003_nyi_007_nzi_007'


text =

    'Source_nxi_003_nyi_007_nzi_008'


text =

    'Source_nxi_003_nyi_007_nzi_009'


text =

    'Source_nxi_003_nyi_007_nzi_010'


text =

    'Source_nxi_003_nyi_007_nzi_011'


text =

    'Source_nxi_003_nyi_007_nzi_012'


text =

    'Source_nxi_003_nyi_007_nzi_013'


text =

    'Source_nxi_003_nyi_007_nzi_014'


text =

    'Source_nxi_003_nyi_007_nzi_015'


text =

    'Source_nxi_003_nyi_007_nzi_016'


text =

    'Source_nxi_003_nyi_007_nzi_017'


text =

    'Source_nxi_003_nyi_007_nzi_018'


text =

    'Source_nxi_003_nyi_007_nzi_019'


text =

    'Source_nxi_003_nyi_007_nzi_020'


text =

    'Source_nxi_003_nyi_007_nzi_021'


text =

    'Source_nxi_003_nyi_007_nzi_022'


text =

    'Source_nxi_003_nyi_007_nzi_023'


text =

    'Source_nxi_003_nyi_007_nzi_024'


text =

    'Source_nxi_003_nyi_007_nzi_025'

Elapsed time is 1.034699 seconds.

text =

    'Source_nxi_003_nyi_008_nzi_001'


text =

    'Source_nxi_003_nyi_008_nzi_002'


text =

    'Source_nxi_003_nyi_008_nzi_003'


text =

    'Source_nxi_003_nyi_008_nzi_004'


text =

    'Source_nxi_003_nyi_008_nzi_005'


text =

    'Source_nxi_003_nyi_008_nzi_006'


text =

    'Source_nxi_003_nyi_008_nzi_007'


text =

    'Source_nxi_003_nyi_008_nzi_008'


text =

    'Source_nxi_003_nyi_008_nzi_009'


text =

    'Source_nxi_003_nyi_008_nzi_010'


text =

    'Source_nxi_003_nyi_008_nzi_011'


text =

    'Source_nxi_003_nyi_008_nzi_012'


text =

    'Source_nxi_003_nyi_008_nzi_013'


text =

    'Source_nxi_003_nyi_008_nzi_014'


text =

    'Source_nxi_003_nyi_008_nzi_015'


text =

    'Source_nxi_003_nyi_008_nzi_016'


text =

    'Source_nxi_003_nyi_008_nzi_017'


text =

    'Source_nxi_003_nyi_008_nzi_018'


text =

    'Source_nxi_003_nyi_008_nzi_019'


text =

    'Source_nxi_003_nyi_008_nzi_020'


text =

    'Source_nxi_003_nyi_008_nzi_021'


text =

    'Source_nxi_003_nyi_008_nzi_022'


text =

    'Source_nxi_003_nyi_008_nzi_023'


text =

    'Source_nxi_003_nyi_008_nzi_024'


text =

    'Source_nxi_003_nyi_008_nzi_025'

Elapsed time is 0.961873 seconds.

text =

    'Source_nxi_004_nyi_001_nzi_001'


text =

    'Source_nxi_004_nyi_001_nzi_002'


text =

    'Source_nxi_004_nyi_001_nzi_003'


text =

    'Source_nxi_004_nyi_001_nzi_004'


text =

    'Source_nxi_004_nyi_001_nzi_005'


text =

    'Source_nxi_004_nyi_001_nzi_006'


text =

    'Source_nxi_004_nyi_001_nzi_007'


text =

    'Source_nxi_004_nyi_001_nzi_008'


text =

    'Source_nxi_004_nyi_001_nzi_009'


text =

    'Source_nxi_004_nyi_001_nzi_010'


text =

    'Source_nxi_004_nyi_001_nzi_011'


text =

    'Source_nxi_004_nyi_001_nzi_012'


text =

    'Source_nxi_004_nyi_001_nzi_013'


text =

    'Source_nxi_004_nyi_001_nzi_014'


text =

    'Source_nxi_004_nyi_001_nzi_015'


text =

    'Source_nxi_004_nyi_001_nzi_016'


text =

    'Source_nxi_004_nyi_001_nzi_017'


text =

    'Source_nxi_004_nyi_001_nzi_018'


text =

    'Source_nxi_004_nyi_001_nzi_019'


text =

    'Source_nxi_004_nyi_001_nzi_020'


text =

    'Source_nxi_004_nyi_001_nzi_021'


text =

    'Source_nxi_004_nyi_001_nzi_022'


text =

    'Source_nxi_004_nyi_001_nzi_023'


text =

    'Source_nxi_004_nyi_001_nzi_024'


text =

    'Source_nxi_004_nyi_001_nzi_025'

Elapsed time is 1.131645 seconds.

text =

    'Source_nxi_004_nyi_002_nzi_001'


text =

    'Source_nxi_004_nyi_002_nzi_002'


text =

    'Source_nxi_004_nyi_002_nzi_003'


text =

    'Source_nxi_004_nyi_002_nzi_004'


text =

    'Source_nxi_004_nyi_002_nzi_005'


text =

    'Source_nxi_004_nyi_002_nzi_006'


text =

    'Source_nxi_004_nyi_002_nzi_007'


text =

    'Source_nxi_004_nyi_002_nzi_008'


text =

    'Source_nxi_004_nyi_002_nzi_009'


text =

    'Source_nxi_004_nyi_002_nzi_010'


text =

    'Source_nxi_004_nyi_002_nzi_011'


text =

    'Source_nxi_004_nyi_002_nzi_012'


text =

    'Source_nxi_004_nyi_002_nzi_013'


text =

    'Source_nxi_004_nyi_002_nzi_014'


text =

    'Source_nxi_004_nyi_002_nzi_015'


text =

    'Source_nxi_004_nyi_002_nzi_016'


text =

    'Source_nxi_004_nyi_002_nzi_017'


text =

    'Source_nxi_004_nyi_002_nzi_018'


text =

    'Source_nxi_004_nyi_002_nzi_019'


text =

    'Source_nxi_004_nyi_002_nzi_020'


text =

    'Source_nxi_004_nyi_002_nzi_021'


text =

    'Source_nxi_004_nyi_002_nzi_022'


text =

    'Source_nxi_004_nyi_002_nzi_023'


text =

    'Source_nxi_004_nyi_002_nzi_024'


text =

    'Source_nxi_004_nyi_002_nzi_025'

Elapsed time is 1.314618 seconds.

text =

    'Source_nxi_004_nyi_003_nzi_001'


text =

    'Source_nxi_004_nyi_003_nzi_002'


text =

    'Source_nxi_004_nyi_003_nzi_003'


text =

    'Source_nxi_004_nyi_003_nzi_004'


text =

    'Source_nxi_004_nyi_003_nzi_005'


text =

    'Source_nxi_004_nyi_003_nzi_006'


text =

    'Source_nxi_004_nyi_003_nzi_007'


text =

    'Source_nxi_004_nyi_003_nzi_008'


text =

    'Source_nxi_004_nyi_003_nzi_009'


text =

    'Source_nxi_004_nyi_003_nzi_010'


text =

    'Source_nxi_004_nyi_003_nzi_011'


text =

    'Source_nxi_004_nyi_003_nzi_012'


text =

    'Source_nxi_004_nyi_003_nzi_013'


text =

    'Source_nxi_004_nyi_003_nzi_014'


text =

    'Source_nxi_004_nyi_003_nzi_015'


text =

    'Source_nxi_004_nyi_003_nzi_016'


text =

    'Source_nxi_004_nyi_003_nzi_017'


text =

    'Source_nxi_004_nyi_003_nzi_018'


text =

    'Source_nxi_004_nyi_003_nzi_019'


text =

    'Source_nxi_004_nyi_003_nzi_020'


text =

    'Source_nxi_004_nyi_003_nzi_021'


text =

    'Source_nxi_004_nyi_003_nzi_022'


text =

    'Source_nxi_004_nyi_003_nzi_023'


text =

    'Source_nxi_004_nyi_003_nzi_024'


text =

    'Source_nxi_004_nyi_003_nzi_025'

Elapsed time is 0.986624 seconds.

text =

    'Source_nxi_004_nyi_004_nzi_001'


text =

    'Source_nxi_004_nyi_004_nzi_002'


text =

    'Source_nxi_004_nyi_004_nzi_003'


text =

    'Source_nxi_004_nyi_004_nzi_004'


text =

    'Source_nxi_004_nyi_004_nzi_005'


text =

    'Source_nxi_004_nyi_004_nzi_006'


text =

    'Source_nxi_004_nyi_004_nzi_007'


text =

    'Source_nxi_004_nyi_004_nzi_008'


text =

    'Source_nxi_004_nyi_004_nzi_009'


text =

    'Source_nxi_004_nyi_004_nzi_010'


text =

    'Source_nxi_004_nyi_004_nzi_011'


text =

    'Source_nxi_004_nyi_004_nzi_012'


text =

    'Source_nxi_004_nyi_004_nzi_013'


text =

    'Source_nxi_004_nyi_004_nzi_014'


text =

    'Source_nxi_004_nyi_004_nzi_015'


text =

    'Source_nxi_004_nyi_004_nzi_016'


text =

    'Source_nxi_004_nyi_004_nzi_017'


text =

    'Source_nxi_004_nyi_004_nzi_018'


text =

    'Source_nxi_004_nyi_004_nzi_019'


text =

    'Source_nxi_004_nyi_004_nzi_020'


text =

    'Source_nxi_004_nyi_004_nzi_021'


text =

    'Source_nxi_004_nyi_004_nzi_022'


text =

    'Source_nxi_004_nyi_004_nzi_023'


text =

    'Source_nxi_004_nyi_004_nzi_024'


text =

    'Source_nxi_004_nyi_004_nzi_025'

Elapsed time is 1.118332 seconds.

text =

    'Source_nxi_004_nyi_005_nzi_001'


text =

    'Source_nxi_004_nyi_005_nzi_002'


text =

    'Source_nxi_004_nyi_005_nzi_003'


text =

    'Source_nxi_004_nyi_005_nzi_004'


text =

    'Source_nxi_004_nyi_005_nzi_005'


text =

    'Source_nxi_004_nyi_005_nzi_006'


text =

    'Source_nxi_004_nyi_005_nzi_007'


text =

    'Source_nxi_004_nyi_005_nzi_008'


text =

    'Source_nxi_004_nyi_005_nzi_009'


text =

    'Source_nxi_004_nyi_005_nzi_010'


text =

    'Source_nxi_004_nyi_005_nzi_011'


text =

    'Source_nxi_004_nyi_005_nzi_012'


text =

    'Source_nxi_004_nyi_005_nzi_013'


text =

    'Source_nxi_004_nyi_005_nzi_014'


text =

    'Source_nxi_004_nyi_005_nzi_015'


text =

    'Source_nxi_004_nyi_005_nzi_016'


text =

    'Source_nxi_004_nyi_005_nzi_017'


text =

    'Source_nxi_004_nyi_005_nzi_018'


text =

    'Source_nxi_004_nyi_005_nzi_019'


text =

    'Source_nxi_004_nyi_005_nzi_020'


text =

    'Source_nxi_004_nyi_005_nzi_021'


text =

    'Source_nxi_004_nyi_005_nzi_022'


text =

    'Source_nxi_004_nyi_005_nzi_023'


text =

    'Source_nxi_004_nyi_005_nzi_024'


text =

    'Source_nxi_004_nyi_005_nzi_025'

Elapsed time is 1.363609 seconds.

text =

    'Source_nxi_004_nyi_006_nzi_001'


text =

    'Source_nxi_004_nyi_006_nzi_002'


text =

    'Source_nxi_004_nyi_006_nzi_003'


text =

    'Source_nxi_004_nyi_006_nzi_004'


text =

    'Source_nxi_004_nyi_006_nzi_005'


text =

    'Source_nxi_004_nyi_006_nzi_006'


text =

    'Source_nxi_004_nyi_006_nzi_007'


text =

    'Source_nxi_004_nyi_006_nzi_008'


text =

    'Source_nxi_004_nyi_006_nzi_009'


text =

    'Source_nxi_004_nyi_006_nzi_010'


text =

    'Source_nxi_004_nyi_006_nzi_011'


text =

    'Source_nxi_004_nyi_006_nzi_012'


text =

    'Source_nxi_004_nyi_006_nzi_013'


text =

    'Source_nxi_004_nyi_006_nzi_014'


text =

    'Source_nxi_004_nyi_006_nzi_015'


text =

    'Source_nxi_004_nyi_006_nzi_016'


text =

    'Source_nxi_004_nyi_006_nzi_017'


text =

    'Source_nxi_004_nyi_006_nzi_018'


text =

    'Source_nxi_004_nyi_006_nzi_019'


text =

    'Source_nxi_004_nyi_006_nzi_020'


text =

    'Source_nxi_004_nyi_006_nzi_021'


text =

    'Source_nxi_004_nyi_006_nzi_022'


text =

    'Source_nxi_004_nyi_006_nzi_023'


text =

    'Source_nxi_004_nyi_006_nzi_024'


text =

    'Source_nxi_004_nyi_006_nzi_025'

Elapsed time is 0.987007 seconds.

text =

    'Source_nxi_004_nyi_007_nzi_001'


text =

    'Source_nxi_004_nyi_007_nzi_002'


text =

    'Source_nxi_004_nyi_007_nzi_003'


text =

    'Source_nxi_004_nyi_007_nzi_004'


text =

    'Source_nxi_004_nyi_007_nzi_005'


text =

    'Source_nxi_004_nyi_007_nzi_006'


text =

    'Source_nxi_004_nyi_007_nzi_007'


text =

    'Source_nxi_004_nyi_007_nzi_008'


text =

    'Source_nxi_004_nyi_007_nzi_009'


text =

    'Source_nxi_004_nyi_007_nzi_010'


text =

    'Source_nxi_004_nyi_007_nzi_011'


text =

    'Source_nxi_004_nyi_007_nzi_012'


text =

    'Source_nxi_004_nyi_007_nzi_013'


text =

    'Source_nxi_004_nyi_007_nzi_014'


text =

    'Source_nxi_004_nyi_007_nzi_015'


text =

    'Source_nxi_004_nyi_007_nzi_016'


text =

    'Source_nxi_004_nyi_007_nzi_017'


text =

    'Source_nxi_004_nyi_007_nzi_018'


text =

    'Source_nxi_004_nyi_007_nzi_019'


text =

    'Source_nxi_004_nyi_007_nzi_020'


text =

    'Source_nxi_004_nyi_007_nzi_021'


text =

    'Source_nxi_004_nyi_007_nzi_022'


text =

    'Source_nxi_004_nyi_007_nzi_023'


text =

    'Source_nxi_004_nyi_007_nzi_024'


text =

    'Source_nxi_004_nyi_007_nzi_025'

Elapsed time is 1.148398 seconds.

text =

    'Source_nxi_004_nyi_008_nzi_001'


text =

    'Source_nxi_004_nyi_008_nzi_002'


text =

    'Source_nxi_004_nyi_008_nzi_003'


text =

    'Source_nxi_004_nyi_008_nzi_004'


text =

    'Source_nxi_004_nyi_008_nzi_005'


text =

    'Source_nxi_004_nyi_008_nzi_006'


text =

    'Source_nxi_004_nyi_008_nzi_007'


text =

    'Source_nxi_004_nyi_008_nzi_008'


text =

    'Source_nxi_004_nyi_008_nzi_009'


text =

    'Source_nxi_004_nyi_008_nzi_010'


text =

    'Source_nxi_004_nyi_008_nzi_011'


text =

    'Source_nxi_004_nyi_008_nzi_012'


text =

    'Source_nxi_004_nyi_008_nzi_013'


text =

    'Source_nxi_004_nyi_008_nzi_014'


text =

    'Source_nxi_004_nyi_008_nzi_015'


text =

    'Source_nxi_004_nyi_008_nzi_016'


text =

    'Source_nxi_004_nyi_008_nzi_017'


text =

    'Source_nxi_004_nyi_008_nzi_018'


text =

    'Source_nxi_004_nyi_008_nzi_019'


text =

    'Source_nxi_004_nyi_008_nzi_020'


text =

    'Source_nxi_004_nyi_008_nzi_021'


text =

    'Source_nxi_004_nyi_008_nzi_022'


text =

    'Source_nxi_004_nyi_008_nzi_023'


text =

    'Source_nxi_004_nyi_008_nzi_024'


text =

    'Source_nxi_004_nyi_008_nzi_025'

Elapsed time is 1.054191 seconds.

text =

    'Source_nxi_005_nyi_001_nzi_001'


text =

    'Source_nxi_005_nyi_001_nzi_002'


text =

    'Source_nxi_005_nyi_001_nzi_003'


text =

    'Source_nxi_005_nyi_001_nzi_004'


text =

    'Source_nxi_005_nyi_001_nzi_005'


text =

    'Source_nxi_005_nyi_001_nzi_006'


text =

    'Source_nxi_005_nyi_001_nzi_007'


text =

    'Source_nxi_005_nyi_001_nzi_008'


text =

    'Source_nxi_005_nyi_001_nzi_009'


text =

    'Source_nxi_005_nyi_001_nzi_010'


text =

    'Source_nxi_005_nyi_001_nzi_011'


text =

    'Source_nxi_005_nyi_001_nzi_012'


text =

    'Source_nxi_005_nyi_001_nzi_013'


text =

    'Source_nxi_005_nyi_001_nzi_014'


text =

    'Source_nxi_005_nyi_001_nzi_015'


text =

    'Source_nxi_005_nyi_001_nzi_016'


text =

    'Source_nxi_005_nyi_001_nzi_017'


text =

    'Source_nxi_005_nyi_001_nzi_018'


text =

    'Source_nxi_005_nyi_001_nzi_019'


text =

    'Source_nxi_005_nyi_001_nzi_020'


text =

    'Source_nxi_005_nyi_001_nzi_021'


text =

    'Source_nxi_005_nyi_001_nzi_022'


text =

    'Source_nxi_005_nyi_001_nzi_023'


text =

    'Source_nxi_005_nyi_001_nzi_024'


text =

    'Source_nxi_005_nyi_001_nzi_025'

Elapsed time is 1.116778 seconds.

text =

    'Source_nxi_005_nyi_002_nzi_001'


text =

    'Source_nxi_005_nyi_002_nzi_002'


text =

    'Source_nxi_005_nyi_002_nzi_003'


text =

    'Source_nxi_005_nyi_002_nzi_004'


text =

    'Source_nxi_005_nyi_002_nzi_005'


text =

    'Source_nxi_005_nyi_002_nzi_006'


text =

    'Source_nxi_005_nyi_002_nzi_007'


text =

    'Source_nxi_005_nyi_002_nzi_008'


text =

    'Source_nxi_005_nyi_002_nzi_009'


text =

    'Source_nxi_005_nyi_002_nzi_010'


text =

    'Source_nxi_005_nyi_002_nzi_011'


text =

    'Source_nxi_005_nyi_002_nzi_012'


text =

    'Source_nxi_005_nyi_002_nzi_013'


text =

    'Source_nxi_005_nyi_002_nzi_014'


text =

    'Source_nxi_005_nyi_002_nzi_015'


text =

    'Source_nxi_005_nyi_002_nzi_016'


text =

    'Source_nxi_005_nyi_002_nzi_017'


text =

    'Source_nxi_005_nyi_002_nzi_018'


text =

    'Source_nxi_005_nyi_002_nzi_019'


text =

    'Source_nxi_005_nyi_002_nzi_020'


text =

    'Source_nxi_005_nyi_002_nzi_021'


text =

    'Source_nxi_005_nyi_002_nzi_022'


text =

    'Source_nxi_005_nyi_002_nzi_023'


text =

    'Source_nxi_005_nyi_002_nzi_024'


text =

    'Source_nxi_005_nyi_002_nzi_025'

Elapsed time is 1.164471 seconds.

text =

    'Source_nxi_005_nyi_003_nzi_001'


text =

    'Source_nxi_005_nyi_003_nzi_002'


text =

    'Source_nxi_005_nyi_003_nzi_003'


text =

    'Source_nxi_005_nyi_003_nzi_004'


text =

    'Source_nxi_005_nyi_003_nzi_005'


text =

    'Source_nxi_005_nyi_003_nzi_006'


text =

    'Source_nxi_005_nyi_003_nzi_007'


text =

    'Source_nxi_005_nyi_003_nzi_008'


text =

    'Source_nxi_005_nyi_003_nzi_009'


text =

    'Source_nxi_005_nyi_003_nzi_010'


text =

    'Source_nxi_005_nyi_003_nzi_011'


text =

    'Source_nxi_005_nyi_003_nzi_012'


text =

    'Source_nxi_005_nyi_003_nzi_013'


text =

    'Source_nxi_005_nyi_003_nzi_014'


text =

    'Source_nxi_005_nyi_003_nzi_015'


text =

    'Source_nxi_005_nyi_003_nzi_016'


text =

    'Source_nxi_005_nyi_003_nzi_017'


text =

    'Source_nxi_005_nyi_003_nzi_018'


text =

    'Source_nxi_005_nyi_003_nzi_019'


text =

    'Source_nxi_005_nyi_003_nzi_020'


text =

    'Source_nxi_005_nyi_003_nzi_021'


text =

    'Source_nxi_005_nyi_003_nzi_022'


text =

    'Source_nxi_005_nyi_003_nzi_023'


text =

    'Source_nxi_005_nyi_003_nzi_024'


text =

    'Source_nxi_005_nyi_003_nzi_025'

Elapsed time is 1.050706 seconds.

text =

    'Source_nxi_005_nyi_004_nzi_001'


text =

    'Source_nxi_005_nyi_004_nzi_002'


text =

    'Source_nxi_005_nyi_004_nzi_003'


text =

    'Source_nxi_005_nyi_004_nzi_004'


text =

    'Source_nxi_005_nyi_004_nzi_005'


text =

    'Source_nxi_005_nyi_004_nzi_006'


text =

    'Source_nxi_005_nyi_004_nzi_007'


text =

    'Source_nxi_005_nyi_004_nzi_008'


text =

    'Source_nxi_005_nyi_004_nzi_009'


text =

    'Source_nxi_005_nyi_004_nzi_010'


text =

    'Source_nxi_005_nyi_004_nzi_011'


text =

    'Source_nxi_005_nyi_004_nzi_012'


text =

    'Source_nxi_005_nyi_004_nzi_013'


text =

    'Source_nxi_005_nyi_004_nzi_014'


text =

    'Source_nxi_005_nyi_004_nzi_015'


text =

    'Source_nxi_005_nyi_004_nzi_016'


text =

    'Source_nxi_005_nyi_004_nzi_017'


text =

    'Source_nxi_005_nyi_004_nzi_018'


text =

    'Source_nxi_005_nyi_004_nzi_019'


text =

    'Source_nxi_005_nyi_004_nzi_020'


text =

    'Source_nxi_005_nyi_004_nzi_021'


text =

    'Source_nxi_005_nyi_004_nzi_022'


text =

    'Source_nxi_005_nyi_004_nzi_023'


text =

    'Source_nxi_005_nyi_004_nzi_024'


text =

    'Source_nxi_005_nyi_004_nzi_025'

Elapsed time is 1.182063 seconds.

text =

    'Source_nxi_005_nyi_005_nzi_001'


text =

    'Source_nxi_005_nyi_005_nzi_002'


text =

    'Source_nxi_005_nyi_005_nzi_003'


text =

    'Source_nxi_005_nyi_005_nzi_004'


text =

    'Source_nxi_005_nyi_005_nzi_005'


text =

    'Source_nxi_005_nyi_005_nzi_006'


text =

    'Source_nxi_005_nyi_005_nzi_007'


text =

    'Source_nxi_005_nyi_005_nzi_008'


text =

    'Source_nxi_005_nyi_005_nzi_009'


text =

    'Source_nxi_005_nyi_005_nzi_010'


text =

    'Source_nxi_005_nyi_005_nzi_011'


text =

    'Source_nxi_005_nyi_005_nzi_012'


text =

    'Source_nxi_005_nyi_005_nzi_013'


text =

    'Source_nxi_005_nyi_005_nzi_014'


text =

    'Source_nxi_005_nyi_005_nzi_015'


text =

    'Source_nxi_005_nyi_005_nzi_016'


text =

    'Source_nxi_005_nyi_005_nzi_017'


text =

    'Source_nxi_005_nyi_005_nzi_018'


text =

    'Source_nxi_005_nyi_005_nzi_019'


text =

    'Source_nxi_005_nyi_005_nzi_020'


text =

    'Source_nxi_005_nyi_005_nzi_021'


text =

    'Source_nxi_005_nyi_005_nzi_022'


text =

    'Source_nxi_005_nyi_005_nzi_023'


text =

    'Source_nxi_005_nyi_005_nzi_024'


text =

    'Source_nxi_005_nyi_005_nzi_025'

Elapsed time is 1.068500 seconds.

text =

    'Source_nxi_005_nyi_006_nzi_001'


text =

    'Source_nxi_005_nyi_006_nzi_002'


text =

    'Source_nxi_005_nyi_006_nzi_003'


text =

    'Source_nxi_005_nyi_006_nzi_004'


text =

    'Source_nxi_005_nyi_006_nzi_005'


text =

    'Source_nxi_005_nyi_006_nzi_006'


text =

    'Source_nxi_005_nyi_006_nzi_007'


text =

    'Source_nxi_005_nyi_006_nzi_008'


text =

    'Source_nxi_005_nyi_006_nzi_009'


text =

    'Source_nxi_005_nyi_006_nzi_010'


text =

    'Source_nxi_005_nyi_006_nzi_011'


text =

    'Source_nxi_005_nyi_006_nzi_012'


text =

    'Source_nxi_005_nyi_006_nzi_013'


text =

    'Source_nxi_005_nyi_006_nzi_014'


text =

    'Source_nxi_005_nyi_006_nzi_015'


text =

    'Source_nxi_005_nyi_006_nzi_016'


text =

    'Source_nxi_005_nyi_006_nzi_017'


text =

    'Source_nxi_005_nyi_006_nzi_018'


text =

    'Source_nxi_005_nyi_006_nzi_019'


text =

    'Source_nxi_005_nyi_006_nzi_020'


text =

    'Source_nxi_005_nyi_006_nzi_021'


text =

    'Source_nxi_005_nyi_006_nzi_022'


text =

    'Source_nxi_005_nyi_006_nzi_023'


text =

    'Source_nxi_005_nyi_006_nzi_024'


text =

    'Source_nxi_005_nyi_006_nzi_025'

Elapsed time is 1.382272 seconds.

text =

    'Source_nxi_005_nyi_007_nzi_001'


text =

    'Source_nxi_005_nyi_007_nzi_002'


text =

    'Source_nxi_005_nyi_007_nzi_003'


text =

    'Source_nxi_005_nyi_007_nzi_004'


text =

    'Source_nxi_005_nyi_007_nzi_005'


text =

    'Source_nxi_005_nyi_007_nzi_006'


text =

    'Source_nxi_005_nyi_007_nzi_007'


text =

    'Source_nxi_005_nyi_007_nzi_008'


text =

    'Source_nxi_005_nyi_007_nzi_009'


text =

    'Source_nxi_005_nyi_007_nzi_010'


text =

    'Source_nxi_005_nyi_007_nzi_011'


text =

    'Source_nxi_005_nyi_007_nzi_012'


text =

    'Source_nxi_005_nyi_007_nzi_013'


text =

    'Source_nxi_005_nyi_007_nzi_014'


text =

    'Source_nxi_005_nyi_007_nzi_015'


text =

    'Source_nxi_005_nyi_007_nzi_016'


text =

    'Source_nxi_005_nyi_007_nzi_017'


text =

    'Source_nxi_005_nyi_007_nzi_018'


text =

    'Source_nxi_005_nyi_007_nzi_019'


text =

    'Source_nxi_005_nyi_007_nzi_020'


text =

    'Source_nxi_005_nyi_007_nzi_021'


text =

    'Source_nxi_005_nyi_007_nzi_022'


text =

    'Source_nxi_005_nyi_007_nzi_023'


text =

    'Source_nxi_005_nyi_007_nzi_024'


text =

    'Source_nxi_005_nyi_007_nzi_025'

Elapsed time is 1.347914 seconds.

text =

    'Source_nxi_005_nyi_008_nzi_001'


text =

    'Source_nxi_005_nyi_008_nzi_002'


text =

    'Source_nxi_005_nyi_008_nzi_003'


text =

    'Source_nxi_005_nyi_008_nzi_004'


text =

    'Source_nxi_005_nyi_008_nzi_005'


text =

    'Source_nxi_005_nyi_008_nzi_006'


text =

    'Source_nxi_005_nyi_008_nzi_007'


text =

    'Source_nxi_005_nyi_008_nzi_008'


text =

    'Source_nxi_005_nyi_008_nzi_009'


text =

    'Source_nxi_005_nyi_008_nzi_010'


text =

    'Source_nxi_005_nyi_008_nzi_011'


text =

    'Source_nxi_005_nyi_008_nzi_012'


text =

    'Source_nxi_005_nyi_008_nzi_013'


text =

    'Source_nxi_005_nyi_008_nzi_014'


text =

    'Source_nxi_005_nyi_008_nzi_015'


text =

    'Source_nxi_005_nyi_008_nzi_016'


text =

    'Source_nxi_005_nyi_008_nzi_017'


text =

    'Source_nxi_005_nyi_008_nzi_018'


text =

    'Source_nxi_005_nyi_008_nzi_019'


text =

    'Source_nxi_005_nyi_008_nzi_020'


text =

    'Source_nxi_005_nyi_008_nzi_021'


text =

    'Source_nxi_005_nyi_008_nzi_022'


text =

    'Source_nxi_005_nyi_008_nzi_023'


text =

    'Source_nxi_005_nyi_008_nzi_024'


text =

    'Source_nxi_005_nyi_008_nzi_025'

Elapsed time is 1.310462 seconds.

text =

    'Source_nxi_006_nyi_001_nzi_001'


text =

    'Source_nxi_006_nyi_001_nzi_002'


text =

    'Source_nxi_006_nyi_001_nzi_003'


text =

    'Source_nxi_006_nyi_001_nzi_004'


text =

    'Source_nxi_006_nyi_001_nzi_005'


text =

    'Source_nxi_006_nyi_001_nzi_006'


text =

    'Source_nxi_006_nyi_001_nzi_007'


text =

    'Source_nxi_006_nyi_001_nzi_008'


text =

    'Source_nxi_006_nyi_001_nzi_009'


text =

    'Source_nxi_006_nyi_001_nzi_010'


text =

    'Source_nxi_006_nyi_001_nzi_011'


text =

    'Source_nxi_006_nyi_001_nzi_012'


text =

    'Source_nxi_006_nyi_001_nzi_013'


text =

    'Source_nxi_006_nyi_001_nzi_014'


text =

    'Source_nxi_006_nyi_001_nzi_015'


text =

    'Source_nxi_006_nyi_001_nzi_016'


text =

    'Source_nxi_006_nyi_001_nzi_017'


text =

    'Source_nxi_006_nyi_001_nzi_018'


text =

    'Source_nxi_006_nyi_001_nzi_019'


text =

    'Source_nxi_006_nyi_001_nzi_020'


text =

    'Source_nxi_006_nyi_001_nzi_021'


text =

    'Source_nxi_006_nyi_001_nzi_022'


text =

    'Source_nxi_006_nyi_001_nzi_023'


text =

    'Source_nxi_006_nyi_001_nzi_024'


text =

    'Source_nxi_006_nyi_001_nzi_025'

Elapsed time is 1.519433 seconds.

text =

    'Source_nxi_006_nyi_002_nzi_001'


text =

    'Source_nxi_006_nyi_002_nzi_002'


text =

    'Source_nxi_006_nyi_002_nzi_003'


text =

    'Source_nxi_006_nyi_002_nzi_004'


text =

    'Source_nxi_006_nyi_002_nzi_005'


text =

    'Source_nxi_006_nyi_002_nzi_006'


text =

    'Source_nxi_006_nyi_002_nzi_007'


text =

    'Source_nxi_006_nyi_002_nzi_008'


text =

    'Source_nxi_006_nyi_002_nzi_009'


text =

    'Source_nxi_006_nyi_002_nzi_010'


text =

    'Source_nxi_006_nyi_002_nzi_011'


text =

    'Source_nxi_006_nyi_002_nzi_012'


text =

    'Source_nxi_006_nyi_002_nzi_013'


text =

    'Source_nxi_006_nyi_002_nzi_014'


text =

    'Source_nxi_006_nyi_002_nzi_015'


text =

    'Source_nxi_006_nyi_002_nzi_016'


text =

    'Source_nxi_006_nyi_002_nzi_017'


text =

    'Source_nxi_006_nyi_002_nzi_018'


text =

    'Source_nxi_006_nyi_002_nzi_019'


text =

    'Source_nxi_006_nyi_002_nzi_020'


text =

    'Source_nxi_006_nyi_002_nzi_021'


text =

    'Source_nxi_006_nyi_002_nzi_022'


text =

    'Source_nxi_006_nyi_002_nzi_023'


text =

    'Source_nxi_006_nyi_002_nzi_024'


text =

    'Source_nxi_006_nyi_002_nzi_025'

Elapsed time is 1.063388 seconds.

text =

    'Source_nxi_006_nyi_003_nzi_001'


text =

    'Source_nxi_006_nyi_003_nzi_002'


text =

    'Source_nxi_006_nyi_003_nzi_003'


text =

    'Source_nxi_006_nyi_003_nzi_004'


text =

    'Source_nxi_006_nyi_003_nzi_005'


text =

    'Source_nxi_006_nyi_003_nzi_006'


text =

    'Source_nxi_006_nyi_003_nzi_007'


text =

    'Source_nxi_006_nyi_003_nzi_008'


text =

    'Source_nxi_006_nyi_003_nzi_009'


text =

    'Source_nxi_006_nyi_003_nzi_010'


text =

    'Source_nxi_006_nyi_003_nzi_011'


text =

    'Source_nxi_006_nyi_003_nzi_012'


text =

    'Source_nxi_006_nyi_003_nzi_013'


text =

    'Source_nxi_006_nyi_003_nzi_014'


text =

    'Source_nxi_006_nyi_003_nzi_015'


text =

    'Source_nxi_006_nyi_003_nzi_016'


text =

    'Source_nxi_006_nyi_003_nzi_017'


text =

    'Source_nxi_006_nyi_003_nzi_018'


text =

    'Source_nxi_006_nyi_003_nzi_019'


text =

    'Source_nxi_006_nyi_003_nzi_020'


text =

    'Source_nxi_006_nyi_003_nzi_021'


text =

    'Source_nxi_006_nyi_003_nzi_022'


text =

    'Source_nxi_006_nyi_003_nzi_023'


text =

    'Source_nxi_006_nyi_003_nzi_024'


text =

    'Source_nxi_006_nyi_003_nzi_025'

Elapsed time is 0.966995 seconds.

text =

    'Source_nxi_006_nyi_004_nzi_001'


text =

    'Source_nxi_006_nyi_004_nzi_002'


text =

    'Source_nxi_006_nyi_004_nzi_003'


text =

    'Source_nxi_006_nyi_004_nzi_004'


text =

    'Source_nxi_006_nyi_004_nzi_005'


text =

    'Source_nxi_006_nyi_004_nzi_006'


text =

    'Source_nxi_006_nyi_004_nzi_007'


text =

    'Source_nxi_006_nyi_004_nzi_008'


text =

    'Source_nxi_006_nyi_004_nzi_009'


text =

    'Source_nxi_006_nyi_004_nzi_010'


text =

    'Source_nxi_006_nyi_004_nzi_011'


text =

    'Source_nxi_006_nyi_004_nzi_012'


text =

    'Source_nxi_006_nyi_004_nzi_013'


text =

    'Source_nxi_006_nyi_004_nzi_014'


text =

    'Source_nxi_006_nyi_004_nzi_015'


text =

    'Source_nxi_006_nyi_004_nzi_016'


text =

    'Source_nxi_006_nyi_004_nzi_017'


text =

    'Source_nxi_006_nyi_004_nzi_018'


text =

    'Source_nxi_006_nyi_004_nzi_019'


text =

    'Source_nxi_006_nyi_004_nzi_020'


text =

    'Source_nxi_006_nyi_004_nzi_021'


text =

    'Source_nxi_006_nyi_004_nzi_022'


text =

    'Source_nxi_006_nyi_004_nzi_023'


text =

    'Source_nxi_006_nyi_004_nzi_024'


text =

    'Source_nxi_006_nyi_004_nzi_025'

Elapsed time is 0.861963 seconds.

text =

    'Source_nxi_006_nyi_005_nzi_001'


text =

    'Source_nxi_006_nyi_005_nzi_002'


text =

    'Source_nxi_006_nyi_005_nzi_003'


text =

    'Source_nxi_006_nyi_005_nzi_004'


text =

    'Source_nxi_006_nyi_005_nzi_005'


text =

    'Source_nxi_006_nyi_005_nzi_006'


text =

    'Source_nxi_006_nyi_005_nzi_007'


text =

    'Source_nxi_006_nyi_005_nzi_008'


text =

    'Source_nxi_006_nyi_005_nzi_009'


text =

    'Source_nxi_006_nyi_005_nzi_010'


text =

    'Source_nxi_006_nyi_005_nzi_011'


text =

    'Source_nxi_006_nyi_005_nzi_012'


text =

    'Source_nxi_006_nyi_005_nzi_013'


text =

    'Source_nxi_006_nyi_005_nzi_014'


text =

    'Source_nxi_006_nyi_005_nzi_015'


text =

    'Source_nxi_006_nyi_005_nzi_016'


text =

    'Source_nxi_006_nyi_005_nzi_017'


text =

    'Source_nxi_006_nyi_005_nzi_018'


text =

    'Source_nxi_006_nyi_005_nzi_019'


text =

    'Source_nxi_006_nyi_005_nzi_020'


text =

    'Source_nxi_006_nyi_005_nzi_021'


text =

    'Source_nxi_006_nyi_005_nzi_022'


text =

    'Source_nxi_006_nyi_005_nzi_023'


text =

    'Source_nxi_006_nyi_005_nzi_024'


text =

    'Source_nxi_006_nyi_005_nzi_025'

Elapsed time is 0.864663 seconds.

text =

    'Source_nxi_006_nyi_006_nzi_001'


text =

    'Source_nxi_006_nyi_006_nzi_002'


text =

    'Source_nxi_006_nyi_006_nzi_003'


text =

    'Source_nxi_006_nyi_006_nzi_004'


text =

    'Source_nxi_006_nyi_006_nzi_005'


text =

    'Source_nxi_006_nyi_006_nzi_006'


text =

    'Source_nxi_006_nyi_006_nzi_007'


text =

    'Source_nxi_006_nyi_006_nzi_008'


text =

    'Source_nxi_006_nyi_006_nzi_009'


text =

    'Source_nxi_006_nyi_006_nzi_010'


text =

    'Source_nxi_006_nyi_006_nzi_011'


text =

    'Source_nxi_006_nyi_006_nzi_012'


text =

    'Source_nxi_006_nyi_006_nzi_013'


text =

    'Source_nxi_006_nyi_006_nzi_014'


text =

    'Source_nxi_006_nyi_006_nzi_015'


text =

    'Source_nxi_006_nyi_006_nzi_016'


text =

    'Source_nxi_006_nyi_006_nzi_017'


text =

    'Source_nxi_006_nyi_006_nzi_018'


text =

    'Source_nxi_006_nyi_006_nzi_019'


text =

    'Source_nxi_006_nyi_006_nzi_020'


text =

    'Source_nxi_006_nyi_006_nzi_021'


text =

    'Source_nxi_006_nyi_006_nzi_022'


text =

    'Source_nxi_006_nyi_006_nzi_023'


text =

    'Source_nxi_006_nyi_006_nzi_024'


text =

    'Source_nxi_006_nyi_006_nzi_025'

Elapsed time is 1.303277 seconds.

text =

    'Source_nxi_006_nyi_007_nzi_001'


text =

    'Source_nxi_006_nyi_007_nzi_002'


text =

    'Source_nxi_006_nyi_007_nzi_003'


text =

    'Source_nxi_006_nyi_007_nzi_004'


text =

    'Source_nxi_006_nyi_007_nzi_005'


text =

    'Source_nxi_006_nyi_007_nzi_006'


text =

    'Source_nxi_006_nyi_007_nzi_007'


text =

    'Source_nxi_006_nyi_007_nzi_008'


text =

    'Source_nxi_006_nyi_007_nzi_009'


text =

    'Source_nxi_006_nyi_007_nzi_010'


text =

    'Source_nxi_006_nyi_007_nzi_011'


text =

    'Source_nxi_006_nyi_007_nzi_012'


text =

    'Source_nxi_006_nyi_007_nzi_013'


text =

    'Source_nxi_006_nyi_007_nzi_014'


text =

    'Source_nxi_006_nyi_007_nzi_015'


text =

    'Source_nxi_006_nyi_007_nzi_016'


text =

    'Source_nxi_006_nyi_007_nzi_017'


text =

    'Source_nxi_006_nyi_007_nzi_018'


text =

    'Source_nxi_006_nyi_007_nzi_019'


text =

    'Source_nxi_006_nyi_007_nzi_020'


text =

    'Source_nxi_006_nyi_007_nzi_021'


text =

    'Source_nxi_006_nyi_007_nzi_022'


text =

    'Source_nxi_006_nyi_007_nzi_023'


text =

    'Source_nxi_006_nyi_007_nzi_024'


text =

    'Source_nxi_006_nyi_007_nzi_025'

Elapsed time is 1.099267 seconds.

text =

    'Source_nxi_006_nyi_008_nzi_001'


text =

    'Source_nxi_006_nyi_008_nzi_002'


text =

    'Source_nxi_006_nyi_008_nzi_003'


text =

    'Source_nxi_006_nyi_008_nzi_004'


text =

    'Source_nxi_006_nyi_008_nzi_005'


text =

    'Source_nxi_006_nyi_008_nzi_006'


text =

    'Source_nxi_006_nyi_008_nzi_007'


text =

    'Source_nxi_006_nyi_008_nzi_008'


text =

    'Source_nxi_006_nyi_008_nzi_009'


text =

    'Source_nxi_006_nyi_008_nzi_010'


text =

    'Source_nxi_006_nyi_008_nzi_011'


text =

    'Source_nxi_006_nyi_008_nzi_012'


text =

    'Source_nxi_006_nyi_008_nzi_013'


text =

    'Source_nxi_006_nyi_008_nzi_014'


text =

    'Source_nxi_006_nyi_008_nzi_015'


text =

    'Source_nxi_006_nyi_008_nzi_016'


text =

    'Source_nxi_006_nyi_008_nzi_017'


text =

    'Source_nxi_006_nyi_008_nzi_018'


text =

    'Source_nxi_006_nyi_008_nzi_019'


text =

    'Source_nxi_006_nyi_008_nzi_020'


text =

    'Source_nxi_006_nyi_008_nzi_021'


text =

    'Source_nxi_006_nyi_008_nzi_022'


text =

    'Source_nxi_006_nyi_008_nzi_023'


text =

    'Source_nxi_006_nyi_008_nzi_024'


text =

    'Source_nxi_006_nyi_008_nzi_025'

Elapsed time is 1.147986 seconds.

text =

    'Source_nxi_007_nyi_001_nzi_001'


text =

    'Source_nxi_007_nyi_001_nzi_002'


text =

    'Source_nxi_007_nyi_001_nzi_003'


text =

    'Source_nxi_007_nyi_001_nzi_004'


text =

    'Source_nxi_007_nyi_001_nzi_005'


text =

    'Source_nxi_007_nyi_001_nzi_006'


text =

    'Source_nxi_007_nyi_001_nzi_007'


text =

    'Source_nxi_007_nyi_001_nzi_008'


text =

    'Source_nxi_007_nyi_001_nzi_009'


text =

    'Source_nxi_007_nyi_001_nzi_010'


text =

    'Source_nxi_007_nyi_001_nzi_011'


text =

    'Source_nxi_007_nyi_001_nzi_012'


text =

    'Source_nxi_007_nyi_001_nzi_013'


text =

    'Source_nxi_007_nyi_001_nzi_014'


text =

    'Source_nxi_007_nyi_001_nzi_015'


text =

    'Source_nxi_007_nyi_001_nzi_016'


text =

    'Source_nxi_007_nyi_001_nzi_017'


text =

    'Source_nxi_007_nyi_001_nzi_018'


text =

    'Source_nxi_007_nyi_001_nzi_019'


text =

    'Source_nxi_007_nyi_001_nzi_020'


text =

    'Source_nxi_007_nyi_001_nzi_021'


text =

    'Source_nxi_007_nyi_001_nzi_022'


text =

    'Source_nxi_007_nyi_001_nzi_023'


text =

    'Source_nxi_007_nyi_001_nzi_024'


text =

    'Source_nxi_007_nyi_001_nzi_025'

Elapsed time is 1.528870 seconds.

text =

    'Source_nxi_007_nyi_002_nzi_001'


text =

    'Source_nxi_007_nyi_002_nzi_002'


text =

    'Source_nxi_007_nyi_002_nzi_003'


text =

    'Source_nxi_007_nyi_002_nzi_004'


text =

    'Source_nxi_007_nyi_002_nzi_005'


text =

    'Source_nxi_007_nyi_002_nzi_006'


text =

    'Source_nxi_007_nyi_002_nzi_007'


text =

    'Source_nxi_007_nyi_002_nzi_008'


text =

    'Source_nxi_007_nyi_002_nzi_009'


text =

    'Source_nxi_007_nyi_002_nzi_010'


text =

    'Source_nxi_007_nyi_002_nzi_011'


text =

    'Source_nxi_007_nyi_002_nzi_012'


text =

    'Source_nxi_007_nyi_002_nzi_013'


text =

    'Source_nxi_007_nyi_002_nzi_014'


text =

    'Source_nxi_007_nyi_002_nzi_015'


text =

    'Source_nxi_007_nyi_002_nzi_016'


text =

    'Source_nxi_007_nyi_002_nzi_017'


text =

    'Source_nxi_007_nyi_002_nzi_018'


text =

    'Source_nxi_007_nyi_002_nzi_019'


text =

    'Source_nxi_007_nyi_002_nzi_020'


text =

    'Source_nxi_007_nyi_002_nzi_021'


text =

    'Source_nxi_007_nyi_002_nzi_022'


text =

    'Source_nxi_007_nyi_002_nzi_023'


text =

    'Source_nxi_007_nyi_002_nzi_024'


text =

    'Source_nxi_007_nyi_002_nzi_025'

Elapsed time is 0.962088 seconds.

text =

    'Source_nxi_007_nyi_003_nzi_001'


text =

    'Source_nxi_007_nyi_003_nzi_002'


text =

    'Source_nxi_007_nyi_003_nzi_003'


text =

    'Source_nxi_007_nyi_003_nzi_004'


text =

    'Source_nxi_007_nyi_003_nzi_005'


text =

    'Source_nxi_007_nyi_003_nzi_006'


text =

    'Source_nxi_007_nyi_003_nzi_007'


text =

    'Source_nxi_007_nyi_003_nzi_008'


text =

    'Source_nxi_007_nyi_003_nzi_009'


text =

    'Source_nxi_007_nyi_003_nzi_010'


text =

    'Source_nxi_007_nyi_003_nzi_011'


text =

    'Source_nxi_007_nyi_003_nzi_012'


text =

    'Source_nxi_007_nyi_003_nzi_013'


text =

    'Source_nxi_007_nyi_003_nzi_014'


text =

    'Source_nxi_007_nyi_003_nzi_015'


text =

    'Source_nxi_007_nyi_003_nzi_016'


text =

    'Source_nxi_007_nyi_003_nzi_017'


text =

    'Source_nxi_007_nyi_003_nzi_018'


text =

    'Source_nxi_007_nyi_003_nzi_019'


text =

    'Source_nxi_007_nyi_003_nzi_020'


text =

    'Source_nxi_007_nyi_003_nzi_021'


text =

    'Source_nxi_007_nyi_003_nzi_022'


text =

    'Source_nxi_007_nyi_003_nzi_023'


text =

    'Source_nxi_007_nyi_003_nzi_024'


text =

    'Source_nxi_007_nyi_003_nzi_025'

Elapsed time is 0.794596 seconds.

text =

    'Source_nxi_007_nyi_004_nzi_001'


text =

    'Source_nxi_007_nyi_004_nzi_002'


text =

    'Source_nxi_007_nyi_004_nzi_003'


text =

    'Source_nxi_007_nyi_004_nzi_004'


text =

    'Source_nxi_007_nyi_004_nzi_005'


text =

    'Source_nxi_007_nyi_004_nzi_006'


text =

    'Source_nxi_007_nyi_004_nzi_007'


text =

    'Source_nxi_007_nyi_004_nzi_008'


text =

    'Source_nxi_007_nyi_004_nzi_009'


text =

    'Source_nxi_007_nyi_004_nzi_010'


text =

    'Source_nxi_007_nyi_004_nzi_011'


text =

    'Source_nxi_007_nyi_004_nzi_012'


text =

    'Source_nxi_007_nyi_004_nzi_013'


text =

    'Source_nxi_007_nyi_004_nzi_014'


text =

    'Source_nxi_007_nyi_004_nzi_015'


text =

    'Source_nxi_007_nyi_004_nzi_016'


text =

    'Source_nxi_007_nyi_004_nzi_017'


text =

    'Source_nxi_007_nyi_004_nzi_018'


text =

    'Source_nxi_007_nyi_004_nzi_019'


text =

    'Source_nxi_007_nyi_004_nzi_020'


text =

    'Source_nxi_007_nyi_004_nzi_021'


text =

    'Source_nxi_007_nyi_004_nzi_022'


text =

    'Source_nxi_007_nyi_004_nzi_023'


text =

    'Source_nxi_007_nyi_004_nzi_024'


text =

    'Source_nxi_007_nyi_004_nzi_025'

Elapsed time is 0.949803 seconds.

text =

    'Source_nxi_007_nyi_005_nzi_001'


text =

    'Source_nxi_007_nyi_005_nzi_002'


text =

    'Source_nxi_007_nyi_005_nzi_003'


text =

    'Source_nxi_007_nyi_005_nzi_004'


text =

    'Source_nxi_007_nyi_005_nzi_005'


text =

    'Source_nxi_007_nyi_005_nzi_006'


text =

    'Source_nxi_007_nyi_005_nzi_007'


text =

    'Source_nxi_007_nyi_005_nzi_008'


text =

    'Source_nxi_007_nyi_005_nzi_009'


text =

    'Source_nxi_007_nyi_005_nzi_010'


text =

    'Source_nxi_007_nyi_005_nzi_011'


text =

    'Source_nxi_007_nyi_005_nzi_012'


text =

    'Source_nxi_007_nyi_005_nzi_013'


text =

    'Source_nxi_007_nyi_005_nzi_014'


text =

    'Source_nxi_007_nyi_005_nzi_015'


text =

    'Source_nxi_007_nyi_005_nzi_016'


text =

    'Source_nxi_007_nyi_005_nzi_017'


text =

    'Source_nxi_007_nyi_005_nzi_018'


text =

    'Source_nxi_007_nyi_005_nzi_019'


text =

    'Source_nxi_007_nyi_005_nzi_020'


text =

    'Source_nxi_007_nyi_005_nzi_021'


text =

    'Source_nxi_007_nyi_005_nzi_022'


text =

    'Source_nxi_007_nyi_005_nzi_023'


text =

    'Source_nxi_007_nyi_005_nzi_024'


text =

    'Source_nxi_007_nyi_005_nzi_025'

Elapsed time is 0.765036 seconds.

text =

    'Source_nxi_007_nyi_006_nzi_001'


text =

    'Source_nxi_007_nyi_006_nzi_002'


text =

    'Source_nxi_007_nyi_006_nzi_003'


text =

    'Source_nxi_007_nyi_006_nzi_004'


text =

    'Source_nxi_007_nyi_006_nzi_005'


text =

    'Source_nxi_007_nyi_006_nzi_006'


text =

    'Source_nxi_007_nyi_006_nzi_007'


text =

    'Source_nxi_007_nyi_006_nzi_008'


text =

    'Source_nxi_007_nyi_006_nzi_009'


text =

    'Source_nxi_007_nyi_006_nzi_010'


text =

    'Source_nxi_007_nyi_006_nzi_011'


text =

    'Source_nxi_007_nyi_006_nzi_012'


text =

    'Source_nxi_007_nyi_006_nzi_013'


text =

    'Source_nxi_007_nyi_006_nzi_014'


text =

    'Source_nxi_007_nyi_006_nzi_015'


text =

    'Source_nxi_007_nyi_006_nzi_016'


text =

    'Source_nxi_007_nyi_006_nzi_017'


text =

    'Source_nxi_007_nyi_006_nzi_018'


text =

    'Source_nxi_007_nyi_006_nzi_019'


text =

    'Source_nxi_007_nyi_006_nzi_020'


text =

    'Source_nxi_007_nyi_006_nzi_021'


text =

    'Source_nxi_007_nyi_006_nzi_022'


text =

    'Source_nxi_007_nyi_006_nzi_023'


text =

    'Source_nxi_007_nyi_006_nzi_024'


text =

    'Source_nxi_007_nyi_006_nzi_025'

Elapsed time is 0.810933 seconds.

text =

    'Source_nxi_007_nyi_007_nzi_001'


text =

    'Source_nxi_007_nyi_007_nzi_002'


text =

    'Source_nxi_007_nyi_007_nzi_003'


text =

    'Source_nxi_007_nyi_007_nzi_004'


text =

    'Source_nxi_007_nyi_007_nzi_005'


text =

    'Source_nxi_007_nyi_007_nzi_006'


text =

    'Source_nxi_007_nyi_007_nzi_007'


text =

    'Source_nxi_007_nyi_007_nzi_008'


text =

    'Source_nxi_007_nyi_007_nzi_009'


text =

    'Source_nxi_007_nyi_007_nzi_010'


text =

    'Source_nxi_007_nyi_007_nzi_011'


text =

    'Source_nxi_007_nyi_007_nzi_012'


text =

    'Source_nxi_007_nyi_007_nzi_013'


text =

    'Source_nxi_007_nyi_007_nzi_014'


text =

    'Source_nxi_007_nyi_007_nzi_015'


text =

    'Source_nxi_007_nyi_007_nzi_016'


text =

    'Source_nxi_007_nyi_007_nzi_017'


text =

    'Source_nxi_007_nyi_007_nzi_018'


text =

    'Source_nxi_007_nyi_007_nzi_019'


text =

    'Source_nxi_007_nyi_007_nzi_020'


text =

    'Source_nxi_007_nyi_007_nzi_021'


text =

    'Source_nxi_007_nyi_007_nzi_022'


text =

    'Source_nxi_007_nyi_007_nzi_023'


text =

    'Source_nxi_007_nyi_007_nzi_024'


text =

    'Source_nxi_007_nyi_007_nzi_025'

Elapsed time is 0.844406 seconds.

text =

    'Source_nxi_007_nyi_008_nzi_001'


text =

    'Source_nxi_007_nyi_008_nzi_002'


text =

    'Source_nxi_007_nyi_008_nzi_003'


text =

    'Source_nxi_007_nyi_008_nzi_004'


text =

    'Source_nxi_007_nyi_008_nzi_005'


text =

    'Source_nxi_007_nyi_008_nzi_006'


text =

    'Source_nxi_007_nyi_008_nzi_007'


text =

    'Source_nxi_007_nyi_008_nzi_008'


text =

    'Source_nxi_007_nyi_008_nzi_009'


text =

    'Source_nxi_007_nyi_008_nzi_010'


text =

    'Source_nxi_007_nyi_008_nzi_011'


text =

    'Source_nxi_007_nyi_008_nzi_012'


text =

    'Source_nxi_007_nyi_008_nzi_013'


text =

    'Source_nxi_007_nyi_008_nzi_014'


text =

    'Source_nxi_007_nyi_008_nzi_015'


text =

    'Source_nxi_007_nyi_008_nzi_016'


text =

    'Source_nxi_007_nyi_008_nzi_017'


text =

    'Source_nxi_007_nyi_008_nzi_018'


text =

    'Source_nxi_007_nyi_008_nzi_019'


text =

    'Source_nxi_007_nyi_008_nzi_020'


text =

    'Source_nxi_007_nyi_008_nzi_021'


text =

    'Source_nxi_007_nyi_008_nzi_022'


text =

    'Source_nxi_007_nyi_008_nzi_023'


text =

    'Source_nxi_007_nyi_008_nzi_024'


text =

    'Source_nxi_007_nyi_008_nzi_025'

Elapsed time is 1.099710 seconds.

text =

    'Source_nxi_008_nyi_001_nzi_001'


text =

    'Source_nxi_008_nyi_001_nzi_002'


text =

    'Source_nxi_008_nyi_001_nzi_003'


text =

    'Source_nxi_008_nyi_001_nzi_004'


text =

    'Source_nxi_008_nyi_001_nzi_005'


text =

    'Source_nxi_008_nyi_001_nzi_006'


text =

    'Source_nxi_008_nyi_001_nzi_007'


text =

    'Source_nxi_008_nyi_001_nzi_008'


text =

    'Source_nxi_008_nyi_001_nzi_009'


text =

    'Source_nxi_008_nyi_001_nzi_010'


text =

    'Source_nxi_008_nyi_001_nzi_011'


text =

    'Source_nxi_008_nyi_001_nzi_012'


text =

    'Source_nxi_008_nyi_001_nzi_013'


text =

    'Source_nxi_008_nyi_001_nzi_014'


text =

    'Source_nxi_008_nyi_001_nzi_015'


text =

    'Source_nxi_008_nyi_001_nzi_016'


text =

    'Source_nxi_008_nyi_001_nzi_017'


text =

    'Source_nxi_008_nyi_001_nzi_018'


text =

    'Source_nxi_008_nyi_001_nzi_019'


text =

    'Source_nxi_008_nyi_001_nzi_020'


text =

    'Source_nxi_008_nyi_001_nzi_021'


text =

    'Source_nxi_008_nyi_001_nzi_022'


text =

    'Source_nxi_008_nyi_001_nzi_023'


text =

    'Source_nxi_008_nyi_001_nzi_024'


text =

    'Source_nxi_008_nyi_001_nzi_025'

Elapsed time is 0.824754 seconds.

text =

    'Source_nxi_008_nyi_002_nzi_001'


text =

    'Source_nxi_008_nyi_002_nzi_002'


text =

    'Source_nxi_008_nyi_002_nzi_003'


text =

    'Source_nxi_008_nyi_002_nzi_004'


text =

    'Source_nxi_008_nyi_002_nzi_005'


text =

    'Source_nxi_008_nyi_002_nzi_006'


text =

    'Source_nxi_008_nyi_002_nzi_007'


text =

    'Source_nxi_008_nyi_002_nzi_008'


text =

    'Source_nxi_008_nyi_002_nzi_009'


text =

    'Source_nxi_008_nyi_002_nzi_010'


text =

    'Source_nxi_008_nyi_002_nzi_011'


text =

    'Source_nxi_008_nyi_002_nzi_012'


text =

    'Source_nxi_008_nyi_002_nzi_013'


text =

    'Source_nxi_008_nyi_002_nzi_014'


text =

    'Source_nxi_008_nyi_002_nzi_015'


text =

    'Source_nxi_008_nyi_002_nzi_016'


text =

    'Source_nxi_008_nyi_002_nzi_017'


text =

    'Source_nxi_008_nyi_002_nzi_018'


text =

    'Source_nxi_008_nyi_002_nzi_019'


text =

    'Source_nxi_008_nyi_002_nzi_020'


text =

    'Source_nxi_008_nyi_002_nzi_021'


text =

    'Source_nxi_008_nyi_002_nzi_022'


text =

    'Source_nxi_008_nyi_002_nzi_023'


text =

    'Source_nxi_008_nyi_002_nzi_024'


text =

    'Source_nxi_008_nyi_002_nzi_025'

Elapsed time is 0.934622 seconds.

text =

    'Source_nxi_008_nyi_003_nzi_001'


text =

    'Source_nxi_008_nyi_003_nzi_002'


text =

    'Source_nxi_008_nyi_003_nzi_003'


text =

    'Source_nxi_008_nyi_003_nzi_004'


text =

    'Source_nxi_008_nyi_003_nzi_005'


text =

    'Source_nxi_008_nyi_003_nzi_006'


text =

    'Source_nxi_008_nyi_003_nzi_007'


text =

    'Source_nxi_008_nyi_003_nzi_008'


text =

    'Source_nxi_008_nyi_003_nzi_009'


text =

    'Source_nxi_008_nyi_003_nzi_010'


text =

    'Source_nxi_008_nyi_003_nzi_011'


text =

    'Source_nxi_008_nyi_003_nzi_012'


text =

    'Source_nxi_008_nyi_003_nzi_013'


text =

    'Source_nxi_008_nyi_003_nzi_014'


text =

    'Source_nxi_008_nyi_003_nzi_015'


text =

    'Source_nxi_008_nyi_003_nzi_016'


text =

    'Source_nxi_008_nyi_003_nzi_017'


text =

    'Source_nxi_008_nyi_003_nzi_018'


text =

    'Source_nxi_008_nyi_003_nzi_019'


text =

    'Source_nxi_008_nyi_003_nzi_020'


text =

    'Source_nxi_008_nyi_003_nzi_021'


text =

    'Source_nxi_008_nyi_003_nzi_022'


text =

    'Source_nxi_008_nyi_003_nzi_023'


text =

    'Source_nxi_008_nyi_003_nzi_024'


text =

    'Source_nxi_008_nyi_003_nzi_025'

Elapsed time is 0.752273 seconds.

text =

    'Source_nxi_008_nyi_004_nzi_001'


text =

    'Source_nxi_008_nyi_004_nzi_002'


text =

    'Source_nxi_008_nyi_004_nzi_003'


text =

    'Source_nxi_008_nyi_004_nzi_004'


text =

    'Source_nxi_008_nyi_004_nzi_005'


text =

    'Source_nxi_008_nyi_004_nzi_006'


text =

    'Source_nxi_008_nyi_004_nzi_007'


text =

    'Source_nxi_008_nyi_004_nzi_008'


text =

    'Source_nxi_008_nyi_004_nzi_009'


text =

    'Source_nxi_008_nyi_004_nzi_010'


text =

    'Source_nxi_008_nyi_004_nzi_011'


text =

    'Source_nxi_008_nyi_004_nzi_012'


text =

    'Source_nxi_008_nyi_004_nzi_013'


text =

    'Source_nxi_008_nyi_004_nzi_014'


text =

    'Source_nxi_008_nyi_004_nzi_015'


text =

    'Source_nxi_008_nyi_004_nzi_016'


text =

    'Source_nxi_008_nyi_004_nzi_017'


text =

    'Source_nxi_008_nyi_004_nzi_018'


text =

    'Source_nxi_008_nyi_004_nzi_019'


text =

    'Source_nxi_008_nyi_004_nzi_020'


text =

    'Source_nxi_008_nyi_004_nzi_021'


text =

    'Source_nxi_008_nyi_004_nzi_022'


text =

    'Source_nxi_008_nyi_004_nzi_023'


text =

    'Source_nxi_008_nyi_004_nzi_024'


text =

    'Source_nxi_008_nyi_004_nzi_025'

Elapsed time is 0.891594 seconds.

text =

    'Source_nxi_008_nyi_005_nzi_001'


text =

    'Source_nxi_008_nyi_005_nzi_002'


text =

    'Source_nxi_008_nyi_005_nzi_003'


text =

    'Source_nxi_008_nyi_005_nzi_004'


text =

    'Source_nxi_008_nyi_005_nzi_005'


text =

    'Source_nxi_008_nyi_005_nzi_006'


text =

    'Source_nxi_008_nyi_005_nzi_007'


text =

    'Source_nxi_008_nyi_005_nzi_008'


text =

    'Source_nxi_008_nyi_005_nzi_009'


text =

    'Source_nxi_008_nyi_005_nzi_010'


text =

    'Source_nxi_008_nyi_005_nzi_011'


text =

    'Source_nxi_008_nyi_005_nzi_012'


text =

    'Source_nxi_008_nyi_005_nzi_013'


text =

    'Source_nxi_008_nyi_005_nzi_014'


text =

    'Source_nxi_008_nyi_005_nzi_015'


text =

    'Source_nxi_008_nyi_005_nzi_016'


text =

    'Source_nxi_008_nyi_005_nzi_017'


text =

    'Source_nxi_008_nyi_005_nzi_018'


text =

    'Source_nxi_008_nyi_005_nzi_019'


text =

    'Source_nxi_008_nyi_005_nzi_020'


text =

    'Source_nxi_008_nyi_005_nzi_021'


text =

    'Source_nxi_008_nyi_005_nzi_022'


text =

    'Source_nxi_008_nyi_005_nzi_023'


text =

    'Source_nxi_008_nyi_005_nzi_024'


text =

    'Source_nxi_008_nyi_005_nzi_025'

Elapsed time is 0.740051 seconds.

text =

    'Source_nxi_008_nyi_006_nzi_001'


text =

    'Source_nxi_008_nyi_006_nzi_002'


text =

    'Source_nxi_008_nyi_006_nzi_003'


text =

    'Source_nxi_008_nyi_006_nzi_004'


text =

    'Source_nxi_008_nyi_006_nzi_005'


text =

    'Source_nxi_008_nyi_006_nzi_006'


text =

    'Source_nxi_008_nyi_006_nzi_007'


text =

    'Source_nxi_008_nyi_006_nzi_008'


text =

    'Source_nxi_008_nyi_006_nzi_009'


text =

    'Source_nxi_008_nyi_006_nzi_010'


text =

    'Source_nxi_008_nyi_006_nzi_011'


text =

    'Source_nxi_008_nyi_006_nzi_012'


text =

    'Source_nxi_008_nyi_006_nzi_013'


text =

    'Source_nxi_008_nyi_006_nzi_014'


text =

    'Source_nxi_008_nyi_006_nzi_015'


text =

    'Source_nxi_008_nyi_006_nzi_016'


text =

    'Source_nxi_008_nyi_006_nzi_017'


text =

    'Source_nxi_008_nyi_006_nzi_018'


text =

    'Source_nxi_008_nyi_006_nzi_019'


text =

    'Source_nxi_008_nyi_006_nzi_020'


text =

    'Source_nxi_008_nyi_006_nzi_021'


text =

    'Source_nxi_008_nyi_006_nzi_022'


text =

    'Source_nxi_008_nyi_006_nzi_023'


text =

    'Source_nxi_008_nyi_006_nzi_024'


text =

    'Source_nxi_008_nyi_006_nzi_025'

Elapsed time is 0.931920 seconds.

text =

    'Source_nxi_008_nyi_007_nzi_001'


text =

    'Source_nxi_008_nyi_007_nzi_002'


text =

    'Source_nxi_008_nyi_007_nzi_003'


text =

    'Source_nxi_008_nyi_007_nzi_004'


text =

    'Source_nxi_008_nyi_007_nzi_005'


text =

    'Source_nxi_008_nyi_007_nzi_006'


text =

    'Source_nxi_008_nyi_007_nzi_007'


text =

    'Source_nxi_008_nyi_007_nzi_008'


text =

    'Source_nxi_008_nyi_007_nzi_009'


text =

    'Source_nxi_008_nyi_007_nzi_010'


text =

    'Source_nxi_008_nyi_007_nzi_011'


text =

    'Source_nxi_008_nyi_007_nzi_012'


text =

    'Source_nxi_008_nyi_007_nzi_013'


text =

    'Source_nxi_008_nyi_007_nzi_014'


text =

    'Source_nxi_008_nyi_007_nzi_015'


text =

    'Source_nxi_008_nyi_007_nzi_016'


text =

    'Source_nxi_008_nyi_007_nzi_017'


text =

    'Source_nxi_008_nyi_007_nzi_018'


text =

    'Source_nxi_008_nyi_007_nzi_019'


text =

    'Source_nxi_008_nyi_007_nzi_020'


text =

    'Source_nxi_008_nyi_007_nzi_021'


text =

    'Source_nxi_008_nyi_007_nzi_022'


text =

    'Source_nxi_008_nyi_007_nzi_023'


text =

    'Source_nxi_008_nyi_007_nzi_024'


text =

    'Source_nxi_008_nyi_007_nzi_025'

Elapsed time is 0.836553 seconds.

text =

    'Source_nxi_008_nyi_008_nzi_001'


text =

    'Source_nxi_008_nyi_008_nzi_002'


text =

    'Source_nxi_008_nyi_008_nzi_003'


text =

    'Source_nxi_008_nyi_008_nzi_004'


text =

    'Source_nxi_008_nyi_008_nzi_005'


text =

    'Source_nxi_008_nyi_008_nzi_006'


text =

    'Source_nxi_008_nyi_008_nzi_007'


text =

    'Source_nxi_008_nyi_008_nzi_008'


text =

    'Source_nxi_008_nyi_008_nzi_009'


text =

    'Source_nxi_008_nyi_008_nzi_010'


text =

    'Source_nxi_008_nyi_008_nzi_011'


text =

    'Source_nxi_008_nyi_008_nzi_012'


text =

    'Source_nxi_008_nyi_008_nzi_013'


text =

    'Source_nxi_008_nyi_008_nzi_014'


text =

    'Source_nxi_008_nyi_008_nzi_015'


text =

    'Source_nxi_008_nyi_008_nzi_016'


text =

    'Source_nxi_008_nyi_008_nzi_017'


text =

    'Source_nxi_008_nyi_008_nzi_018'


text =

    'Source_nxi_008_nyi_008_nzi_019'


text =

    'Source_nxi_008_nyi_008_nzi_020'


text =

    'Source_nxi_008_nyi_008_nzi_021'


text =

    'Source_nxi_008_nyi_008_nzi_022'


text =

    'Source_nxi_008_nyi_008_nzi_023'


text =

    'Source_nxi_008_nyi_008_nzi_024'


text =

    'Source_nxi_008_nyi_008_nzi_025'

Elapsed time is 0.812589 seconds.

text =

    'Source_nxi_009_nyi_001_nzi_001'


text =

    'Source_nxi_009_nyi_001_nzi_002'


text =

    'Source_nxi_009_nyi_001_nzi_003'


text =

    'Source_nxi_009_nyi_001_nzi_004'


text =

    'Source_nxi_009_nyi_001_nzi_005'


text =

    'Source_nxi_009_nyi_001_nzi_006'


text =

    'Source_nxi_009_nyi_001_nzi_007'


text =

    'Source_nxi_009_nyi_001_nzi_008'


text =

    'Source_nxi_009_nyi_001_nzi_009'


text =

    'Source_nxi_009_nyi_001_nzi_010'


text =

    'Source_nxi_009_nyi_001_nzi_011'


text =

    'Source_nxi_009_nyi_001_nzi_012'


text =

    'Source_nxi_009_nyi_001_nzi_013'


text =

    'Source_nxi_009_nyi_001_nzi_014'


text =

    'Source_nxi_009_nyi_001_nzi_015'


text =

    'Source_nxi_009_nyi_001_nzi_016'


text =

    'Source_nxi_009_nyi_001_nzi_017'


text =

    'Source_nxi_009_nyi_001_nzi_018'


text =

    'Source_nxi_009_nyi_001_nzi_019'


text =

    'Source_nxi_009_nyi_001_nzi_020'


text =

    'Source_nxi_009_nyi_001_nzi_021'


text =

    'Source_nxi_009_nyi_001_nzi_022'


text =

    'Source_nxi_009_nyi_001_nzi_023'


text =

    'Source_nxi_009_nyi_001_nzi_024'


text =

    'Source_nxi_009_nyi_001_nzi_025'

Elapsed time is 0.791972 seconds.

text =

    'Source_nxi_009_nyi_002_nzi_001'


text =

    'Source_nxi_009_nyi_002_nzi_002'


text =

    'Source_nxi_009_nyi_002_nzi_003'


text =

    'Source_nxi_009_nyi_002_nzi_004'


text =

    'Source_nxi_009_nyi_002_nzi_005'


text =

    'Source_nxi_009_nyi_002_nzi_006'


text =

    'Source_nxi_009_nyi_002_nzi_007'


text =

    'Source_nxi_009_nyi_002_nzi_008'


text =

    'Source_nxi_009_nyi_002_nzi_009'


text =

    'Source_nxi_009_nyi_002_nzi_010'


text =

    'Source_nxi_009_nyi_002_nzi_011'


text =

    'Source_nxi_009_nyi_002_nzi_012'


text =

    'Source_nxi_009_nyi_002_nzi_013'


text =

    'Source_nxi_009_nyi_002_nzi_014'


text =

    'Source_nxi_009_nyi_002_nzi_015'


text =

    'Source_nxi_009_nyi_002_nzi_016'


text =

    'Source_nxi_009_nyi_002_nzi_017'


text =

    'Source_nxi_009_nyi_002_nzi_018'


text =

    'Source_nxi_009_nyi_002_nzi_019'


text =

    'Source_nxi_009_nyi_002_nzi_020'


text =

    'Source_nxi_009_nyi_002_nzi_021'


text =

    'Source_nxi_009_nyi_002_nzi_022'


text =

    'Source_nxi_009_nyi_002_nzi_023'


text =

    'Source_nxi_009_nyi_002_nzi_024'


text =

    'Source_nxi_009_nyi_002_nzi_025'

Elapsed time is 0.927758 seconds.

text =

    'Source_nxi_009_nyi_003_nzi_001'


text =

    'Source_nxi_009_nyi_003_nzi_002'


text =

    'Source_nxi_009_nyi_003_nzi_003'


text =

    'Source_nxi_009_nyi_003_nzi_004'


text =

    'Source_nxi_009_nyi_003_nzi_005'


text =

    'Source_nxi_009_nyi_003_nzi_006'


text =

    'Source_nxi_009_nyi_003_nzi_007'


text =

    'Source_nxi_009_nyi_003_nzi_008'


text =

    'Source_nxi_009_nyi_003_nzi_009'


text =

    'Source_nxi_009_nyi_003_nzi_010'


text =

    'Source_nxi_009_nyi_003_nzi_011'


text =

    'Source_nxi_009_nyi_003_nzi_012'


text =

    'Source_nxi_009_nyi_003_nzi_013'


text =

    'Source_nxi_009_nyi_003_nzi_014'


text =

    'Source_nxi_009_nyi_003_nzi_015'


text =

    'Source_nxi_009_nyi_003_nzi_016'


text =

    'Source_nxi_009_nyi_003_nzi_017'


text =

    'Source_nxi_009_nyi_003_nzi_018'


text =

    'Source_nxi_009_nyi_003_nzi_019'


text =

    'Source_nxi_009_nyi_003_nzi_020'


text =

    'Source_nxi_009_nyi_003_nzi_021'


text =

    'Source_nxi_009_nyi_003_nzi_022'


text =

    'Source_nxi_009_nyi_003_nzi_023'


text =

    'Source_nxi_009_nyi_003_nzi_024'


text =

    'Source_nxi_009_nyi_003_nzi_025'

Elapsed time is 0.764680 seconds.

text =

    'Source_nxi_009_nyi_004_nzi_001'


text =

    'Source_nxi_009_nyi_004_nzi_002'


text =

    'Source_nxi_009_nyi_004_nzi_003'


text =

    'Source_nxi_009_nyi_004_nzi_004'


text =

    'Source_nxi_009_nyi_004_nzi_005'


text =

    'Source_nxi_009_nyi_004_nzi_006'


text =

    'Source_nxi_009_nyi_004_nzi_007'


text =

    'Source_nxi_009_nyi_004_nzi_008'


text =

    'Source_nxi_009_nyi_004_nzi_009'


text =

    'Source_nxi_009_nyi_004_nzi_010'


text =

    'Source_nxi_009_nyi_004_nzi_011'


text =

    'Source_nxi_009_nyi_004_nzi_012'


text =

    'Source_nxi_009_nyi_004_nzi_013'


text =

    'Source_nxi_009_nyi_004_nzi_014'


text =

    'Source_nxi_009_nyi_004_nzi_015'


text =

    'Source_nxi_009_nyi_004_nzi_016'


text =

    'Source_nxi_009_nyi_004_nzi_017'


text =

    'Source_nxi_009_nyi_004_nzi_018'


text =

    'Source_nxi_009_nyi_004_nzi_019'


text =

    'Source_nxi_009_nyi_004_nzi_020'


text =

    'Source_nxi_009_nyi_004_nzi_021'


text =

    'Source_nxi_009_nyi_004_nzi_022'


text =

    'Source_nxi_009_nyi_004_nzi_023'


text =

    'Source_nxi_009_nyi_004_nzi_024'


text =

    'Source_nxi_009_nyi_004_nzi_025'

Elapsed time is 0.796621 seconds.

text =

    'Source_nxi_009_nyi_005_nzi_001'


text =

    'Source_nxi_009_nyi_005_nzi_002'


text =

    'Source_nxi_009_nyi_005_nzi_003'


text =

    'Source_nxi_009_nyi_005_nzi_004'


text =

    'Source_nxi_009_nyi_005_nzi_005'


text =

    'Source_nxi_009_nyi_005_nzi_006'


text =

    'Source_nxi_009_nyi_005_nzi_007'


text =

    'Source_nxi_009_nyi_005_nzi_008'


text =

    'Source_nxi_009_nyi_005_nzi_009'


text =

    'Source_nxi_009_nyi_005_nzi_010'


text =

    'Source_nxi_009_nyi_005_nzi_011'


text =

    'Source_nxi_009_nyi_005_nzi_012'


text =

    'Source_nxi_009_nyi_005_nzi_013'


text =

    'Source_nxi_009_nyi_005_nzi_014'


text =

    'Source_nxi_009_nyi_005_nzi_015'


text =

    'Source_nxi_009_nyi_005_nzi_016'


text =

    'Source_nxi_009_nyi_005_nzi_017'


text =

    'Source_nxi_009_nyi_005_nzi_018'


text =

    'Source_nxi_009_nyi_005_nzi_019'


text =

    'Source_nxi_009_nyi_005_nzi_020'


text =

    'Source_nxi_009_nyi_005_nzi_021'


text =

    'Source_nxi_009_nyi_005_nzi_022'


text =

    'Source_nxi_009_nyi_005_nzi_023'


text =

    'Source_nxi_009_nyi_005_nzi_024'


text =

    'Source_nxi_009_nyi_005_nzi_025'

Elapsed time is 0.703272 seconds.

text =

    'Source_nxi_009_nyi_006_nzi_001'


text =

    'Source_nxi_009_nyi_006_nzi_002'


text =

    'Source_nxi_009_nyi_006_nzi_003'


text =

    'Source_nxi_009_nyi_006_nzi_004'


text =

    'Source_nxi_009_nyi_006_nzi_005'


text =

    'Source_nxi_009_nyi_006_nzi_006'


text =

    'Source_nxi_009_nyi_006_nzi_007'


text =

    'Source_nxi_009_nyi_006_nzi_008'


text =

    'Source_nxi_009_nyi_006_nzi_009'


text =

    'Source_nxi_009_nyi_006_nzi_010'


text =

    'Source_nxi_009_nyi_006_nzi_011'


text =

    'Source_nxi_009_nyi_006_nzi_012'


text =

    'Source_nxi_009_nyi_006_nzi_013'


text =

    'Source_nxi_009_nyi_006_nzi_014'


text =

    'Source_nxi_009_nyi_006_nzi_015'


text =

    'Source_nxi_009_nyi_006_nzi_016'


text =

    'Source_nxi_009_nyi_006_nzi_017'


text =

    'Source_nxi_009_nyi_006_nzi_018'


text =

    'Source_nxi_009_nyi_006_nzi_019'


text =

    'Source_nxi_009_nyi_006_nzi_020'


text =

    'Source_nxi_009_nyi_006_nzi_021'


text =

    'Source_nxi_009_nyi_006_nzi_022'


text =

    'Source_nxi_009_nyi_006_nzi_023'


text =

    'Source_nxi_009_nyi_006_nzi_024'


text =

    'Source_nxi_009_nyi_006_nzi_025'

Elapsed time is 0.788106 seconds.

text =

    'Source_nxi_009_nyi_007_nzi_001'


text =

    'Source_nxi_009_nyi_007_nzi_002'


text =

    'Source_nxi_009_nyi_007_nzi_003'


text =

    'Source_nxi_009_nyi_007_nzi_004'


text =

    'Source_nxi_009_nyi_007_nzi_005'


text =

    'Source_nxi_009_nyi_007_nzi_006'


text =

    'Source_nxi_009_nyi_007_nzi_007'


text =

    'Source_nxi_009_nyi_007_nzi_008'


text =

    'Source_nxi_009_nyi_007_nzi_009'


text =

    'Source_nxi_009_nyi_007_nzi_010'


text =

    'Source_nxi_009_nyi_007_nzi_011'


text =

    'Source_nxi_009_nyi_007_nzi_012'


text =

    'Source_nxi_009_nyi_007_nzi_013'


text =

    'Source_nxi_009_nyi_007_nzi_014'


text =

    'Source_nxi_009_nyi_007_nzi_015'


text =

    'Source_nxi_009_nyi_007_nzi_016'


text =

    'Source_nxi_009_nyi_007_nzi_017'


text =

    'Source_nxi_009_nyi_007_nzi_018'


text =

    'Source_nxi_009_nyi_007_nzi_019'


text =

    'Source_nxi_009_nyi_007_nzi_020'


text =

    'Source_nxi_009_nyi_007_nzi_021'


text =

    'Source_nxi_009_nyi_007_nzi_022'


text =

    'Source_nxi_009_nyi_007_nzi_023'


text =

    'Source_nxi_009_nyi_007_nzi_024'


text =

    'Source_nxi_009_nyi_007_nzi_025'

Elapsed time is 0.872347 seconds.

text =

    'Source_nxi_009_nyi_008_nzi_001'


text =

    'Source_nxi_009_nyi_008_nzi_002'


text =

    'Source_nxi_009_nyi_008_nzi_003'


text =

    'Source_nxi_009_nyi_008_nzi_004'


text =

    'Source_nxi_009_nyi_008_nzi_005'


text =

    'Source_nxi_009_nyi_008_nzi_006'


text =

    'Source_nxi_009_nyi_008_nzi_007'


text =

    'Source_nxi_009_nyi_008_nzi_008'


text =

    'Source_nxi_009_nyi_008_nzi_009'


text =

    'Source_nxi_009_nyi_008_nzi_010'


text =

    'Source_nxi_009_nyi_008_nzi_011'


text =

    'Source_nxi_009_nyi_008_nzi_012'


text =

    'Source_nxi_009_nyi_008_nzi_013'


text =

    'Source_nxi_009_nyi_008_nzi_014'


text =

    'Source_nxi_009_nyi_008_nzi_015'


text =

    'Source_nxi_009_nyi_008_nzi_016'


text =

    'Source_nxi_009_nyi_008_nzi_017'


text =

    'Source_nxi_009_nyi_008_nzi_018'


text =

    'Source_nxi_009_nyi_008_nzi_019'


text =

    'Source_nxi_009_nyi_008_nzi_020'


text =

    'Source_nxi_009_nyi_008_nzi_021'


text =

    'Source_nxi_009_nyi_008_nzi_022'


text =

    'Source_nxi_009_nyi_008_nzi_023'


text =

    'Source_nxi_009_nyi_008_nzi_024'


text =

    'Source_nxi_009_nyi_008_nzi_025'

Elapsed time is 1.339731 seconds.

text =

    'Source_nxi_010_nyi_001_nzi_001'


text =

    'Source_nxi_010_nyi_001_nzi_002'


text =

    'Source_nxi_010_nyi_001_nzi_003'


text =

    'Source_nxi_010_nyi_001_nzi_004'


text =

    'Source_nxi_010_nyi_001_nzi_005'


text =

    'Source_nxi_010_nyi_001_nzi_006'


text =

    'Source_nxi_010_nyi_001_nzi_007'


text =

    'Source_nxi_010_nyi_001_nzi_008'


text =

    'Source_nxi_010_nyi_001_nzi_009'


text =

    'Source_nxi_010_nyi_001_nzi_010'


text =

    'Source_nxi_010_nyi_001_nzi_011'


text =

    'Source_nxi_010_nyi_001_nzi_012'


text =

    'Source_nxi_010_nyi_001_nzi_013'

Error using .*
Arrays have incompatible sizes for this operation.

Error in compile_steadystate (line 27)

MATLAB:sizeDimensionsMustMatch
