Mon May  6 19:36:32 EDT 2024
c26a-s16.ufhpc

fpath =

    '/blue/bala/krishnap.kalivel/COVID/Sou2Snk_v2/room_HT01/dist_4m/Data'


spath =

    '/blue/bala/krishnap.kalivel/COVID/Sou2Snk_v2/room_HT01/dist_4m/Data_02'


nx =

    25


ny =

     8


nz =

    25


dist =

     4

FigureData_Dist_4m_nx_01_ny_01.mat
Elapsed time is 1.665319 seconds.
FigureData_Dist_4m_nx_01_ny_02.mat
Elapsed time is 1.469452 seconds.
FigureData_Dist_4m_nx_01_ny_03.mat
Elapsed time is 9.939321 seconds.
FigureData_Dist_4m_nx_01_ny_04.mat
Elapsed time is 9.299195 seconds.
FigureData_Dist_4m_nx_01_ny_05.mat
Elapsed time is 9.065170 seconds.
FigureData_Dist_4m_nx_01_ny_06.mat
Elapsed time is 8.586287 seconds.
FigureData_Dist_4m_nx_01_ny_07.mat
Elapsed time is 1.963724 seconds.
FigureData_Dist_4m_nx_01_ny_08.mat
Elapsed time is 2.346039 seconds.
FigureData_Dist_4m_nx_02_ny_01.mat
Elapsed time is 2.788486 seconds.
FigureData_Dist_4m_nx_02_ny_02.mat
Elapsed time is 2.554304 seconds.
FigureData_Dist_4m_nx_02_ny_03.mat
Elapsed time is 9.591121 seconds.
FigureData_Dist_4m_nx_02_ny_04.mat
Elapsed time is 9.574628 seconds.
FigureData_Dist_4m_nx_02_ny_05.mat
Elapsed time is 9.194847 seconds.
FigureData_Dist_4m_nx_02_ny_06.mat
Elapsed time is 8.913290 seconds.
FigureData_Dist_4m_nx_02_ny_07.mat
Elapsed time is 3.063726 seconds.
FigureData_Dist_4m_nx_02_ny_08.mat
Elapsed time is 3.642441 seconds.
FigureData_Dist_4m_nx_03_ny_01.mat
Elapsed time is 3.951395 seconds.
FigureData_Dist_4m_nx_03_ny_02.mat
Elapsed time is 3.551358 seconds.
FigureData_Dist_4m_nx_03_ny_03.mat
Elapsed time is 10.853112 seconds.
FigureData_Dist_4m_nx_03_ny_04.mat
Elapsed time is 11.005267 seconds.
FigureData_Dist_4m_nx_03_ny_05.mat
Elapsed time is 10.582468 seconds.
FigureData_Dist_4m_nx_03_ny_06.mat
Elapsed time is 10.373054 seconds.
FigureData_Dist_4m_nx_03_ny_07.mat
Elapsed time is 4.167370 seconds.
FigureData_Dist_4m_nx_03_ny_08.mat
Elapsed time is 4.644368 seconds.
FigureData_Dist_4m_nx_04_ny_01.mat
Elapsed time is 5.137469 seconds.
FigureData_Dist_4m_nx_04_ny_02.mat
Elapsed time is 4.792963 seconds.
FigureData_Dist_4m_nx_04_ny_03.mat
Elapsed time is 4.906814 seconds.
FigureData_Dist_4m_nx_04_ny_04.mat
Elapsed time is 5.102535 seconds.
FigureData_Dist_4m_nx_04_ny_05.mat
Elapsed time is 5.191981 seconds.
FigureData_Dist_4m_nx_04_ny_06.mat
Elapsed time is 13.453359 seconds.
FigureData_Dist_4m_nx_04_ny_07.mat
Elapsed time is 5.661865 seconds.
FigureData_Dist_4m_nx_04_ny_08.mat
Elapsed time is 6.033132 seconds.
FigureData_Dist_4m_nx_05_ny_01.mat
Elapsed time is 6.221586 seconds.
FigureData_Dist_4m_nx_05_ny_02.mat
Elapsed time is 5.995537 seconds.
FigureData_Dist_4m_nx_05_ny_03.mat
Elapsed time is 6.027679 seconds.
FigureData_Dist_4m_nx_05_ny_04.mat
Elapsed time is 6.160094 seconds.
FigureData_Dist_4m_nx_05_ny_05.mat
Elapsed time is 6.352293 seconds.
FigureData_Dist_4m_nx_05_ny_06.mat
Elapsed time is 14.707451 seconds.
FigureData_Dist_4m_nx_05_ny_07.mat
Elapsed time is 6.662749 seconds.
FigureData_Dist_4m_nx_05_ny_08.mat
Elapsed time is 7.166090 seconds.
FigureData_Dist_4m_nx_06_ny_01.mat
Elapsed time is 7.749065 seconds.
FigureData_Dist_4m_nx_06_ny_02.mat
Elapsed time is 7.358507 seconds.
FigureData_Dist_4m_nx_06_ny_03.mat
Elapsed time is 7.337267 seconds.
FigureData_Dist_4m_nx_06_ny_04.mat
Elapsed time is 7.472835 seconds.
FigureData_Dist_4m_nx_06_ny_05.mat
Elapsed time is 7.643178 seconds.
FigureData_Dist_4m_nx_06_ny_06.mat
Elapsed time is 7.700556 seconds.
FigureData_Dist_4m_nx_06_ny_07.mat
Elapsed time is 8.011913 seconds.
FigureData_Dist_4m_nx_06_ny_08.mat
Elapsed time is 8.728962 seconds.
FigureData_Dist_4m_nx_07_ny_01.mat
Elapsed time is 9.099725 seconds.
FigureData_Dist_4m_nx_07_ny_02.mat
Elapsed time is 8.762241 seconds.
FigureData_Dist_4m_nx_07_ny_03.mat
Elapsed time is 8.699841 seconds.
FigureData_Dist_4m_nx_07_ny_04.mat
Elapsed time is 8.960009 seconds.
FigureData_Dist_4m_nx_07_ny_05.mat
Elapsed time is 9.145150 seconds.
FigureData_Dist_4m_nx_07_ny_06.mat
Elapsed time is 9.153783 seconds.
FigureData_Dist_4m_nx_07_ny_07.mat
Elapsed time is 9.548127 seconds.
FigureData_Dist_4m_nx_07_ny_08.mat
Elapsed time is 10.335062 seconds.
FigureData_Dist_4m_nx_08_ny_01.mat
Elapsed time is 11.260118 seconds.
FigureData_Dist_4m_nx_08_ny_02.mat
Elapsed time is 10.556792 seconds.
FigureData_Dist_4m_nx_08_ny_03.mat
Elapsed time is 10.535703 seconds.
FigureData_Dist_4m_nx_08_ny_04.mat
Elapsed time is 10.585365 seconds.
FigureData_Dist_4m_nx_08_ny_05.mat
Elapsed time is 10.846798 seconds.
FigureData_Dist_4m_nx_08_ny_06.mat
Elapsed time is 11.143522 seconds.
FigureData_Dist_4m_nx_08_ny_07.mat
Elapsed time is 11.514026 seconds.
FigureData_Dist_4m_nx_08_ny_08.mat
Elapsed time is 12.352734 seconds.
FigureData_Dist_4m_nx_09_ny_01.mat
Elapsed time is 12.909135 seconds.
FigureData_Dist_4m_nx_09_ny_02.mat
Elapsed time is 12.440030 seconds.
FigureData_Dist_4m_nx_09_ny_03.mat
Elapsed time is 12.358498 seconds.
FigureData_Dist_4m_nx_09_ny_04.mat
Elapsed time is 12.461865 seconds.
FigureData_Dist_4m_nx_09_ny_05.mat
Elapsed time is 12.678938 seconds.
FigureData_Dist_4m_nx_09_ny_06.mat
Elapsed time is 13.023026 seconds.
FigureData_Dist_4m_nx_09_ny_07.mat
Elapsed time is 13.465816 seconds.
FigureData_Dist_4m_nx_09_ny_08.mat
Elapsed time is 14.307480 seconds.
FigureData_Dist_4m_nx_10_ny_01.mat
Elapsed time is 15.076515 seconds.
FigureData_Dist_4m_nx_10_ny_02.mat
Elapsed time is 14.461673 seconds.
FigureData_Dist_4m_nx_10_ny_03.mat
Elapsed time is 14.458576 seconds.
FigureData_Dist_4m_nx_10_ny_04.mat
Elapsed time is 14.608113 seconds.
FigureData_Dist_4m_nx_10_ny_05.mat
Elapsed time is 14.848064 seconds.
FigureData_Dist_4m_nx_10_ny_06.mat
Elapsed time is 15.054198 seconds.
FigureData_Dist_4m_nx_10_ny_07.mat
Elapsed time is 15.780871 seconds.
FigureData_Dist_4m_nx_10_ny_08.mat
Elapsed time is 16.546906 seconds.
FigureData_Dist_4m_nx_11_ny_01.mat
Elapsed time is 17.167656 seconds.
FigureData_Dist_4m_nx_11_ny_02.mat
Elapsed time is 17.061088 seconds.
FigureData_Dist_4m_nx_11_ny_03.mat
Elapsed time is 16.715114 seconds.
FigureData_Dist_4m_nx_11_ny_04.mat
Elapsed time is 16.790394 seconds.
FigureData_Dist_4m_nx_11_ny_05.mat
Elapsed time is 17.134885 seconds.
FigureData_Dist_4m_nx_11_ny_06.mat
Elapsed time is 17.218936 seconds.
FigureData_Dist_4m_nx_11_ny_07.mat
Elapsed time is 17.851579 seconds.
FigureData_Dist_4m_nx_11_ny_08.mat
Elapsed time is 18.953130 seconds.
FigureData_Dist_4m_nx_12_ny_01.mat
Elapsed time is 19.118112 seconds.
FigureData_Dist_4m_nx_12_ny_02.mat
Elapsed time is 18.814303 seconds.
FigureData_Dist_4m_nx_12_ny_03.mat
Elapsed time is 18.620471 seconds.
FigureData_Dist_4m_nx_12_ny_04.mat
Elapsed time is 18.862808 seconds.
FigureData_Dist_4m_nx_12_ny_05.mat
Elapsed time is 19.051606 seconds.
FigureData_Dist_4m_nx_12_ny_06.mat
Elapsed time is 19.342068 seconds.
FigureData_Dist_4m_nx_12_ny_07.mat
Elapsed time is 19.890952 seconds.
FigureData_Dist_4m_nx_12_ny_08.mat
Elapsed time is 20.937760 seconds.
FigureData_Dist_4m_nx_13_ny_01.mat
Elapsed time is 21.011453 seconds.
FigureData_Dist_4m_nx_13_ny_02.mat
Elapsed time is 20.715039 seconds.
FigureData_Dist_4m_nx_13_ny_03.mat
Elapsed time is 20.791344 seconds.
FigureData_Dist_4m_nx_13_ny_04.mat
Elapsed time is 21.102015 seconds.
FigureData_Dist_4m_nx_13_ny_05.mat
Elapsed time is 21.134702 seconds.
FigureData_Dist_4m_nx_13_ny_06.mat
Elapsed time is 21.466526 seconds.
FigureData_Dist_4m_nx_13_ny_07.mat
Elapsed time is 21.923704 seconds.
FigureData_Dist_4m_nx_13_ny_08.mat
Elapsed time is 22.775082 seconds.
FigureData_Dist_4m_nx_14_ny_01.mat
Elapsed time is 23.177745 seconds.
FigureData_Dist_4m_nx_14_ny_02.mat
Elapsed time is 22.833201 seconds.
FigureData_Dist_4m_nx_14_ny_03.mat
Elapsed time is 22.729703 seconds.
FigureData_Dist_4m_nx_14_ny_04.mat
Elapsed time is 22.895229 seconds.
FigureData_Dist_4m_nx_14_ny_05.mat
Elapsed time is 24.581955 seconds.
FigureData_Dist_4m_nx_14_ny_06.mat
Elapsed time is 23.367143 seconds.
FigureData_Dist_4m_nx_14_ny_07.mat
Elapsed time is 23.934953 seconds.
FigureData_Dist_4m_nx_14_ny_08.mat
Elapsed time is 24.877103 seconds.
FigureData_Dist_4m_nx_15_ny_01.mat
Elapsed time is 25.090341 seconds.
FigureData_Dist_4m_nx_15_ny_02.mat
Elapsed time is 24.759099 seconds.
FigureData_Dist_4m_nx_15_ny_03.mat
Elapsed time is 24.704227 seconds.
FigureData_Dist_4m_nx_15_ny_04.mat
Elapsed time is 25.023841 seconds.
FigureData_Dist_4m_nx_15_ny_05.mat
Elapsed time is 25.444748 seconds.
FigureData_Dist_4m_nx_15_ny_06.mat
Elapsed time is 25.577408 seconds.
FigureData_Dist_4m_nx_15_ny_07.mat
Elapsed time is 26.236679 seconds.
FigureData_Dist_4m_nx_15_ny_08.mat
Elapsed time is 27.136557 seconds.
FigureData_Dist_4m_nx_16_ny_01.mat
Elapsed time is 27.484337 seconds.
FigureData_Dist_4m_nx_16_ny_02.mat
Elapsed time is 27.132961 seconds.
FigureData_Dist_4m_nx_16_ny_03.mat
Elapsed time is 27.146159 seconds.
FigureData_Dist_4m_nx_16_ny_04.mat
Elapsed time is 27.494827 seconds.
FigureData_Dist_4m_nx_16_ny_05.mat
Elapsed time is 27.813292 seconds.
FigureData_Dist_4m_nx_16_ny_06.mat
Elapsed time is 28.094198 seconds.
FigureData_Dist_4m_nx_16_ny_07.mat
Elapsed time is 28.568650 seconds.
FigureData_Dist_4m_nx_16_ny_08.mat
Elapsed time is 29.441012 seconds.
FigureData_Dist_4m_nx_17_ny_01.mat
Elapsed time is 29.781602 seconds.
FigureData_Dist_4m_nx_17_ny_02.mat
Elapsed time is 29.344348 seconds.
FigureData_Dist_4m_nx_17_ny_03.mat
Elapsed time is 29.282413 seconds.
FigureData_Dist_4m_nx_17_ny_04.mat
Elapsed time is 29.538713 seconds.
FigureData_Dist_4m_nx_17_ny_05.mat
Elapsed time is 29.627140 seconds.
FigureData_Dist_4m_nx_17_ny_06.mat
Elapsed time is 30.008889 seconds.
FigureData_Dist_4m_nx_17_ny_07.mat
Elapsed time is 30.606672 seconds.
FigureData_Dist_4m_nx_17_ny_08.mat
Elapsed time is 31.561875 seconds.
FigureData_Dist_4m_nx_18_ny_01.mat
Elapsed time is 31.686719 seconds.
FigureData_Dist_4m_nx_18_ny_02.mat
Elapsed time is 31.340111 seconds.
FigureData_Dist_4m_nx_18_ny_03.mat
Elapsed time is 31.340664 seconds.
FigureData_Dist_4m_nx_18_ny_04.mat
Elapsed time is 31.400966 seconds.
FigureData_Dist_4m_nx_18_ny_05.mat
Elapsed time is 31.620630 seconds.
FigureData_Dist_4m_nx_18_ny_06.mat
Elapsed time is 31.986128 seconds.
FigureData_Dist_4m_nx_18_ny_07.mat
Elapsed time is 32.478048 seconds.
FigureData_Dist_4m_nx_18_ny_08.mat
Elapsed time is 33.398029 seconds.
FigureData_Dist_4m_nx_19_ny_01.mat
Elapsed time is 33.269858 seconds.
FigureData_Dist_4m_nx_19_ny_02.mat
Elapsed time is 32.846594 seconds.
FigureData_Dist_4m_nx_19_ny_03.mat
Elapsed time is 32.819614 seconds.
FigureData_Dist_4m_nx_19_ny_04.mat
Elapsed time is 33.161098 seconds.
FigureData_Dist_4m_nx_19_ny_05.mat
Elapsed time is 33.288088 seconds.
FigureData_Dist_4m_nx_19_ny_06.mat
Elapsed time is 33.345374 seconds.
FigureData_Dist_4m_nx_19_ny_07.mat
Elapsed time is 33.680425 seconds.
FigureData_Dist_4m_nx_19_ny_08.mat
Elapsed time is 34.807579 seconds.
FigureData_Dist_4m_nx_20_ny_01.mat
Elapsed time is 34.838024 seconds.
FigureData_Dist_4m_nx_20_ny_02.mat
Elapsed time is 34.381262 seconds.
FigureData_Dist_4m_nx_20_ny_03.mat
Elapsed time is 34.527638 seconds.
FigureData_Dist_4m_nx_20_ny_04.mat
Elapsed time is 34.628067 seconds.
FigureData_Dist_4m_nx_20_ny_05.mat
Elapsed time is 34.666522 seconds.
FigureData_Dist_4m_nx_20_ny_06.mat
Elapsed time is 34.861232 seconds.
FigureData_Dist_4m_nx_20_ny_07.mat
Elapsed time is 35.257772 seconds.
FigureData_Dist_4m_nx_20_ny_08.mat
Elapsed time is 35.976263 seconds.
FigureData_Dist_4m_nx_21_ny_01.mat
Elapsed time is 36.152038 seconds.
FigureData_Dist_4m_nx_21_ny_02.mat
Elapsed time is 35.869151 seconds.
FigureData_Dist_4m_nx_21_ny_03.mat
Elapsed time is 44.137435 seconds.
FigureData_Dist_4m_nx_21_ny_04.mat
Elapsed time is 36.150486 seconds.
FigureData_Dist_4m_nx_21_ny_05.mat
Elapsed time is 36.227484 seconds.
FigureData_Dist_4m_nx_21_ny_06.mat
Elapsed time is 44.051478 seconds.
FigureData_Dist_4m_nx_21_ny_07.mat
Elapsed time is 36.596146 seconds.
FigureData_Dist_4m_nx_21_ny_08.mat
Elapsed time is 37.237107 seconds.
FigureData_Dist_4m_nx_22_ny_01.mat
Elapsed time is 37.452849 seconds.
FigureData_Dist_4m_nx_22_ny_02.mat
Elapsed time is 37.265093 seconds.
FigureData_Dist_4m_nx_22_ny_03.mat
Elapsed time is 45.431512 seconds.
FigureData_Dist_4m_nx_22_ny_04.mat
Elapsed time is 37.434061 seconds.
FigureData_Dist_4m_nx_22_ny_05.mat
Elapsed time is 37.816267 seconds.
FigureData_Dist_4m_nx_22_ny_06.mat
Elapsed time is 45.545641 seconds.
FigureData_Dist_4m_nx_22_ny_07.mat
Elapsed time is 38.026452 seconds.
FigureData_Dist_4m_nx_22_ny_08.mat
Elapsed time is 38.603638 seconds.
FigureData_Dist_4m_nx_23_ny_01.mat
Elapsed time is 38.829765 seconds.
FigureData_Dist_4m_nx_23_ny_02.mat
Elapsed time is 38.554512 seconds.
FigureData_Dist_4m_nx_23_ny_03.mat
Elapsed time is 45.168482 seconds.
FigureData_Dist_4m_nx_23_ny_04.mat
Elapsed time is 45.151626 seconds.
FigureData_Dist_4m_nx_23_ny_05.mat
Elapsed time is 45.108659 seconds.
FigureData_Dist_4m_nx_23_ny_06.mat
Elapsed time is 45.068429 seconds.
FigureData_Dist_4m_nx_23_ny_07.mat
Elapsed time is 38.577903 seconds.
FigureData_Dist_4m_nx_23_ny_08.mat
Elapsed time is 42.287062 seconds.
FigureData_Dist_4m_nx_24_ny_01.mat
Elapsed time is 38.639052 seconds.
FigureData_Dist_4m_nx_24_ny_02.mat
Elapsed time is 38.530624 seconds.
FigureData_Dist_4m_nx_24_ny_03.mat
Elapsed time is 45.699463 seconds.
FigureData_Dist_4m_nx_24_ny_04.mat
Elapsed time is 45.544415 seconds.
FigureData_Dist_4m_nx_24_ny_05.mat
Elapsed time is 45.357352 seconds.
FigureData_Dist_4m_nx_24_ny_06.mat
Elapsed time is 45.385516 seconds.
FigureData_Dist_4m_nx_24_ny_07.mat
Elapsed time is 38.931777 seconds.
FigureData_Dist_4m_nx_24_ny_08.mat
Elapsed time is 39.495754 seconds.
FigureData_Dist_4m_nx_25_ny_01.mat
Elapsed time is 39.688094 seconds.
FigureData_Dist_4m_nx_25_ny_02.mat
Elapsed time is 39.641985 seconds.
FigureData_Dist_4m_nx_25_ny_03.mat
Elapsed time is 48.913626 seconds.
FigureData_Dist_4m_nx_25_ny_04.mat
Elapsed time is 48.545342 seconds.
FigureData_Dist_4m_nx_25_ny_05.mat
Elapsed time is 48.130905 seconds.
FigureData_Dist_4m_nx_25_ny_06.mat
Elapsed time is 46.995060 seconds.
FigureData_Dist_4m_nx_25_ny_07.mat
Elapsed time is 40.167008 seconds.
FigureData_Dist_4m_nx_25_ny_08.mat
Elapsed time is 40.661209 seconds.
Data Saved
