Tue Apr 30 09:06:50 EDT 2024
c24a-s25.ufhpc

fpath =

    '/blue/bala/krishnap.kalivel/COVID/Sou2Snk_v2/room_HT16/dist_8m/Data'


spath =

    '/blue/bala/krishnap.kalivel/COVID/Sou2Snk_v2/room_HT16/dist_8m/Data_02'


nx =

    25


ny =

     8


nz =

    25


dist =

     8

Source_nxi_001_nyi_001_nzi_001
Elapsed time is 0.304000 seconds.
Source_nxi_001_nyi_001_nzi_002
Elapsed time is 0.522949 seconds.
Source_nxi_001_nyi_001_nzi_003
Elapsed time is 1.562174 seconds.
Source_nxi_001_nyi_001_nzi_004
Elapsed time is 1.488277 seconds.
Source_nxi_001_nyi_001_nzi_005
Elapsed time is 2.267332 seconds.
Source_nxi_001_nyi_001_nzi_006
Elapsed time is 2.791403 seconds.
Source_nxi_001_nyi_001_nzi_007
Elapsed time is 2.333964 seconds.
Source_nxi_001_nyi_001_nzi_008
Elapsed time is 2.498763 seconds.
Source_nxi_001_nyi_001_nzi_009
Elapsed time is 2.725724 seconds.
Source_nxi_001_nyi_001_nzi_010
Elapsed time is 2.739427 seconds.
Source_nxi_001_nyi_001_nzi_011
Elapsed time is 2.870853 seconds.
Source_nxi_001_nyi_001_nzi_012
Elapsed time is 3.205492 seconds.
Source_nxi_001_nyi_001_nzi_013
Elapsed time is 4.047318 seconds.
Source_nxi_001_nyi_001_nzi_014
Elapsed time is 4.486641 seconds.
Source_nxi_001_nyi_001_nzi_015
Elapsed time is 5.329884 seconds.
Source_nxi_001_nyi_001_nzi_016
Elapsed time is 6.067478 seconds.
Source_nxi_001_nyi_001_nzi_017
Elapsed time is 7.278053 seconds.
Source_nxi_001_nyi_001_nzi_018
Elapsed time is 8.130305 seconds.
Source_nxi_001_nyi_001_nzi_019
Elapsed time is 9.687167 seconds.
Source_nxi_001_nyi_001_nzi_020
Elapsed time is 12.261559 seconds.
Source_nxi_001_nyi_001_nzi_021
Elapsed time is 13.835807 seconds.
Source_nxi_001_nyi_001_nzi_022
Elapsed time is 14.125966 seconds.
Source_nxi_001_nyi_001_nzi_023
Elapsed time is 14.300062 seconds.
Source_nxi_001_nyi_001_nzi_024
Elapsed time is 14.609588 seconds.
Source_nxi_001_nyi_001_nzi_025
Elapsed time is 14.186611 seconds.
Error using save
Unable to write file
'/blue/bala/krishnap.kalivel/COVID/Sou2Snk_v2/room_HT16/dist_8m/Data_02/FigureData_Dist_8m_nx_01_ny_01.mat'.

Error in compile_data_mean_it (line 61)

MATLAB:save:cantWriteFile
